Traceback (most recent call last):
  File "/opt/homebrew/Cellar/python@3.10/3.10.6_1/Frameworks/Python.framework/Versions/3.10/lib/py::1 - - [23/Jul/2025 07:12:40] "GET / HTTP/1.1" 200 -
::1 - - [23/Jul/2025 07:12:40] "GET /visual-script-editor.html HTTP/1.1" 200 -
::1 - - [23/Jul/2025 07:13:10] "GET / HTTP/1.1" 200 -
::1 - - [23/Jul/2025 07:13:10] "GET /visual-script-editor.html HTTP/1.1" 200 -
::1 - - [23/Jul/2025 07:13:40] "GET /visual-script-editor.html HTTP/1.1" 200 -
::1 - - [23/Jul/2025 07:13:40] "GET / HTTP/1.1" 200 -
::1 - - [23/Jul/2025 07:14:10] "GET /visual-script-editor.html HTTP/1.1" 200 -
::1 - - [23/Jul/2025 07:14:10] "GET / HTTP/1.1" 200 -
::1 - - [23/Jul/2025 07:14:40] "GET /visual-script-editor.html HTTP/1.1" 200 -
::1 - - [23/Jul/2025 07:14:40] "GET / HTTP/1.1" 200 -
::1 - - [23/Jul/2025 07:15:10] "GET /visual-script-editor.html HTTP/1.1" 200 -
::1 - - [23/Jul/2025 07:15:10] "GET / HTTP/1.1" 200 -
::1 - - [23/Jul/2025 07:15:40] "GET /visual-script-editor.html HTTP/1.1" 200 -
::1 - - [23/Jul/2025 07:15:40] "GET / HTTP/1.1" 200 -
::1 - - [23/Jul/2025 07:16:10] "GET / HTTP/1.1" 200 -
::1 - - [23/Jul/2025 07:16:10] "GET /visual-script-editor.html HTTP/1.1" 200 -
::1 - - [23/Jul/2025 07:16:40] "GET /visual-script-editor.html HTTP/1.1" 200 -
::1 - - [23/Jul/2025 07:16:40] "GET / HTTP/1.1" 200 -
::1 - - [23/Jul/2025 07:17:10] "GET /visual-script-editor.html HTTP/1.1" 200 -
::1 - - [23/Jul/2025 07:17:10] "GET / HTTP/1.1" 200 -
::1 - - [23/Jul/2025 07:17:37] "GET / HTTP/1.1" 200 -
s already in use
