[INFO] Scanning for projects...
[INFO] 
[INFO] ----------------< com.heroesoftimepoc:temporal-engine >-----------------
[INFO] Building Heroes of Time POC - Temporal Engine 0.0.1-SNAPSHOT
[INFO] --------------------------------[ jar ]---------------------------------
[INFO] 
[INFO] --- maven-clean-plugin:3.3.2:clean (default-clean) @ temporal-engine ---
[INFO] Deleting /Users/admin/HOT/Heroes-of-Time/backend/target
[INFO] 
[INFO] --- maven-resources-plugin:3.3.1:resources (default-resources) @ temporal-engine ---
[INFO] Copying 1 resource from src/main/resources to target/classes
[INFO] Copying 4 resources from src/main/resources to target/classes
[INFO] 
[INFO] --- maven-compiler-plugin:3.11.0:compile (default-compile) @ temporal-engine ---
[INFO] Changes detected - recompiling the module! :source
[INFO] Compiling 28 source files with javac [debug release 17] to target/classes
[INFO] /Users/admin/HOT/Heroes-of-Time/backend/src/main/java/com/heroesoftimepoc/temporalengine/service/AntlrTemporalScriptParser.java: /Users/admin/HOT/Heroes-of-Time/backend/src/main/java/com/heroesoftimepoc/temporalengine/service/AntlrTemporalScriptParser.java uses or overrides a deprecated API.
[INFO] /Users/admin/HOT/Heroes-of-Time/backend/src/main/java/com/heroesoftimepoc/temporalengine/service/AntlrTemporalScriptParser.java: Recompile with -Xlint:deprecation for details.
[INFO] /Users/admin/HOT/Heroes-of-Time/backend/src/main/java/com/heroesoftimepoc/temporalengine/service/TemporalEngineService.java: Some input files use unchecked or unsafe operations.
[INFO] /Users/admin/HOT/Heroes-of-Time/backend/src/main/java/com/heroesoftimepoc/temporalengine/service/TemporalEngineService.java: Recompile with -Xlint:unchecked for details.
[INFO] ------------------------------------------------------------------------
[INFO] BUILD SUCCESS
[INFO] ------------------------------------------------------------------------
[INFO] Total time:  1.927 s
[INFO] Finished at: 2025-07-18T17:13:29+02:00
[INFO] ------------------------------------------------------------------------
