[INFO] Scanning for projects...
[INFO] 
[INFO] ----------------< com.heroesoftimepoc:temporal-engine >-----------------
[INFO] Building Heroes of Time POC - Temporal Engine 0.0.1-SNAPSHOT
[INFO] --------------------------------[ jar ]---------------------------------
[INFO] 
[INFO] >>> spring-boot-maven-plugin:3.2.0:run (default-cli) > test-compile @ temporal-engine >>>
[INFO] 
[INFO] --- maven-resources-plugin:3.3.1:resources (default-resources) @ temporal-engine ---
[INFO] Copying 1 resource from src/main/resources to target/classes
[INFO] Copying 4 resources from src/main/resources to target/classes
[INFO] 
[INFO] --- maven-compiler-plugin:3.11.0:compile (default-compile) @ temporal-engine ---
[INFO] Nothing to compile - all classes are up to date
[INFO] 
[INFO] --- maven-resources-plugin:3.3.1:testResources (default-testResources) @ temporal-engine ---
[INFO] Copying 1 resource from src/test/resources to target/test-classes
[INFO] 
[INFO] --- maven-compiler-plugin:3.11.0:testCompile (default-testCompile) @ temporal-engine ---
[INFO] Nothing to compile - all classes are up to date
[INFO] 
[INFO] <<< spring-boot-maven-plugin:3.2.0:run (default-cli) < test-compile @ temporal-engine <<<
[INFO] 
[INFO] 
[INFO] --- spring-boot-maven-plugin:3.2.0:run (default-cli) @ temporal-engine ---
[INFO] Attaching agents: []

  .   ____          _            __ _ _
 /\\ / ___'_ __ _ _(_)_ __  __ _ \ \ \ \
( ( )\___ | '_ | '_| | '_ \/ _` | \ \ \ \
 \\/  ___)| |_)| | | | | || (_| |  ) ) ) )
  '  |____| .__|_| |_|_| |_\__, | / / / /
 =========|_|==============|___/=/_/_/_/
 :: Spring Boot ::                (v3.2.0)

2025-07-18T23:59:41.837+02:00  INFO 71288 --- [  restartedMain] c.h.t.TemporalEngineApplication          : Starting TemporalEngineApplication using Java 17.0.15 with PID 71288 (/Users/admin/HOT/Heroes-of-Time/backend/target/classes started by admin in /Users/admin/HOT/Heroes-of-Time/backend)
2025-07-18T23:59:41.838+02:00  INFO 71288 --- [  restartedMain] c.h.t.TemporalEngineApplication          : No active profile set, falling back to 1 default profile: "default"
2025-07-18T23:59:41.860+02:00  INFO 71288 --- [  restartedMain] .e.DevToolsPropertyDefaultsPostProcessor : Devtools property defaults active! Set 'spring.devtools.add-properties' to 'false' to disable
2025-07-18T23:59:41.860+02:00  INFO 71288 --- [  restartedMain] .e.DevToolsPropertyDefaultsPostProcessor : For additional web related logging consider setting the 'logging.level.web' property to 'DEBUG'
2025-07-18T23:59:42.143+02:00  INFO 71288 --- [  restartedMain] .s.d.r.c.RepositoryConfigurationDelegate : Bootstrapping Spring Data JPA repositories in DEFAULT mode.
2025-07-18T23:59:42.175+02:00  INFO 71288 --- [  restartedMain] .s.d.r.c.RepositoryConfigurationDelegate : Finished Spring Data repository scanning in 28 ms. Found 5 JPA repository interfaces.
2025-07-18T23:59:42.427+02:00  INFO 71288 --- [  restartedMain] o.s.b.w.embedded.tomcat.TomcatWebServer  : Tomcat initialized with port 8080 (http)
2025-07-18T23:59:42.432+02:00  INFO 71288 --- [  restartedMain] o.apache.catalina.core.StandardService   : Starting service [Tomcat]
2025-07-18T23:59:42.432+02:00  INFO 71288 --- [  restartedMain] o.apache.catalina.core.StandardEngine    : Starting Servlet engine: [Apache Tomcat/10.1.16]
2025-07-18T23:59:42.455+02:00  INFO 71288 --- [  restartedMain] o.a.c.c.C.[Tomcat].[localhost].[/]       : Initializing Spring embedded WebApplicationContext
2025-07-18T23:59:42.456+02:00  INFO 71288 --- [  restartedMain] w.s.c.ServletWebServerApplicationContext : Root WebApplicationContext: initialization completed in 595 ms
2025-07-18T23:59:42.463+02:00  INFO 71288 --- [  restartedMain] com.zaxxer.hikari.HikariDataSource       : HeroesOfTimePool - Starting...
2025-07-18T23:59:42.543+02:00  INFO 71288 --- [  restartedMain] com.zaxxer.hikari.pool.HikariPool        : HeroesOfTimePool - Added connection conn0: url=jdbc:h2:mem:heroesdb user=SA
2025-07-18T23:59:42.560+02:00  INFO 71288 --- [  restartedMain] com.zaxxer.hikari.HikariDataSource       : HeroesOfTimePool - Start completed.
2025-07-18T23:59:42.572+02:00  INFO 71288 --- [  restartedMain] o.s.b.a.h2.H2ConsoleAutoConfiguration    : H2 console available at '/h2-console'. Database available at 'jdbc:h2:mem:heroesdb'
2025-07-18T23:59:42.631+02:00  INFO 71288 --- [  restartedMain] o.hibernate.jpa.internal.util.LogHelper  : HHH000204: Processing PersistenceUnitInfo [name: default]
2025-07-18T23:59:42.657+02:00  INFO 71288 --- [  restartedMain] org.hibernate.Version                    : HHH000412: Hibernate ORM core version 6.3.1.Final
2025-07-18T23:59:42.671+02:00  INFO 71288 --- [  restartedMain] o.h.c.internal.RegionFactoryInitiator    : HHH000026: Second-level cache disabled
2025-07-18T23:59:42.772+02:00  INFO 71288 --- [  restartedMain] o.s.o.j.p.SpringPersistenceUnitInfo      : No LoadTimeWeaver setup: ignoring JPA class transformer
2025-07-18T23:59:42.793+02:00  WARN 71288 --- [  restartedMain] org.hibernate.orm.deprecation            : HHH90000025: H2Dialect does not need to be specified explicitly using 'hibernate.dialect' (remove the property setting and it will be selected by default)
2025-07-18T23:59:43.230+02:00  INFO 71288 --- [  restartedMain] o.h.e.t.j.p.i.JtaPlatformInitiator       : HHH000489: No JTA platform available (set 'hibernate.transaction.jta.platform' to enable JTA platform integration)
Hibernate: drop table if exists game_players cascade 
2025-07-18T23:59:43.236+02:00  INFO 71288 --- [  restartedMain] org.hibernate.orm.connections.access     : HHH10001501: Connection obtained from JdbcConnectionAccess [org.hibernate.engine.jdbc.env.internal.JdbcEnvironmentInitiator$ConnectionProviderJdbcConnectionAccess@21bb9828] for (non-JTA) DDL execution was not in auto-commit mode; the Connection 'local transaction' will be committed and the Connection will be set into auto-commit mode.
Hibernate: drop table if exists game_tiles cascade 
Hibernate: drop table if exists games cascade 
Hibernate: drop table if exists hero_inventory cascade 
Hibernate: drop table if exists heroes cascade 
Hibernate: drop table if exists psi_states cascade 
Hibernate: drop table if exists temporal_artifacts cascade 
Hibernate: drop table if exists tile_occupants cascade 
Hibernate: create table game_players (game_id bigint not null, player_id varchar(255))
2025-07-18T23:59:43.239+02:00  INFO 71288 --- [  restartedMain] org.hibernate.orm.connections.access     : HHH10001501: Connection obtained from JdbcConnectionAccess [org.hibernate.engine.jdbc.env.internal.JdbcEnvironmentInitiator$ConnectionProviderJdbcConnectionAccess@1d0fe86e] for (non-JTA) DDL execution was not in auto-commit mode; the Connection 'local transaction' will be committed and the Connection will be set into auto-commit mode.
Hibernate: create table game_tiles (defense_bonus integer, has_psi_states boolean, is_locked boolean, is_temporal_zone boolean, lock_duration integer, movement_cost integer, temporal_energy_bonus integer, x integer not null, y integer not null, game_id bigint, id bigint generated by default as identity, building_owner varchar(255), building_type varchar(255), temporal_zone_type varchar(255), terrain varchar(255), primary key (id))
Hibernate: create table games (current_turn integer, map_height integer, map_width integer, max_players integer, created_at timestamp(6), ended_at timestamp(6), id bigint generated by default as identity, started_at timestamp(6), current_player varchar(255), current_timeline varchar(255), game_name varchar(255) not null, status varchar(255) check (status in ('WAITING','ACTIVE','PAUSED','FINISHED','CANCELLED')), winner varchar(255), primary key (id))
Hibernate: create table hero_inventory (hero_id bigint not null, item varchar(255))
Hibernate: create table heroes (current_day integer, days_traveled integer, has_observation_ability boolean, health integer, max_health integer, max_movement_points integer, max_temporal_energy integer, movement_points integer, movement_points_per_day integer, observation_range integer, position_x integer, position_y integer, temporal_energy integer, vision_radius integer, game_id bigint, id bigint generated by default as identity, name varchar(255) not null, player_id varchar(255), status varchar(255) check (status in ('ACTIVE','TEMPORAL_SHIFT','QUANTUM_SUPERPOSITION','COLLAPSED','DEAD')), timeline_branch varchar(255), primary key (id))
Hibernate: create table psi_states (amplitude_imaginary float(53), amplitude_real float(53), delta_t integer, probability float(53), target_x integer, target_y integer, use_complex_amplitude boolean, created_at timestamp(6), game_id bigint, id bigint generated by default as identity, action_type varchar(255), branch_id varchar(255), collapse_trigger varchar(255), expression TEXT, owner_hero varchar(255), psi_id varchar(255) not null unique, status varchar(255) check (status in ('ACTIVE','COLLAPSED','TRIGGERED','EXPIRED')), primary key (id))
Hibernate: create table temporal_artifacts (effect_duration integer, effect_power integer, effect_radius integer, position_x integer, position_y integer, remaining_duration integer, temporal_energy_cost integer, activated_at timestamp(6), created_at timestamp(6), game_id bigint, id bigint generated by default as identity, artifact_id varchar(255) not null unique, description TEXT, name varchar(255) not null, owner_id varchar(255), status varchar(255) check (status in ('INACTIVE','ACTIVE','EXHAUSTED','DESTROYED','CHARGING')), type varchar(255) not null check (type in ('VEIL','ANCHOR_TOWER','WIGNER_EYE','TEMPORAL_SWORD','CHRONOS_SHIELD','QUANTUM_MIRROR','TEMPORAL_COMPASS','CAUSAL_DISRUPTOR')), primary key (id))
Hibernate: create table tile_occupants (tile_id bigint not null, occupant varchar(255))
Hibernate: alter table if exists game_players add constraint FKrbr2flqdav5ovyjas7q92u64r foreign key (game_id) references games
Hibernate: alter table if exists game_tiles add constraint FK9jnp7yfteauo45smvmxa8710m foreign key (game_id) references games
Hibernate: alter table if exists hero_inventory add constraint FKox21x0dd4fg7w81h3a8o6chu foreign key (hero_id) references heroes
Hibernate: alter table if exists heroes add constraint FKb88jgdc3dfmmhbnrpl6u5sjdn foreign key (game_id) references games
Hibernate: alter table if exists psi_states add constraint FK9kbp67wo94i0jk9w4v3ja4meq foreign key (game_id) references games
Hibernate: alter table if exists temporal_artifacts add constraint FK4gwvr3vnipo301cwl6hnvtyn1 foreign key (game_id) references games
Hibernate: alter table if exists tile_occupants add constraint FKia56skupqk3qxypotqpovr3gb foreign key (tile_id) references game_tiles
2025-07-18T23:59:43.258+02:00  INFO 71288 --- [  restartedMain] j.LocalContainerEntityManagerFactoryBean : Initialized JPA EntityManagerFactory for persistence unit 'default'
2025-07-18T23:59:43.428+02:00  INFO 71288 --- [  restartedMain] o.s.d.j.r.query.QueryEnhancerFactory     : Hibernate is in classpath; If applicable, HQL parser will be used.
2025-07-18T23:59:43.803+02:00  WARN 71288 --- [  restartedMain] JpaBaseConfiguration$JpaWebConfiguration : spring.jpa.open-in-view is enabled by default. Therefore, database queries may be performed during view rendering. Explicitly configure spring.jpa.open-in-view to disable this warning
2025-07-18T23:59:43.968+02:00  INFO 71288 --- [  restartedMain] o.s.b.d.a.OptionalLiveReloadServer       : LiveReload server is running on port 35729
2025-07-18T23:59:43.987+02:00  INFO 71288 --- [  restartedMain] o.s.b.w.embedded.tomcat.TomcatWebServer  : Tomcat started on port 8080 (http) with context path ''
2025-07-18T23:59:43.991+02:00  INFO 71288 --- [  restartedMain] c.h.t.TemporalEngineApplication          : Started TemporalEngineApplication in 2.297 seconds (process running for 2.464)
2025-07-19T00:00:19.894+02:00  INFO 71288 --- [nio-8080-exec-1] o.a.c.c.C.[Tomcat].[localhost].[/]       : Initializing Spring DispatcherServlet 'dispatcherServlet'
2025-07-19T00:00:19.895+02:00  INFO 71288 --- [nio-8080-exec-1] o.s.web.servlet.DispatcherServlet        : Initializing Servlet 'dispatcherServlet'
2025-07-19T00:00:19.897+02:00  INFO 71288 --- [nio-8080-exec-1] o.s.web.servlet.DispatcherServlet        : Completed initialization in 2 ms
Hibernate: select count(*) from games g1_0
Hibernate: select count(*) from games g1_0
Hibernate: select count(*) from psi_states ps1_0
Hibernate: select count(*) from heroes h1_0
Hibernate: select count(*) from games g1_0
Hibernate: select count(*) from psi_states ps1_0
Hibernate: select count(*) from heroes h1_0
Hibernate: insert into games (created_at,current_player,current_timeline,current_turn,ended_at,game_name,map_height,map_width,max_players,started_at,status,winner,id) values (?,?,?,?,?,?,?,?,?,?,?,?,default)
Hibernate: insert into game_players (game_id,player_id) values (?,?)
Hibernate: insert into games (created_at,current_player,current_timeline,current_turn,ended_at,game_name,map_height,map_width,max_players,started_at,status,winner,id) values (?,?,?,?,?,?,?,?,?,?,?,?,default)
Hibernate: insert into game_players (game_id,player_id) values (?,?)
Hibernate: select g1_0.id,g1_0.created_at,g1_0.current_player,g1_0.current_timeline,g1_0.current_turn,g1_0.ended_at,g1_0.game_name,g1_0.map_height,g1_0.map_width,g1_0.max_players,g1_0.started_at,g1_0.status,g1_0.winner from games g1_0 where g1_0.id=?
Hibernate: select p1_0.game_id,p1_0.player_id from game_players p1_0 where p1_0.game_id=?
Hibernate: update games set created_at=?,current_player=?,current_timeline=?,current_turn=?,ended_at=?,game_name=?,map_height=?,map_width=?,max_players=?,started_at=?,status=?,winner=? where id=?
Hibernate: insert into games (created_at,current_player,current_timeline,current_turn,ended_at,game_name,map_height,map_width,max_players,started_at,status,winner,id) values (?,?,?,?,?,?,?,?,?,?,?,?,default)
Hibernate: insert into game_players (game_id,player_id) values (?,?)
Hibernate: select g1_0.id,g1_0.created_at,g1_0.current_player,g1_0.current_timeline,g1_0.current_turn,g1_0.ended_at,g1_0.game_name,g1_0.map_height,g1_0.map_width,g1_0.max_players,g1_0.started_at,g1_0.status,g1_0.winner from games g1_0 where g1_0.id=?
Hibernate: insert into games (created_at,current_player,current_timeline,current_turn,ended_at,game_name,map_height,map_width,max_players,started_at,status,winner,id) values (?,?,?,?,?,?,?,?,?,?,?,?,default)
Hibernate: insert into game_players (game_id,player_id) values (?,?)
Hibernate: select g1_0.id,g1_0.created_at,g1_0.current_player,g1_0.current_timeline,g1_0.current_turn,g1_0.ended_at,g1_0.game_name,g1_0.map_height,g1_0.map_width,g1_0.max_players,g1_0.started_at,g1_0.status,g1_0.winner from games g1_0 where g1_0.id=?
Hibernate: insert into games (created_at,current_player,current_timeline,current_turn,ended_at,game_name,map_height,map_width,max_players,started_at,status,winner,id) values (?,?,?,?,?,?,?,?,?,?,?,?,default)
Hibernate: insert into game_players (game_id,player_id) values (?,?)
Hibernate: select g1_0.id,g1_0.created_at,g1_0.current_player,g1_0.current_timeline,g1_0.current_turn,g1_0.ended_at,g1_0.game_name,g1_0.map_height,g1_0.map_width,g1_0.max_players,g1_0.started_at,g1_0.status,g1_0.winner from games g1_0 where g1_0.id=?
Hibernate: insert into games (created_at,current_player,current_timeline,current_turn,ended_at,game_name,map_height,map_width,max_players,started_at,status,winner,id) values (?,?,?,?,?,?,?,?,?,?,?,?,default)
Hibernate: insert into game_players (game_id,player_id) values (?,?)
Hibernate: select g1_0.id,g1_0.created_at,g1_0.current_player,g1_0.current_timeline,g1_0.current_turn,g1_0.ended_at,g1_0.game_name,g1_0.map_height,g1_0.map_width,g1_0.max_players,g1_0.started_at,g1_0.status,g1_0.winner from games g1_0 where g1_0.id=?
2025-07-19T00:05:19.331+02:00  INFO 71288 --- [   File Watcher] rtingClassPathChangeChangedEventListener : Restarting due to 62 class path changes (0 additions, 0 deletions, 62 modifications)
2025-07-19T00:05:19.356+02:00  INFO 71288 --- [       Thread-5] j.LocalContainerEntityManagerFactoryBean : Closing JPA EntityManagerFactory for persistence unit 'default'
Hibernate: drop table if exists game_players cascade 
2025-07-19T00:05:19.361+02:00  INFO 71288 --- [       Thread-5] org.hibernate.orm.connections.access     : HHH10001501: Connection obtained from JdbcConnectionAccess [org.hibernate.engine.jdbc.env.internal.JdbcEnvironmentInitiator$ConnectionProviderJdbcConnectionAccess@11c843b3] for (non-JTA) DDL execution was not in auto-commit mode; the Connection 'local transaction' will be committed and the Connection will be set into auto-commit mode.
Hibernate: drop table if exists game_tiles cascade 
Hibernate: drop table if exists games cascade 
Hibernate: drop table if exists hero_inventory cascade 
Hibernate: drop table if exists heroes cascade 
Hibernate: drop table if exists psi_states cascade 
Hibernate: drop table if exists temporal_artifacts cascade 
Hibernate: drop table if exists tile_occupants cascade 
2025-07-19T00:05:19.374+02:00  INFO 71288 --- [       Thread-5] com.zaxxer.hikari.HikariDataSource       : HeroesOfTimePool - Shutdown initiated...
2025-07-19T00:05:19.377+02:00  INFO 71288 --- [       Thread-5] com.zaxxer.hikari.HikariDataSource       : HeroesOfTimePool - Shutdown completed.

  .   ____          _            __ _ _
 /\\ / ___'_ __ _ _(_)_ __  __ _ \ \ \ \
( ( )\___ | '_ | '_| | '_ \/ _` | \ \ \ \
 \\/  ___)| |_)| | | | | || (_| |  ) ) ) )
  '  |____| .__|_| |_|_| |_\__, | / / / /
 =========|_|==============|___/=/_/_/_/
 :: Spring Boot ::                (v3.2.0)

2025-07-19T00:05:19.455+02:00  INFO 71288 --- [  restartedMain] c.h.t.TemporalEngineApplication          : Starting TemporalEngineApplication using Java 17.0.15 with PID 71288 (/Users/admin/HOT/Heroes-of-Time/backend/target/classes started by admin in /Users/admin/HOT/Heroes-of-Time/backend)
2025-07-19T00:05:19.455+02:00  INFO 71288 --- [  restartedMain] c.h.t.TemporalEngineApplication          : No active profile set, falling back to 1 default profile: "default"
2025-07-19T00:05:20.189+02:00  INFO 71288 --- [  restartedMain] .s.d.r.c.RepositoryConfigurationDelegate : Bootstrapping Spring Data JPA repositories in DEFAULT mode.
2025-07-19T00:05:20.202+02:00  INFO 71288 --- [  restartedMain] .s.d.r.c.RepositoryConfigurationDelegate : Finished Spring Data repository scanning in 13 ms. Found 5 JPA repository interfaces.
2025-07-19T00:05:20.444+02:00  INFO 71288 --- [  restartedMain] o.s.b.w.embedded.tomcat.TomcatWebServer  : Tomcat initialized with port 8080 (http)
2025-07-19T00:05:20.445+02:00  INFO 71288 --- [  restartedMain] o.apache.catalina.core.StandardService   : Starting service [Tomcat]
2025-07-19T00:05:20.445+02:00  INFO 71288 --- [  restartedMain] o.apache.catalina.core.StandardEngine    : Starting Servlet engine: [Apache Tomcat/10.1.16]
2025-07-19T00:05:20.449+02:00  INFO 71288 --- [  restartedMain] o.a.c.c.C.[Tomcat].[localhost].[/]       : Initializing Spring embedded WebApplicationContext
2025-07-19T00:05:20.449+02:00  INFO 71288 --- [  restartedMain] w.s.c.ServletWebServerApplicationContext : Root WebApplicationContext: initialization completed in 993 ms
2025-07-19T00:05:20.451+02:00  INFO 71288 --- [  restartedMain] com.zaxxer.hikari.HikariDataSource       : HeroesOfTimePool - Starting...
2025-07-19T00:05:20.452+02:00  INFO 71288 --- [  restartedMain] com.zaxxer.hikari.pool.HikariPool        : HeroesOfTimePool - Added connection conn5: url=jdbc:h2:mem:heroesdb user=SA
2025-07-19T00:05:20.452+02:00  INFO 71288 --- [  restartedMain] com.zaxxer.hikari.HikariDataSource       : HeroesOfTimePool - Start completed.
2025-07-19T00:05:20.455+02:00  INFO 71288 --- [  restartedMain] o.s.b.a.h2.H2ConsoleAutoConfiguration    : H2 console available at '/h2-console'. Database available at 'jdbc:h2:mem:heroesdb'
2025-07-19T00:05:20.475+02:00  INFO 71288 --- [  restartedMain] o.hibernate.jpa.internal.util.LogHelper  : HHH000204: Processing PersistenceUnitInfo [name: default]
2025-07-19T00:05:20.477+02:00  INFO 71288 --- [  restartedMain] o.h.c.internal.RegionFactoryInitiator    : HHH000026: Second-level cache disabled
2025-07-19T00:05:20.479+02:00  INFO 71288 --- [  restartedMain] o.s.o.j.p.SpringPersistenceUnitInfo      : No LoadTimeWeaver setup: ignoring JPA class transformer
2025-07-19T00:05:20.479+02:00  WARN 71288 --- [  restartedMain] org.hibernate.orm.deprecation            : HHH90000025: H2Dialect does not need to be specified explicitly using 'hibernate.dialect' (remove the property setting and it will be selected by default)
2025-07-19T00:05:20.561+02:00  INFO 71288 --- [  restartedMain] o.h.e.t.j.p.i.JtaPlatformInitiator       : HHH000489: No JTA platform available (set 'hibernate.transaction.jta.platform' to enable JTA platform integration)
Hibernate: drop table if exists game_players cascade 
2025-07-19T00:05:20.561+02:00  INFO 71288 --- [  restartedMain] org.hibernate.orm.connections.access     : HHH10001501: Connection obtained from JdbcConnectionAccess [org.hibernate.engine.jdbc.env.internal.JdbcEnvironmentInitiator$ConnectionProviderJdbcConnectionAccess@32301e08] for (non-JTA) DDL execution was not in auto-commit mode; the Connection 'local transaction' will be committed and the Connection will be set into auto-commit mode.
Hibernate: drop table if exists game_tiles cascade 
Hibernate: drop table if exists games cascade 
Hibernate: drop table if exists hero_inventory cascade 
Hibernate: drop table if exists heroes cascade 
Hibernate: drop table if exists psi_states cascade 
Hibernate: drop table if exists temporal_artifacts cascade 
Hibernate: drop table if exists tile_occupants cascade 
Hibernate: create table game_players (game_id bigint not null, player_id varchar(255))
2025-07-19T00:05:20.562+02:00  INFO 71288 --- [  restartedMain] org.hibernate.orm.connections.access     : HHH10001501: Connection obtained from JdbcConnectionAccess [org.hibernate.engine.jdbc.env.internal.JdbcEnvironmentInitiator$ConnectionProviderJdbcConnectionAccess@29b1b97] for (non-JTA) DDL execution was not in auto-commit mode; the Connection 'local transaction' will be committed and the Connection will be set into auto-commit mode.
Hibernate: create table game_tiles (defense_bonus integer, has_psi_states boolean, is_locked boolean, is_temporal_zone boolean, lock_duration integer, movement_cost integer, temporal_energy_bonus integer, x integer not null, y integer not null, game_id bigint, id bigint generated by default as identity, building_owner varchar(255), building_type varchar(255), temporal_zone_type varchar(255), terrain varchar(255), primary key (id))
Hibernate: create table games (current_turn integer, map_height integer, map_width integer, max_players integer, created_at timestamp(6), ended_at timestamp(6), id bigint generated by default as identity, started_at timestamp(6), current_player varchar(255), current_timeline varchar(255), game_name varchar(255) not null, status varchar(255) check (status in ('WAITING','ACTIVE','PAUSED','FINISHED','CANCELLED')), winner varchar(255), primary key (id))
Hibernate: create table hero_inventory (hero_id bigint not null, item varchar(255))
Hibernate: create table heroes (current_day integer, days_traveled integer, has_observation_ability boolean, health integer, max_health integer, max_movement_points integer, max_temporal_energy integer, movement_points integer, movement_points_per_day integer, observation_range integer, position_x integer, position_y integer, temporal_energy integer, vision_radius integer, game_id bigint, id bigint generated by default as identity, name varchar(255) not null, player_id varchar(255), status varchar(255) check (status in ('ACTIVE','TEMPORAL_SHIFT','QUANTUM_SUPERPOSITION','COLLAPSED','DEAD')), timeline_branch varchar(255), primary key (id))
Hibernate: create table psi_states (amplitude_imaginary float(53), amplitude_real float(53), delta_t integer, probability float(53), target_x integer, target_y integer, use_complex_amplitude boolean, created_at timestamp(6), game_id bigint, id bigint generated by default as identity, action_type varchar(255), branch_id varchar(255), collapse_trigger varchar(255), expression TEXT, owner_hero varchar(255), psi_id varchar(255) not null unique, status varchar(255) check (status in ('ACTIVE','COLLAPSED','TRIGGERED','EXPIRED')), primary key (id))
Hibernate: create table temporal_artifacts (effect_duration integer, effect_power integer, effect_radius integer, position_x integer, position_y integer, remaining_duration integer, temporal_energy_cost integer, activated_at timestamp(6), created_at timestamp(6), game_id bigint, id bigint generated by default as identity, artifact_id varchar(255) not null unique, description TEXT, name varchar(255) not null, owner_id varchar(255), status varchar(255) check (status in ('INACTIVE','ACTIVE','EXHAUSTED','DESTROYED','CHARGING')), type varchar(255) not null check (type in ('VEIL','ANCHOR_TOWER','WIGNER_EYE','TEMPORAL_SWORD','CHRONOS_SHIELD','QUANTUM_MIRROR','TEMPORAL_COMPASS','CAUSAL_DISRUPTOR')), primary key (id))
Hibernate: create table tile_occupants (tile_id bigint not null, occupant varchar(255))
Hibernate: alter table if exists game_players add constraint FKrbr2flqdav5ovyjas7q92u64r foreign key (game_id) references games
Hibernate: alter table if exists game_tiles add constraint FK9jnp7yfteauo45smvmxa8710m foreign key (game_id) references games
Hibernate: alter table if exists hero_inventory add constraint FKox21x0dd4fg7w81h3a8o6chu foreign key (hero_id) references heroes
Hibernate: alter table if exists heroes add constraint FKb88jgdc3dfmmhbnrpl6u5sjdn foreign key (game_id) references games
Hibernate: alter table if exists psi_states add constraint FK9kbp67wo94i0jk9w4v3ja4meq foreign key (game_id) references games
Hibernate: alter table if exists temporal_artifacts add constraint FK4gwvr3vnipo301cwl6hnvtyn1 foreign key (game_id) references games
Hibernate: alter table if exists tile_occupants add constraint FKia56skupqk3qxypotqpovr3gb foreign key (tile_id) references game_tiles
2025-07-19T00:05:20.569+02:00  INFO 71288 --- [  restartedMain] j.LocalContainerEntityManagerFactoryBean : Initialized JPA EntityManagerFactory for persistence unit 'default'
2025-07-19T00:05:20.771+02:00  WARN 71288 --- [  restartedMain] ConfigServletWebServerApplicationContext : Exception encountered during context initialization - cancelling refresh attempt: org.springframework.beans.factory.BeanCreationException: Error creating bean with name 'temporalEngineController' defined in file [/Users/admin/HOT/Heroes-of-Time/backend/target/classes/com/heroesoftimepoc/temporalengine/controller/TemporalEngineController.class]: Failed to instantiate [com.heroesoftimepoc.temporalengine.controller.TemporalEngineController]: Constructor threw exception
2025-07-19T00:05:20.771+02:00  INFO 71288 --- [  restartedMain] j.LocalContainerEntityManagerFactoryBean : Closing JPA EntityManagerFactory for persistence unit 'default'
Hibernate: drop table if exists game_players cascade 
2025-07-19T00:05:20.771+02:00  INFO 71288 --- [  restartedMain] org.hibernate.orm.connections.access     : HHH10001501: Connection obtained from JdbcConnectionAccess [org.hibernate.engine.jdbc.env.internal.JdbcEnvironmentInitiator$ConnectionProviderJdbcConnectionAccess@560856eb] for (non-JTA) DDL execution was not in auto-commit mode; the Connection 'local transaction' will be committed and the Connection will be set into auto-commit mode.
Hibernate: drop table if exists game_tiles cascade 
Hibernate: drop table if exists games cascade 
Hibernate: drop table if exists hero_inventory cascade 
Hibernate: drop table if exists heroes cascade 
Hibernate: drop table if exists psi_states cascade 
Hibernate: drop table if exists temporal_artifacts cascade 
Hibernate: drop table if exists tile_occupants cascade 
2025-07-19T00:05:20.773+02:00  INFO 71288 --- [  restartedMain] com.zaxxer.hikari.HikariDataSource       : HeroesOfTimePool - Shutdown initiated...
2025-07-19T00:05:20.774+02:00  INFO 71288 --- [  restartedMain] com.zaxxer.hikari.HikariDataSource       : HeroesOfTimePool - Shutdown completed.
2025-07-19T00:05:20.774+02:00  INFO 71288 --- [  restartedMain] o.apache.catalina.core.StandardService   : Stopping service [Tomcat]
2025-07-19T00:05:20.779+02:00  INFO 71288 --- [  restartedMain] .s.b.a.l.ConditionEvaluationReportLogger : 

Error starting ApplicationContext. To display the condition evaluation report re-run your application with 'debug' enabled.
2025-07-19T00:05:20.786+02:00 ERROR 71288 --- [  restartedMain] o.s.boot.SpringApplication               : Application run failed

org.springframework.beans.factory.BeanCreationException: Error creating bean with name 'temporalEngineController' defined in file [/Users/admin/HOT/Heroes-of-Time/backend/target/classes/com/heroesoftimepoc/temporalengine/controller/TemporalEngineController.class]: Failed to instantiate [com.heroesoftimepoc.temporalengine.controller.TemporalEngineController]: Constructor threw exception
	at org.springframework.beans.factory.support.AbstractAutowireCapableBeanFactory.instantiateBean(AbstractAutowireCapableBeanFactory.java:1318) ~[spring-beans-6.1.1.jar:6.1.1]
	at org.springframework.beans.factory.support.AbstractAutowireCapableBeanFactory.createBeanInstance(AbstractAutowireCapableBeanFactory.java:1203) ~[spring-beans-6.1.1.jar:6.1.1]
	at org.springframework.beans.factory.support.AbstractAutowireCapableBeanFactory.doCreateBean(AbstractAutowireCapableBeanFactory.java:563) ~[spring-beans-6.1.1.jar:6.1.1]
	at org.springframework.beans.factory.support.AbstractAutowireCapableBeanFactory.createBean(AbstractAutowireCapableBeanFactory.java:523) ~[spring-beans-6.1.1.jar:6.1.1]
	at org.springframework.beans.factory.support.AbstractBeanFactory.lambda$doGetBean$0(AbstractBeanFactory.java:325) ~[spring-beans-6.1.1.jar:6.1.1]
	at org.springframework.beans.factory.support.DefaultSingletonBeanRegistry.getSingleton(DefaultSingletonBeanRegistry.java:234) ~[spring-beans-6.1.1.jar:6.1.1]
	at org.springframework.beans.factory.support.AbstractBeanFactory.doGetBean(AbstractBeanFactory.java:323) ~[spring-beans-6.1.1.jar:6.1.1]
	at org.springframework.beans.factory.support.AbstractBeanFactory.getBean(AbstractBeanFactory.java:199) ~[spring-beans-6.1.1.jar:6.1.1]
	at org.springframework.beans.factory.support.DefaultListableBeanFactory.preInstantiateSingletons(DefaultListableBeanFactory.java:973) ~[spring-beans-6.1.1.jar:6.1.1]
	at org.springframework.context.support.AbstractApplicationContext.finishBeanFactoryInitialization(AbstractApplicationContext.java:946) ~[spring-context-6.1.1.jar:6.1.1]
	at org.springframework.context.support.AbstractApplicationContext.refresh(AbstractApplicationContext.java:616) ~[spring-context-6.1.1.jar:6.1.1]
	at org.springframework.boot.web.servlet.context.ServletWebServerApplicationContext.refresh(ServletWebServerApplicationContext.java:146) ~[spring-boot-3.2.0.jar:3.2.0]
	at org.springframework.boot.SpringApplication.refresh(SpringApplication.java:753) ~[spring-boot-3.2.0.jar:3.2.0]
	at org.springframework.boot.SpringApplication.refreshContext(SpringApplication.java:455) ~[spring-boot-3.2.0.jar:3.2.0]
	at org.springframework.boot.SpringApplication.run(SpringApplication.java:323) ~[spring-boot-3.2.0.jar:3.2.0]
	at org.springframework.boot.SpringApplication.run(SpringApplication.java:1342) ~[spring-boot-3.2.0.jar:3.2.0]
	at org.springframework.boot.SpringApplication.run(SpringApplication.java:1331) ~[spring-boot-3.2.0.jar:3.2.0]
	at com.heroesoftimepoc.temporalengine.TemporalEngineApplication.main(TemporalEngineApplication.java:9) ~[classes/:na]
	at java.base/jdk.internal.reflect.NativeMethodAccessorImpl.invoke0(Native Method) ~[na:na]
	at java.base/jdk.internal.reflect.NativeMethodAccessorImpl.invoke(NativeMethodAccessorImpl.java:77) ~[na:na]
	at java.base/jdk.internal.reflect.DelegatingMethodAccessorImpl.invoke(DelegatingMethodAccessorImpl.java:43) ~[na:na]
	at java.base/java.lang.reflect.Method.invoke(Method.java:569) ~[na:na]
	at org.springframework.boot.devtools.restart.RestartLauncher.run(RestartLauncher.java:50) ~[spring-boot-devtools-3.2.0.jar:3.2.0]
Caused by: org.springframework.beans.BeanInstantiationException: Failed to instantiate [com.heroesoftimepoc.temporalengine.controller.TemporalEngineController]: Constructor threw exception
	at org.springframework.beans.BeanUtils.instantiateClass(BeanUtils.java:223) ~[spring-beans-6.1.1.jar:6.1.1]
	at org.springframework.beans.factory.support.SimpleInstantiationStrategy.instantiate(SimpleInstantiationStrategy.java:88) ~[spring-beans-6.1.1.jar:6.1.1]
	at org.springframework.beans.factory.support.AbstractAutowireCapableBeanFactory.instantiateBean(AbstractAutowireCapableBeanFactory.java:1312) ~[spring-beans-6.1.1.jar:6.1.1]
	... 22 common frames omitted
Caused by: java.lang.Error: Unresolved compilation problems: 
	The import com.heroesoftimepoc.temporalengine.service.TemporalCacheService cannot be resolved
	The import com.heroesoftimepoc.temporalengine.service.ObservationTriggerService cannot be resolved
	TemporalCacheService cannot be resolved to a type
	ObservationTriggerService cannot be resolved to a type
	TemporalCacheService cannot be resolved to a type
	TemporalCacheService cannot be resolved to a type
	TemporalCacheService cannot be resolved to a type
	ObservationTriggerService cannot be resolved to a type
	ObservationTriggerService cannot be resolved to a type
	ObservationTriggerService cannot be resolved to a type
	ObservationTriggerService cannot be resolved to a type
	ObservationTriggerService cannot be resolved to a type
	TemporalCacheService cannot be resolved to a type
	TemporalCacheService cannot be resolved to a type
	ObservationTriggerService cannot be resolved to a type
	TemporalCacheService cannot be resolved to a type
	TemporalCacheService cannot be resolved to a type
	TemporalCacheService cannot be resolved to a type

	at com.heroesoftimepoc.temporalengine.controller.TemporalEngineController.<init>(TemporalEngineController.java:12) ~[classes/:na]
	at java.base/jdk.internal.reflect.NativeConstructorAccessorImpl.newInstance0(Native Method) ~[na:na]
	at java.base/jdk.internal.reflect.NativeConstructorAccessorImpl.newInstance(NativeConstructorAccessorImpl.java:77) ~[na:na]
	at java.base/jdk.internal.reflect.DelegatingConstructorAccessorImpl.newInstance(DelegatingConstructorAccessorImpl.java:45) ~[na:na]
	at java.base/java.lang.reflect.Constructor.newInstanceWithCaller(Constructor.java:500) ~[na:na]
	at java.base/java.lang.reflect.Constructor.newInstance(Constructor.java:481) ~[na:na]
	at org.springframework.beans.BeanUtils.instantiateClass(BeanUtils.java:197) ~[spring-beans-6.1.1.jar:6.1.1]
	... 24 common frames omitted


  .   ____          _            __ _ _
 /\\ / ___'_ __ _ _(_)_ __  __ _ \ \ \ \
( ( )\___ | '_ | '_| | '_ \/ _` | \ \ \ \
 \\/  ___)| |_)| | | | | || (_| |  ) ) ) )
  '  |____| .__|_| |_|_| |_\__, | / / / /
 =========|_|==============|___/=/_/_/_/
 :: Spring Boot ::                (v3.2.0)

2025-07-19T00:06:19.312+02:00  INFO 71288 --- [  restartedMain] c.h.t.TemporalEngineApplication          : Starting TemporalEngineApplication using Java 17.0.15 with PID 71288 (/Users/admin/HOT/Heroes-of-Time/backend/target/classes started by admin in /Users/admin/HOT/Heroes-of-Time/backend)
2025-07-19T00:06:19.312+02:00  INFO 71288 --- [  restartedMain] c.h.t.TemporalEngineApplication          : No active profile set, falling back to 1 default profile: "default"
2025-07-19T00:06:19.502+02:00  INFO 71288 --- [  restartedMain] .s.d.r.c.RepositoryConfigurationDelegate : Bootstrapping Spring Data JPA repositories in DEFAULT mode.
2025-07-19T00:06:19.515+02:00  INFO 71288 --- [  restartedMain] .s.d.r.c.RepositoryConfigurationDelegate : Finished Spring Data repository scanning in 13 ms. Found 5 JPA repository interfaces.
2025-07-19T00:06:19.576+02:00  INFO 71288 --- [  restartedMain] o.s.b.w.embedded.tomcat.TomcatWebServer  : Tomcat initialized with port 8080 (http)
2025-07-19T00:06:19.578+02:00  INFO 71288 --- [  restartedMain] o.apache.catalina.core.StandardService   : Starting service [Tomcat]
2025-07-19T00:06:19.578+02:00  INFO 71288 --- [  restartedMain] o.apache.catalina.core.StandardEngine    : Starting Servlet engine: [Apache Tomcat/10.1.16]
2025-07-19T00:06:19.583+02:00  INFO 71288 --- [  restartedMain] o.a.c.c.C.[Tomcat-1].[localhost].[/]     : Initializing Spring embedded WebApplicationContext
2025-07-19T00:06:19.583+02:00  INFO 71288 --- [  restartedMain] w.s.c.ServletWebServerApplicationContext : Root WebApplicationContext: initialization completed in 269 ms
2025-07-19T00:06:19.585+02:00  INFO 71288 --- [  restartedMain] com.zaxxer.hikari.HikariDataSource       : HeroesOfTimePool - Starting...
2025-07-19T00:06:19.586+02:00  INFO 71288 --- [  restartedMain] com.zaxxer.hikari.pool.HikariPool        : HeroesOfTimePool - Added connection conn10: url=jdbc:h2:mem:heroesdb user=SA
2025-07-19T00:06:19.586+02:00  INFO 71288 --- [  restartedMain] com.zaxxer.hikari.HikariDataSource       : HeroesOfTimePool - Start completed.
2025-07-19T00:06:19.590+02:00  INFO 71288 --- [  restartedMain] o.s.b.a.h2.H2ConsoleAutoConfiguration    : H2 console available at '/h2-console'. Database available at 'jdbc:h2:mem:heroesdb'
2025-07-19T00:06:19.607+02:00  INFO 71288 --- [  restartedMain] o.hibernate.jpa.internal.util.LogHelper  : HHH000204: Processing PersistenceUnitInfo [name: default]
2025-07-19T00:06:19.609+02:00  INFO 71288 --- [  restartedMain] o.h.c.internal.RegionFactoryInitiator    : HHH000026: Second-level cache disabled
2025-07-19T00:06:19.611+02:00  INFO 71288 --- [  restartedMain] o.s.o.j.p.SpringPersistenceUnitInfo      : No LoadTimeWeaver setup: ignoring JPA class transformer
2025-07-19T00:06:19.612+02:00  WARN 71288 --- [  restartedMain] org.hibernate.orm.deprecation            : HHH90000025: H2Dialect does not need to be specified explicitly using 'hibernate.dialect' (remove the property setting and it will be selected by default)
2025-07-19T00:06:19.685+02:00  INFO 71288 --- [  restartedMain] o.h.e.t.j.p.i.JtaPlatformInitiator       : HHH000489: No JTA platform available (set 'hibernate.transaction.jta.platform' to enable JTA platform integration)
Hibernate: drop table if exists game_players cascade 
2025-07-19T00:06:19.686+02:00  INFO 71288 --- [  restartedMain] org.hibernate.orm.connections.access     : HHH10001501: Connection obtained from JdbcConnectionAccess [org.hibernate.engine.jdbc.env.internal.JdbcEnvironmentInitiator$ConnectionProviderJdbcConnectionAccess@148b017e] for (non-JTA) DDL execution was not in auto-commit mode; the Connection 'local transaction' will be committed and the Connection will be set into auto-commit mode.
Hibernate: drop table if exists game_tiles cascade 
Hibernate: drop table if exists games cascade 
Hibernate: drop table if exists hero_inventory cascade 
Hibernate: drop table if exists heroes cascade 
Hibernate: drop table if exists psi_states cascade 
Hibernate: drop table if exists temporal_artifacts cascade 
Hibernate: drop table if exists tile_occupants cascade 
Hibernate: create table game_players (game_id bigint not null, player_id varchar(255))
2025-07-19T00:06:19.686+02:00  INFO 71288 --- [  restartedMain] org.hibernate.orm.connections.access     : HHH10001501: Connection obtained from JdbcConnectionAccess [org.hibernate.engine.jdbc.env.internal.JdbcEnvironmentInitiator$ConnectionProviderJdbcConnectionAccess@152a2420] for (non-JTA) DDL execution was not in auto-commit mode; the Connection 'local transaction' will be committed and the Connection will be set into auto-commit mode.
Hibernate: create table game_tiles (defense_bonus integer, has_psi_states boolean, is_locked boolean, is_temporal_zone boolean, lock_duration integer, movement_cost integer, temporal_energy_bonus integer, x integer not null, y integer not null, game_id bigint, id bigint generated by default as identity, building_owner varchar(255), building_type varchar(255), temporal_zone_type varchar(255), terrain varchar(255), primary key (id))
Hibernate: create table games (current_turn integer, map_height integer, map_width integer, max_players integer, created_at timestamp(6), ended_at timestamp(6), id bigint generated by default as identity, started_at timestamp(6), current_player varchar(255), current_timeline varchar(255), game_name varchar(255) not null, status varchar(255) check (status in ('WAITING','ACTIVE','PAUSED','FINISHED','CANCELLED')), winner varchar(255), primary key (id))
Hibernate: create table hero_inventory (hero_id bigint not null, item varchar(255))
Hibernate: create table heroes (current_day integer, days_traveled integer, has_observation_ability boolean, health integer, max_health integer, max_movement_points integer, max_temporal_energy integer, movement_points integer, movement_points_per_day integer, observation_range integer, position_x integer, position_y integer, temporal_energy integer, vision_radius integer, game_id bigint, id bigint generated by default as identity, name varchar(255) not null, player_id varchar(255), status varchar(255) check (status in ('ACTIVE','TEMPORAL_SHIFT','QUANTUM_SUPERPOSITION','COLLAPSED','DEAD')), timeline_branch varchar(255), primary key (id))
Hibernate: create table psi_states (amplitude_imaginary float(53), amplitude_real float(53), delta_t integer, probability float(53), target_x integer, target_y integer, use_complex_amplitude boolean, created_at timestamp(6), game_id bigint, id bigint generated by default as identity, action_type varchar(255), branch_id varchar(255), collapse_trigger varchar(255), expression TEXT, owner_hero varchar(255), psi_id varchar(255) not null unique, status varchar(255) check (status in ('ACTIVE','COLLAPSED','TRIGGERED','EXPIRED')), primary key (id))
Hibernate: create table temporal_artifacts (effect_duration integer, effect_power integer, effect_radius integer, position_x integer, position_y integer, remaining_duration integer, temporal_energy_cost integer, activated_at timestamp(6), created_at timestamp(6), game_id bigint, id bigint generated by default as identity, artifact_id varchar(255) not null unique, description TEXT, name varchar(255) not null, owner_id varchar(255), status varchar(255) check (status in ('INACTIVE','ACTIVE','EXHAUSTED','DESTROYED','CHARGING')), type varchar(255) not null check (type in ('VEIL','ANCHOR_TOWER','WIGNER_EYE','TEMPORAL_SWORD','CHRONOS_SHIELD','QUANTUM_MIRROR','TEMPORAL_COMPASS','CAUSAL_DISRUPTOR')), primary key (id))
Hibernate: create table tile_occupants (tile_id bigint not null, occupant varchar(255))
Hibernate: alter table if exists game_players add constraint FKrbr2flqdav5ovyjas7q92u64r foreign key (game_id) references games
Hibernate: alter table if exists game_tiles add constraint FK9jnp7yfteauo45smvmxa8710m foreign key (game_id) references games
Hibernate: alter table if exists hero_inventory add constraint FKox21x0dd4fg7w81h3a8o6chu foreign key (hero_id) references heroes
Hibernate: alter table if exists heroes add constraint FKb88jgdc3dfmmhbnrpl6u5sjdn foreign key (game_id) references games
Hibernate: alter table if exists psi_states add constraint FK9kbp67wo94i0jk9w4v3ja4meq foreign key (game_id) references games
Hibernate: alter table if exists temporal_artifacts add constraint FK4gwvr3vnipo301cwl6hnvtyn1 foreign key (game_id) references games
Hibernate: alter table if exists tile_occupants add constraint FKia56skupqk3qxypotqpovr3gb foreign key (tile_id) references game_tiles
2025-07-19T00:06:19.694+02:00  INFO 71288 --- [  restartedMain] j.LocalContainerEntityManagerFactoryBean : Initialized JPA EntityManagerFactory for persistence unit 'default'
2025-07-19T00:06:19.950+02:00  WARN 71288 --- [  restartedMain] ConfigServletWebServerApplicationContext : Exception encountered during context initialization - cancelling refresh attempt: org.springframework.beans.factory.BeanCreationException: Error creating bean with name 'temporalEngineController' defined in file [/Users/admin/HOT/Heroes-of-Time/backend/target/classes/com/heroesoftimepoc/temporalengine/controller/TemporalEngineController.class]: Failed to instantiate [com.heroesoftimepoc.temporalengine.controller.TemporalEngineController]: Constructor threw exception
2025-07-19T00:06:19.951+02:00  INFO 71288 --- [  restartedMain] j.LocalContainerEntityManagerFactoryBean : Closing JPA EntityManagerFactory for persistence unit 'default'
Hibernate: drop table if exists game_players cascade 
2025-07-19T00:06:19.951+02:00  INFO 71288 --- [  restartedMain] org.hibernate.orm.connections.access     : HHH10001501: Connection obtained from JdbcConnectionAccess [org.hibernate.engine.jdbc.env.internal.JdbcEnvironmentInitiator$ConnectionProviderJdbcConnectionAccess@4442c16f] for (non-JTA) DDL execution was not in auto-commit mode; the Connection 'local transaction' will be committed and the Connection will be set into auto-commit mode.
Hibernate: drop table if exists game_tiles cascade 
Hibernate: drop table if exists games cascade 
Hibernate: drop table if exists hero_inventory cascade 
Hibernate: drop table if exists heroes cascade 
Hibernate: drop table if exists psi_states cascade 
Hibernate: drop table if exists temporal_artifacts cascade 
Hibernate: drop table if exists tile_occupants cascade 
2025-07-19T00:06:19.952+02:00  INFO 71288 --- [  restartedMain] com.zaxxer.hikari.HikariDataSource       : HeroesOfTimePool - Shutdown initiated...
2025-07-19T00:06:19.953+02:00  INFO 71288 --- [  restartedMain] com.zaxxer.hikari.HikariDataSource       : HeroesOfTimePool - Shutdown completed.
2025-07-19T00:06:19.953+02:00  INFO 71288 --- [  restartedMain] o.apache.catalina.core.StandardService   : Stopping service [Tomcat]
2025-07-19T00:06:19.956+02:00  INFO 71288 --- [  restartedMain] .s.b.a.l.ConditionEvaluationReportLogger : 

Error starting ApplicationContext. To display the condition evaluation report re-run your application with 'debug' enabled.
2025-07-19T00:06:19.957+02:00 ERROR 71288 --- [  restartedMain] o.s.boot.SpringApplication               : Application run failed

org.springframework.beans.factory.BeanCreationException: Error creating bean with name 'temporalEngineController' defined in file [/Users/admin/HOT/Heroes-of-Time/backend/target/classes/com/heroesoftimepoc/temporalengine/controller/TemporalEngineController.class]: Failed to instantiate [com.heroesoftimepoc.temporalengine.controller.TemporalEngineController]: Constructor threw exception
	at org.springframework.beans.factory.support.AbstractAutowireCapableBeanFactory.instantiateBean(AbstractAutowireCapableBeanFactory.java:1318) ~[spring-beans-6.1.1.jar:6.1.1]
	at org.springframework.beans.factory.support.AbstractAutowireCapableBeanFactory.createBeanInstance(AbstractAutowireCapableBeanFactory.java:1203) ~[spring-beans-6.1.1.jar:6.1.1]
	at org.springframework.beans.factory.support.AbstractAutowireCapableBeanFactory.doCreateBean(AbstractAutowireCapableBeanFactory.java:563) ~[spring-beans-6.1.1.jar:6.1.1]
	at org.springframework.beans.factory.support.AbstractAutowireCapableBeanFactory.createBean(AbstractAutowireCapableBeanFactory.java:523) ~[spring-beans-6.1.1.jar:6.1.1]
	at org.springframework.beans.factory.support.AbstractBeanFactory.lambda$doGetBean$0(AbstractBeanFactory.java:325) ~[spring-beans-6.1.1.jar:6.1.1]
	at org.springframework.beans.factory.support.DefaultSingletonBeanRegistry.getSingleton(DefaultSingletonBeanRegistry.java:234) ~[spring-beans-6.1.1.jar:6.1.1]
	at org.springframework.beans.factory.support.AbstractBeanFactory.doGetBean(AbstractBeanFactory.java:323) ~[spring-beans-6.1.1.jar:6.1.1]
	at org.springframework.beans.factory.support.AbstractBeanFactory.getBean(AbstractBeanFactory.java:199) ~[spring-beans-6.1.1.jar:6.1.1]
	at org.springframework.beans.factory.support.DefaultListableBeanFactory.preInstantiateSingletons(DefaultListableBeanFactory.java:973) ~[spring-beans-6.1.1.jar:6.1.1]
	at org.springframework.context.support.AbstractApplicationContext.finishBeanFactoryInitialization(AbstractApplicationContext.java:946) ~[spring-context-6.1.1.jar:6.1.1]
	at org.springframework.context.support.AbstractApplicationContext.refresh(AbstractApplicationContext.java:616) ~[spring-context-6.1.1.jar:6.1.1]
	at org.springframework.boot.web.servlet.context.ServletWebServerApplicationContext.refresh(ServletWebServerApplicationContext.java:146) ~[spring-boot-3.2.0.jar:3.2.0]
	at org.springframework.boot.SpringApplication.refresh(SpringApplication.java:753) ~[spring-boot-3.2.0.jar:3.2.0]
	at org.springframework.boot.SpringApplication.refreshContext(SpringApplication.java:455) ~[spring-boot-3.2.0.jar:3.2.0]
	at org.springframework.boot.SpringApplication.run(SpringApplication.java:323) ~[spring-boot-3.2.0.jar:3.2.0]
	at org.springframework.boot.SpringApplication.run(SpringApplication.java:1342) ~[spring-boot-3.2.0.jar:3.2.0]
	at org.springframework.boot.SpringApplication.run(SpringApplication.java:1331) ~[spring-boot-3.2.0.jar:3.2.0]
	at com.heroesoftimepoc.temporalengine.TemporalEngineApplication.main(TemporalEngineApplication.java:9) ~[classes/:na]
	at java.base/jdk.internal.reflect.NativeMethodAccessorImpl.invoke0(Native Method) ~[na:na]
	at java.base/jdk.internal.reflect.NativeMethodAccessorImpl.invoke(NativeMethodAccessorImpl.java:77) ~[na:na]
	at java.base/jdk.internal.reflect.DelegatingMethodAccessorImpl.invoke(DelegatingMethodAccessorImpl.java:43) ~[na:na]
	at java.base/java.lang.reflect.Method.invoke(Method.java:569) ~[na:na]
	at org.springframework.boot.devtools.restart.RestartLauncher.run(RestartLauncher.java:50) ~[spring-boot-devtools-3.2.0.jar:3.2.0]
Caused by: org.springframework.beans.BeanInstantiationException: Failed to instantiate [com.heroesoftimepoc.temporalengine.controller.TemporalEngineController]: Constructor threw exception
	at org.springframework.beans.BeanUtils.instantiateClass(BeanUtils.java:223) ~[spring-beans-6.1.1.jar:6.1.1]
	at org.springframework.beans.factory.support.SimpleInstantiationStrategy.instantiate(SimpleInstantiationStrategy.java:88) ~[spring-beans-6.1.1.jar:6.1.1]
	at org.springframework.beans.factory.support.AbstractAutowireCapableBeanFactory.instantiateBean(AbstractAutowireCapableBeanFactory.java:1312) ~[spring-beans-6.1.1.jar:6.1.1]
	... 22 common frames omitted
Caused by: java.lang.Error: Unresolved compilation problems: 
	The import com.heroesoftimepoc.temporalengine.service.TemporalCacheService cannot be resolved
	The import com.heroesoftimepoc.temporalengine.service.ObservationTriggerService cannot be resolved
	TemporalCacheService cannot be resolved to a type
	ObservationTriggerService cannot be resolved to a type
	TemporalCacheService cannot be resolved to a type
	TemporalCacheService cannot be resolved to a type
	TemporalCacheService cannot be resolved to a type
	ObservationTriggerService cannot be resolved to a type
	ObservationTriggerService cannot be resolved to a type
	ObservationTriggerService cannot be resolved to a type
	ObservationTriggerService cannot be resolved to a type
	ObservationTriggerService cannot be resolved to a type
	TemporalCacheService cannot be resolved to a type
	TemporalCacheService cannot be resolved to a type
	ObservationTriggerService cannot be resolved to a type
	TemporalCacheService cannot be resolved to a type
	TemporalCacheService cannot be resolved to a type
	TemporalCacheService cannot be resolved to a type

	at com.heroesoftimepoc.temporalengine.controller.TemporalEngineController.<init>(TemporalEngineController.java:12) ~[classes/:na]
	at java.base/jdk.internal.reflect.NativeConstructorAccessorImpl.newInstance0(Native Method) ~[na:na]
	at java.base/jdk.internal.reflect.NativeConstructorAccessorImpl.newInstance(NativeConstructorAccessorImpl.java:77) ~[na:na]
	at java.base/jdk.internal.reflect.DelegatingConstructorAccessorImpl.newInstance(DelegatingConstructorAccessorImpl.java:45) ~[na:na]
	at java.base/java.lang.reflect.Constructor.newInstanceWithCaller(Constructor.java:500) ~[na:na]
	at java.base/java.lang.reflect.Constructor.newInstance(Constructor.java:481) ~[na:na]
	at org.springframework.beans.BeanUtils.instantiateClass(BeanUtils.java:197) ~[spring-beans-6.1.1.jar:6.1.1]
	... 24 common frames omitted


  .   ____          _            __ _ _
 /\\ / ___'_ __ _ _(_)_ __  __ _ \ \ \ \
( ( )\___ | '_ | '_| | '_ \/ _` | \ \ \ \
 \\/  ___)| |_)| | | | | || (_| |  ) ) ) )
  '  |____| .__|_| |_|_| |_\__, | / / / /
 =========|_|==============|___/=/_/_/_/
 :: Spring Boot ::                (v3.2.0)

2025-07-19T00:08:49.875+02:00  INFO 71288 --- [  restartedMain] c.h.t.TemporalEngineApplication          : Starting TemporalEngineApplication using Java 17.0.15 with PID 71288 (/Users/admin/HOT/Heroes-of-Time/backend/target/classes started by admin in /Users/admin/HOT/Heroes-of-Time/backend)
2025-07-19T00:08:49.875+02:00  INFO 71288 --- [  restartedMain] c.h.t.TemporalEngineApplication          : No active profile set, falling back to 1 default profile: "default"
2025-07-19T00:08:50.023+02:00  INFO 71288 --- [  restartedMain] .s.d.r.c.RepositoryConfigurationDelegate : Bootstrapping Spring Data JPA repositories in DEFAULT mode.
2025-07-19T00:08:50.739+02:00  INFO 71288 --- [  restartedMain] .s.d.r.c.RepositoryConfigurationDelegate : Finished Spring Data repository scanning in 701 ms. Found 5 JPA repository interfaces.
2025-07-19T00:08:50.919+02:00  INFO 71288 --- [  restartedMain] o.s.b.w.embedded.tomcat.TomcatWebServer  : Tomcat initialized with port 8080 (http)
2025-07-19T00:08:50.922+02:00  INFO 71288 --- [  restartedMain] o.apache.catalina.core.StandardService   : Starting service [Tomcat]
2025-07-19T00:08:50.922+02:00  INFO 71288 --- [  restartedMain] o.apache.catalina.core.StandardEngine    : Starting Servlet engine: [Apache Tomcat/10.1.16]
2025-07-19T00:08:50.930+02:00  INFO 71288 --- [  restartedMain] o.a.c.c.C.[Tomcat-2].[localhost].[/]     : Initializing Spring embedded WebApplicationContext
2025-07-19T00:08:50.930+02:00  INFO 71288 --- [  restartedMain] w.s.c.ServletWebServerApplicationContext : Root WebApplicationContext: initialization completed in 1053 ms
2025-07-19T00:08:50.934+02:00  INFO 71288 --- [  restartedMain] com.zaxxer.hikari.HikariDataSource       : HeroesOfTimePool - Starting...
2025-07-19T00:08:50.935+02:00  INFO 71288 --- [  restartedMain] com.zaxxer.hikari.pool.HikariPool        : HeroesOfTimePool - Added connection conn15: url=jdbc:h2:mem:heroesdb user=SA
2025-07-19T00:08:50.936+02:00  INFO 71288 --- [  restartedMain] com.zaxxer.hikari.HikariDataSource       : HeroesOfTimePool - Start completed.
2025-07-19T00:08:50.939+02:00  INFO 71288 --- [  restartedMain] o.s.b.a.h2.H2ConsoleAutoConfiguration    : H2 console available at '/h2-console'. Database available at 'jdbc:h2:mem:heroesdb'
2025-07-19T00:08:50.982+02:00  INFO 71288 --- [  restartedMain] o.hibernate.jpa.internal.util.LogHelper  : HHH000204: Processing PersistenceUnitInfo [name: default]
2025-07-19T00:08:50.990+02:00  INFO 71288 --- [  restartedMain] o.h.c.internal.RegionFactoryInitiator    : HHH000026: Second-level cache disabled
2025-07-19T00:08:50.999+02:00  INFO 71288 --- [  restartedMain] o.s.o.j.p.SpringPersistenceUnitInfo      : No LoadTimeWeaver setup: ignoring JPA class transformer
2025-07-19T00:08:51.000+02:00  WARN 71288 --- [  restartedMain] org.hibernate.orm.deprecation            : HHH90000025: H2Dialect does not need to be specified explicitly using 'hibernate.dialect' (remove the property setting and it will be selected by default)
2025-07-19T00:08:51.082+02:00  INFO 71288 --- [  restartedMain] o.h.e.t.j.p.i.JtaPlatformInitiator       : HHH000489: No JTA platform available (set 'hibernate.transaction.jta.platform' to enable JTA platform integration)
Hibernate: drop table if exists game_players cascade 
2025-07-19T00:08:51.083+02:00  INFO 71288 --- [  restartedMain] org.hibernate.orm.connections.access     : HHH10001501: Connection obtained from JdbcConnectionAccess [org.hibernate.engine.jdbc.env.internal.JdbcEnvironmentInitiator$ConnectionProviderJdbcConnectionAccess@608b33c6] for (non-JTA) DDL execution was not in auto-commit mode; the Connection 'local transaction' will be committed and the Connection will be set into auto-commit mode.
Hibernate: drop table if exists game_tiles cascade 
Hibernate: drop table if exists games cascade 
Hibernate: drop table if exists hero_inventory cascade 
Hibernate: drop table if exists heroes cascade 
Hibernate: drop table if exists psi_states cascade 
Hibernate: drop table if exists temporal_artifacts cascade 
Hibernate: drop table if exists tile_occupants cascade 
Hibernate: create table game_players (game_id bigint not null, player_id varchar(255))
2025-07-19T00:08:51.083+02:00  INFO 71288 --- [  restartedMain] org.hibernate.orm.connections.access     : HHH10001501: Connection obtained from JdbcConnectionAccess [org.hibernate.engine.jdbc.env.internal.JdbcEnvironmentInitiator$ConnectionProviderJdbcConnectionAccess@1edcf1b5] for (non-JTA) DDL execution was not in auto-commit mode; the Connection 'local transaction' will be committed and the Connection will be set into auto-commit mode.
Hibernate: create table game_tiles (defense_bonus integer, has_psi_states boolean, is_locked boolean, is_temporal_zone boolean, lock_duration integer, movement_cost integer, temporal_energy_bonus integer, x integer not null, y integer not null, game_id bigint, id bigint generated by default as identity, building_owner varchar(255), building_type varchar(255), temporal_zone_type varchar(255), terrain varchar(255), primary key (id))
Hibernate: create table games (current_turn integer, map_height integer, map_width integer, max_players integer, created_at timestamp(6), ended_at timestamp(6), id bigint generated by default as identity, started_at timestamp(6), current_player varchar(255), current_timeline varchar(255), game_name varchar(255) not null, status varchar(255) check (status in ('WAITING','ACTIVE','PAUSED','FINISHED','CANCELLED')), winner varchar(255), primary key (id))
Hibernate: create table hero_inventory (hero_id bigint not null, item varchar(255))
Hibernate: create table heroes (current_day integer, days_traveled integer, has_observation_ability boolean, health integer, max_health integer, max_movement_points integer, max_temporal_energy integer, movement_points integer, movement_points_per_day integer, observation_range integer, position_x integer, position_y integer, temporal_energy integer, vision_radius integer, game_id bigint, id bigint generated by default as identity, name varchar(255) not null, player_id varchar(255), status varchar(255) check (status in ('ACTIVE','TEMPORAL_SHIFT','QUANTUM_SUPERPOSITION','COLLAPSED','DEAD')), timeline_branch varchar(255), primary key (id))
Hibernate: create table psi_states (amplitude_imaginary float(53), amplitude_real float(53), delta_t integer, probability float(53), target_x integer, target_y integer, use_complex_amplitude boolean, created_at timestamp(6), game_id bigint, id bigint generated by default as identity, action_type varchar(255), branch_id varchar(255), collapse_trigger varchar(255), expression TEXT, owner_hero varchar(255), psi_id varchar(255) not null unique, status varchar(255) check (status in ('ACTIVE','COLLAPSED','TRIGGERED','EXPIRED')), primary key (id))
Hibernate: create table temporal_artifacts (effect_duration integer, effect_power integer, effect_radius integer, position_x integer, position_y integer, remaining_duration integer, temporal_energy_cost integer, activated_at timestamp(6), created_at timestamp(6), game_id bigint, id bigint generated by default as identity, artifact_id varchar(255) not null unique, description TEXT, name varchar(255) not null, owner_id varchar(255), status varchar(255) check (status in ('INACTIVE','ACTIVE','EXHAUSTED','DESTROYED','CHARGING')), type varchar(255) not null check (type in ('VEIL','ANCHOR_TOWER','WIGNER_EYE','TEMPORAL_SWORD','CHRONOS_SHIELD','QUANTUM_MIRROR','TEMPORAL_COMPASS','CAUSAL_DISRUPTOR')), primary key (id))
Hibernate: create table tile_occupants (tile_id bigint not null, occupant varchar(255))
Hibernate: alter table if exists game_players add constraint FKrbr2flqdav5ovyjas7q92u64r foreign key (game_id) references games
Hibernate: alter table if exists game_tiles add constraint FK9jnp7yfteauo45smvmxa8710m foreign key (game_id) references games
Hibernate: alter table if exists hero_inventory add constraint FKox21x0dd4fg7w81h3a8o6chu foreign key (hero_id) references heroes
Hibernate: alter table if exists heroes add constraint FKb88jgdc3dfmmhbnrpl6u5sjdn foreign key (game_id) references games
Hibernate: alter table if exists psi_states add constraint FK9kbp67wo94i0jk9w4v3ja4meq foreign key (game_id) references games
Hibernate: alter table if exists temporal_artifacts add constraint FK4gwvr3vnipo301cwl6hnvtyn1 foreign key (game_id) references games
Hibernate: alter table if exists tile_occupants add constraint FKia56skupqk3qxypotqpovr3gb foreign key (tile_id) references game_tiles
2025-07-19T00:08:51.090+02:00  INFO 71288 --- [  restartedMain] j.LocalContainerEntityManagerFactoryBean : Initialized JPA EntityManagerFactory for persistence unit 'default'
2025-07-19T00:08:51.364+02:00  WARN 71288 --- [  restartedMain] ConfigServletWebServerApplicationContext : Exception encountered during context initialization - cancelling refresh attempt: org.springframework.beans.factory.BeanCreationException: Error creating bean with name 'temporalEngineController' defined in file [/Users/admin/HOT/Heroes-of-Time/backend/target/classes/com/heroesoftimepoc/temporalengine/controller/TemporalEngineController.class]: Failed to instantiate [com.heroesoftimepoc.temporalengine.controller.TemporalEngineController]: Constructor threw exception
2025-07-19T00:08:51.364+02:00  INFO 71288 --- [  restartedMain] j.LocalContainerEntityManagerFactoryBean : Closing JPA EntityManagerFactory for persistence unit 'default'
Hibernate: drop table if exists game_players cascade 
2025-07-19T00:08:51.365+02:00  INFO 71288 --- [  restartedMain] org.hibernate.orm.connections.access     : HHH10001501: Connection obtained from JdbcConnectionAccess [org.hibernate.engine.jdbc.env.internal.JdbcEnvironmentInitiator$ConnectionProviderJdbcConnectionAccess@66ccfd6f] for (non-JTA) DDL execution was not in auto-commit mode; the Connection 'local transaction' will be committed and the Connection will be set into auto-commit mode.
Hibernate: drop table if exists game_tiles cascade 
Hibernate: drop table if exists games cascade 
Hibernate: drop table if exists hero_inventory cascade 
Hibernate: drop table if exists heroes cascade 
Hibernate: drop table if exists psi_states cascade 
Hibernate: drop table if exists temporal_artifacts cascade 
Hibernate: drop table if exists tile_occupants cascade 
2025-07-19T00:08:51.366+02:00  INFO 71288 --- [  restartedMain] com.zaxxer.hikari.HikariDataSource       : HeroesOfTimePool - Shutdown initiated...
2025-07-19T00:08:51.366+02:00  INFO 71288 --- [  restartedMain] com.zaxxer.hikari.HikariDataSource       : HeroesOfTimePool - Shutdown completed.
2025-07-19T00:08:51.367+02:00  INFO 71288 --- [  restartedMain] o.apache.catalina.core.StandardService   : Stopping service [Tomcat]
2025-07-19T00:08:51.370+02:00  INFO 71288 --- [  restartedMain] .s.b.a.l.ConditionEvaluationReportLogger : 

Error starting ApplicationContext. To display the condition evaluation report re-run your application with 'debug' enabled.
2025-07-19T00:08:51.370+02:00 ERROR 71288 --- [  restartedMain] o.s.boot.SpringApplication               : Application run failed

org.springframework.beans.factory.BeanCreationException: Error creating bean with name 'temporalEngineController' defined in file [/Users/admin/HOT/Heroes-of-Time/backend/target/classes/com/heroesoftimepoc/temporalengine/controller/TemporalEngineController.class]: Failed to instantiate [com.heroesoftimepoc.temporalengine.controller.TemporalEngineController]: Constructor threw exception
	at org.springframework.beans.factory.support.AbstractAutowireCapableBeanFactory.instantiateBean(AbstractAutowireCapableBeanFactory.java:1318) ~[spring-beans-6.1.1.jar:6.1.1]
	at org.springframework.beans.factory.support.AbstractAutowireCapableBeanFactory.createBeanInstance(AbstractAutowireCapableBeanFactory.java:1203) ~[spring-beans-6.1.1.jar:6.1.1]
	at org.springframework.beans.factory.support.AbstractAutowireCapableBeanFactory.doCreateBean(AbstractAutowireCapableBeanFactory.java:563) ~[spring-beans-6.1.1.jar:6.1.1]
	at org.springframework.beans.factory.support.AbstractAutowireCapableBeanFactory.createBean(AbstractAutowireCapableBeanFactory.java:523) ~[spring-beans-6.1.1.jar:6.1.1]
	at org.springframework.beans.factory.support.AbstractBeanFactory.lambda$doGetBean$0(AbstractBeanFactory.java:325) ~[spring-beans-6.1.1.jar:6.1.1]
	at org.springframework.beans.factory.support.DefaultSingletonBeanRegistry.getSingleton(DefaultSingletonBeanRegistry.java:234) ~[spring-beans-6.1.1.jar:6.1.1]
	at org.springframework.beans.factory.support.AbstractBeanFactory.doGetBean(AbstractBeanFactory.java:323) ~[spring-beans-6.1.1.jar:6.1.1]
	at org.springframework.beans.factory.support.AbstractBeanFactory.getBean(AbstractBeanFactory.java:199) ~[spring-beans-6.1.1.jar:6.1.1]
	at org.springframework.beans.factory.support.DefaultListableBeanFactory.preInstantiateSingletons(DefaultListableBeanFactory.java:973) ~[spring-beans-6.1.1.jar:6.1.1]
	at org.springframework.context.support.AbstractApplicationContext.finishBeanFactoryInitialization(AbstractApplicationContext.java:946) ~[spring-context-6.1.1.jar:6.1.1]
	at org.springframework.context.support.AbstractApplicationContext.refresh(AbstractApplicationContext.java:616) ~[spring-context-6.1.1.jar:6.1.1]
	at org.springframework.boot.web.servlet.context.ServletWebServerApplicationContext.refresh(ServletWebServerApplicationContext.java:146) ~[spring-boot-3.2.0.jar:3.2.0]
	at org.springframework.boot.SpringApplication.refresh(SpringApplication.java:753) ~[spring-boot-3.2.0.jar:3.2.0]
	at org.springframework.boot.SpringApplication.refreshContext(SpringApplication.java:455) ~[spring-boot-3.2.0.jar:3.2.0]
	at org.springframework.boot.SpringApplication.run(SpringApplication.java:323) ~[spring-boot-3.2.0.jar:3.2.0]
	at org.springframework.boot.SpringApplication.run(SpringApplication.java:1342) ~[spring-boot-3.2.0.jar:3.2.0]
	at org.springframework.boot.SpringApplication.run(SpringApplication.java:1331) ~[spring-boot-3.2.0.jar:3.2.0]
	at com.heroesoftimepoc.temporalengine.TemporalEngineApplication.main(TemporalEngineApplication.java:9) ~[classes/:na]
	at java.base/jdk.internal.reflect.NativeMethodAccessorImpl.invoke0(Native Method) ~[na:na]
	at java.base/jdk.internal.reflect.NativeMethodAccessorImpl.invoke(NativeMethodAccessorImpl.java:77) ~[na:na]
	at java.base/jdk.internal.reflect.DelegatingMethodAccessorImpl.invoke(DelegatingMethodAccessorImpl.java:43) ~[na:na]
	at java.base/java.lang.reflect.Method.invoke(Method.java:569) ~[na:na]
	at org.springframework.boot.devtools.restart.RestartLauncher.run(RestartLauncher.java:50) ~[spring-boot-devtools-3.2.0.jar:3.2.0]
Caused by: org.springframework.beans.BeanInstantiationException: Failed to instantiate [com.heroesoftimepoc.temporalengine.controller.TemporalEngineController]: Constructor threw exception
	at org.springframework.beans.BeanUtils.instantiateClass(BeanUtils.java:223) ~[spring-beans-6.1.1.jar:6.1.1]
	at org.springframework.beans.factory.support.SimpleInstantiationStrategy.instantiate(SimpleInstantiationStrategy.java:88) ~[spring-beans-6.1.1.jar:6.1.1]
	at org.springframework.beans.factory.support.AbstractAutowireCapableBeanFactory.instantiateBean(AbstractAutowireCapableBeanFactory.java:1312) ~[spring-beans-6.1.1.jar:6.1.1]
	... 22 common frames omitted
Caused by: java.lang.Error: Unresolved compilation problems: 
	The import com.heroesoftimepoc.temporalengine.service.TemporalCacheService cannot be resolved
	The import com.heroesoftimepoc.temporalengine.service.ObservationTriggerService cannot be resolved
	TemporalCacheService cannot be resolved to a type
	ObservationTriggerService cannot be resolved to a type
	TemporalCacheService cannot be resolved to a type
	TemporalCacheService cannot be resolved to a type
	TemporalCacheService cannot be resolved to a type
	ObservationTriggerService cannot be resolved to a type
	ObservationTriggerService cannot be resolved to a type
	ObservationTriggerService cannot be resolved to a type
	ObservationTriggerService cannot be resolved to a type
	ObservationTriggerService cannot be resolved to a type
	TemporalCacheService cannot be resolved to a type
	TemporalCacheService cannot be resolved to a type
	ObservationTriggerService cannot be resolved to a type
	TemporalCacheService cannot be resolved to a type
	TemporalCacheService cannot be resolved to a type
	TemporalCacheService cannot be resolved to a type

	at com.heroesoftimepoc.temporalengine.controller.TemporalEngineController.<init>(TemporalEngineController.java:12) ~[classes/:na]
	at java.base/jdk.internal.reflect.NativeConstructorAccessorImpl.newInstance0(Native Method) ~[na:na]
	at java.base/jdk.internal.reflect.NativeConstructorAccessorImpl.newInstance(NativeConstructorAccessorImpl.java:77) ~[na:na]
	at java.base/jdk.internal.reflect.DelegatingConstructorAccessorImpl.newInstance(DelegatingConstructorAccessorImpl.java:45) ~[na:na]
	at java.base/java.lang.reflect.Constructor.newInstanceWithCaller(Constructor.java:500) ~[na:na]
	at java.base/java.lang.reflect.Constructor.newInstance(Constructor.java:481) ~[na:na]
	at org.springframework.beans.BeanUtils.instantiateClass(BeanUtils.java:197) ~[spring-beans-6.1.1.jar:6.1.1]
	... 24 common frames omitted

