[INFO] Scanning for projects...
[INFO] 
[INFO] -----------< com.heroesoftimeporal:heroes-of-time-temporal >------------
[INFO] Building Heroes of Time - Temporal Engine 1.0.0-SNAPSHOT
[INFO] --------------------------------[ jar ]---------------------------------
[INFO] 
[INFO] >>> spring-boot-maven-plugin:3.2.0:run (default-cli) > test-compile @ heroes-of-time-temporal >>>
[INFO] 
[INFO] --- maven-resources-plugin:3.3.1:resources (default-resources) @ heroes-of-time-temporal ---
[INFO] skip non existing resourceDirectory /Users/admin/HOT/Heroes-of-Time/src/main/resources
[INFO] skip non existing resourceDirectory /Users/admin/HOT/Heroes-of-Time/src/main/resources
[INFO] 
[INFO] --- maven-compiler-plugin:3.11.0:compile (default-compile) @ heroes-of-time-temporal ---
[INFO] Nothing to compile - all classes are up to date
[INFO] 
[INFO] --- maven-resources-plugin:3.3.1:testResources (default-testResources) @ heroes-of-time-temporal ---
[INFO] skip non existing resourceDirectory /Users/admin/HOT/Heroes-of-Time/src/test/resources
[INFO] 
[INFO] --- maven-compiler-plugin:3.11.0:testCompile (default-testCompile) @ heroes-of-time-temporal ---
[INFO] No sources to compile
[INFO] 
[INFO] <<< spring-boot-maven-plugin:3.2.0:run (default-cli) < test-compile @ heroes-of-time-temporal <<<
[INFO] 
[INFO] 
[INFO] --- spring-boot-maven-plugin:3.2.0:run (default-cli) @ heroes-of-time-temporal ---
[INFO] Attaching agents: []

  .   ____          _            __ _ _
 /\\ / ___'_ __ _ _(_)_ __  __ _ \ \ \ \
( ( )\___ | '_ | '_| | '_ \/ _` | \ \ \ \
 \\/  ___)| |_)| | | | | || (_| |  ) ) ) )
  '  |____| .__|_| |_|_| |_\__, | / / / /
 =========|_|==============|___/=/_/_/_/
 :: Spring Boot ::                (v3.2.0)

2025-07-18T06:27:24.434+02:00  INFO 61694 --- [  restartedMain] c.h.TemporalEngineApplication            : Starting TemporalEngineApplication using Java 17.0.15 with PID 61694 (/Users/admin/HOT/Heroes-of-Time/target/classes started by admin in /Users/admin/HOT/Heroes-of-Time)
2025-07-18T06:27:24.436+02:00  INFO 61694 --- [  restartedMain] c.h.TemporalEngineApplication            : No active profile set, falling back to 1 default profile: "default"
2025-07-18T06:27:24.457+02:00  INFO 61694 --- [  restartedMain] .e.DevToolsPropertyDefaultsPostProcessor : Devtools property defaults active! Set 'spring.devtools.add-properties' to 'false' to disable
2025-07-18T06:27:24.457+02:00  INFO 61694 --- [  restartedMain] .e.DevToolsPropertyDefaultsPostProcessor : For additional web related logging consider setting the 'logging.level.web' property to 'DEBUG'
2025-07-18T06:27:24.732+02:00  INFO 61694 --- [  restartedMain] .s.d.r.c.RepositoryConfigurationDelegate : Bootstrapping Spring Data JPA repositories in DEFAULT mode.
2025-07-18T06:27:24.741+02:00  INFO 61694 --- [  restartedMain] .s.d.r.c.RepositoryConfigurationDelegate : Finished Spring Data repository scanning in 6 ms. Found 0 JPA repository interfaces.
2025-07-18T06:27:25.048+02:00  INFO 61694 --- [  restartedMain] o.s.b.w.embedded.tomcat.TomcatWebServer  : Tomcat initialized with port 8080 (http)
2025-07-18T06:27:25.055+02:00  INFO 61694 --- [  restartedMain] o.apache.catalina.core.StandardService   : Starting service [Tomcat]
2025-07-18T06:27:25.056+02:00  INFO 61694 --- [  restartedMain] o.apache.catalina.core.StandardEngine    : Starting Servlet engine: [Apache Tomcat/10.1.16]
2025-07-18T06:27:25.224+02:00  INFO 61694 --- [  restartedMain] o.a.c.c.C.[Tomcat].[localhost].[/]       : Initializing Spring embedded WebApplicationContext
2025-07-18T06:27:25.231+02:00  INFO 61694 --- [  restartedMain] w.s.c.ServletWebServerApplicationContext : Root WebApplicationContext: initialization completed in 768 ms
2025-07-18T06:27:25.269+02:00  INFO 61694 --- [  restartedMain] com.zaxxer.hikari.HikariDataSource       : HikariPool-1 - Starting...
2025-07-18T06:27:25.400+02:00  INFO 61694 --- [  restartedMain] com.zaxxer.hikari.pool.HikariPool        : HikariPool-1 - Added connection conn0: url=jdbc:h2:mem:8da68a4d-7006-4a23-93e3-d727bfa4512c user=SA
2025-07-18T06:27:25.401+02:00  INFO 61694 --- [  restartedMain] com.zaxxer.hikari.HikariDataSource       : HikariPool-1 - Start completed.
2025-07-18T06:27:25.406+02:00  INFO 61694 --- [  restartedMain] o.s.b.a.h2.H2ConsoleAutoConfiguration    : H2 console available at '/h2-console'. Database available at 'jdbc:h2:mem:8da68a4d-7006-4a23-93e3-d727bfa4512c'
2025-07-18T06:27:25.575+02:00  INFO 61694 --- [  restartedMain] o.hibernate.jpa.internal.util.LogHelper  : HHH000204: Processing PersistenceUnitInfo [name: default]
2025-07-18T06:27:25.732+02:00  INFO 61694 --- [  restartedMain] org.hibernate.Version                    : HHH000412: Hibernate ORM core version 6.3.1.Final
2025-07-18T06:27:25.792+02:00  INFO 61694 --- [  restartedMain] o.h.c.internal.RegionFactoryInitiator    : HHH000026: Second-level cache disabled
2025-07-18T06:27:25.943+02:00  INFO 61694 --- [  restartedMain] o.s.o.j.p.SpringPersistenceUnitInfo      : No LoadTimeWeaver setup: ignoring JPA class transformer
2025-07-18T06:27:26.098+02:00  INFO 61694 --- [  restartedMain] o.h.e.t.j.p.i.JtaPlatformInitiator       : HHH000489: No JTA platform available (set 'hibernate.transaction.jta.platform' to enable JTA platform integration)
2025-07-18T06:27:26.100+02:00  INFO 61694 --- [  restartedMain] j.LocalContainerEntityManagerFactoryBean : Initialized JPA EntityManagerFactory for persistence unit 'default'
2025-07-18T06:27:26.130+02:00  WARN 61694 --- [  restartedMain] JpaBaseConfiguration$JpaWebConfiguration : spring.jpa.open-in-view is enabled by default. Therefore, database queries may be performed during view rendering. Explicitly configure spring.jpa.open-in-view to disable this warning
2025-07-18T06:27:26.300+02:00  WARN 61694 --- [  restartedMain] o.s.b.d.a.OptionalLiveReloadServer       : Unable to start LiveReload server
2025-07-18T06:27:26.308+02:00  WARN 61694 --- [  restartedMain] ConfigServletWebServerApplicationContext : Exception encountered during context initialization - cancelling refresh attempt: org.springframework.context.ApplicationContextException: Failed to start bean 'webServerStartStop'
2025-07-18T06:27:26.310+02:00  INFO 61694 --- [  restartedMain] j.LocalContainerEntityManagerFactoryBean : Closing JPA EntityManagerFactory for persistence unit 'default'
2025-07-18T06:27:26.314+02:00  WARN 61694 --- [  restartedMain] o.s.b.f.support.DisposableBeanAdapter    : Invocation of destroy method failed on bean with name 'inMemoryDatabaseShutdownExecutor': org.h2.jdbc.JdbcSQLNonTransientConnectionException: Database is already closed (to disable automatic closing at VM shutdown, add ";DB_CLOSE_ON_EXIT=FALSE" to the db URL) [90121-224]
2025-07-18T06:27:26.314+02:00  INFO 61694 --- [  restartedMain] com.zaxxer.hikari.HikariDataSource       : HikariPool-1 - Shutdown initiated...
2025-07-18T06:27:26.315+02:00  INFO 61694 --- [  restartedMain] com.zaxxer.hikari.HikariDataSource       : HikariPool-1 - Shutdown completed.
2025-07-18T06:27:26.320+02:00  INFO 61694 --- [  restartedMain] .s.b.a.l.ConditionEvaluationReportLogger : 

Error starting ApplicationContext. To display the condition evaluation report re-run your application with 'debug' enabled.
2025-07-18T06:27:26.328+02:00 ERROR 61694 --- [  restartedMain] o.s.b.d.LoggingFailureAnalysisReporter   : 

***************************
APPLICATION FAILED TO START
***************************

Description:

Web server failed to start. Port 8080 was already in use.

Action:

Identify and stop the process that's listening on port 8080 or configure this application to listen on another port.

[INFO] ------------------------------------------------------------------------
[INFO] BUILD SUCCESS
[INFO] ------------------------------------------------------------------------
[INFO] Total time:  2.851 s
[INFO] Finished at: 2025-07-18T06:27:26+02:00
[INFO] ------------------------------------------------------------------------
