::1 - - [19/Jul/2025 10:34:30] "GET / HTTP/1.1" 200 -
::1 - - [19/Jul/2025 10:34:42] "GET / HTTP/1.1" 200 -
::1 - - [19/Jul/2025 10:36:18] "GET / HTTP/1.1" 200 -
::1 - - [19/Jul/2025 10:36:29] "GET / HTTP/1.1" 200 -
::1 - - [19/Jul/2025 10:36:29] "GET /styles.css HTTP/1.1" 200 -
::1 - - [19/Jul/2025 10:36:29] "GET /api.js HTTP/1.1" 200 -
::1 - - [19/Jul/2025 10:36:29] "GET /script-console.js HTTP/1.1" 200 -
::1 - - [19/Jul/2025 10:36:29] "GET /game.js HTTP/1.1" 200 -
::1 - - [19/Jul/2025 10:36:29] "GET /manifest.json HTTP/1.1" 304 -
::1 - - [19/Jul/2025 10:36:29] code 404, message File not found
::1 - - [19/Jul/2025 10:36:29] "GET /favicon.ico HTTP/1.1" 404 -
::1 - - [19/Jul/2025 10:56:34] "GET / HTTP/1.1" 200 -
::1 - - [19/Jul/2025 10:56:44] "GET / HTTP/1.1" 200 -
::1 - - [19/Jul/2025 10:56:54] "GET / HTTP/1.1" 200 -
::1 - - [19/Jul/2025 10:57:04] "GET / HTTP/1.1" 200 -
::1 - - [19/Jul/2025 10:57:07] "GET / HTTP/1.1" 200 -
::1 - - [19/Jul/2025 10:57:17] "GET / HTTP/1.1" 200 -
::1 - - [19/Jul/2025 10:57:25] "GET / HTTP/1.1" 200 -
::1 - - [19/Jul/2025 10:57:29] "GET / HTTP/1.1" 200 -
::1 - - [19/Jul/2025 10:57:35] "GET / HTTP/1.1" 200 -
::1 - - [19/Jul/2025 10:57:39] "GET / HTTP/1.1" 200 -
::1 - - [19/Jul/2025 10:57:45] "GET / HTTP/1.1" 200 -
::1 - - [19/Jul/2025 10:57:49] "GET / HTTP/1.1" 200 -
::1 - - [19/Jul/2025 10:57:55] "GET / HTTP/1.1" 200 -
::1 - - [19/Jul/2025 10:57:59] "GET / HTTP/1.1" 200 -
::1 - - [19/Jul/2025 10:58:05] "GET / HTTP/1.1" 200 -
::1 - - [19/Jul/2025 10:58:09] "GET / HTTP/1.1" 200 -
::1 - - [19/Jul/2025 10:59:01] "GET / HTTP/1.1" 200 -
::1 - - [19/Jul/2025 10:59:11] "GET / HTTP/1.1" 200 -
::1 - - [19/Jul/2025 10:59:16] code 404, message File not found
::1 - - [19/Jul/2025 10:59:16] "GET /manifest.json HTTP/1.1" 304 -
::1 - - [19/Jul/2025 10:59:16] "GET /favicon.ico HTTP/1.1" 404 -
::1 - - [19/Jul/2025 10:59:21] "GET / HTTP/1.1" 200 -
::1 - - [19/Jul/2025 10:59:31] "GET / HTTP/1.1" 200 -
::1 - - [19/Jul/2025 10:59:41] "GET / HTTP/1.1" 200 -
::1 - - [19/Jul/2025 10:59:46] code 404, message File not found
::1 - - [19/Jul/2025 10:59:46] "GET /simple-game.html HTTP/1.1" 404 -
::1 - - [19/Jul/2025 10:59:51] "GET / HTTP/1.1" 200 -
::1 - - [19/Jul/2025 11:00:01] "GET / HTTP/1.1" 200 -
::1 - - [19/Jul/2025 11:00:11] "GET / HTTP/1.1" 200 -
::1 - - [19/Jul/2025 11:00:21] "GET / HTTP/1.1" 200 -
::1 - - [19/Jul/2025 11:00:31] "GET / HTTP/1.1" 200 -
::1 - - [19/Jul/2025 11:01:23] "GET / HTTP/1.1" 200 -
::1 - - [19/Jul/2025 11:01:51] "GET / HTTP/1.1" 200 -
::1 - - [19/Jul/2025 11:01:54] "GET / HTTP/1.1" 200 -
::1 - - [19/Jul/2025 11:02:04] "GET / HTTP/1.1" 200 -
::1 - - [19/Jul/2025 11:02:14] "GET / HTTP/1.1" 200 -
::1 - - [19/Jul/2025 11:02:24] "GET / HTTP/1.1" 200 -
::1 - - [19/Jul/2025 11:02:34] "GET / HTTP/1.1" 200 -
::1 - - [19/Jul/2025 11:02:44] "GET / HTTP/1.1" 200 -
::1 - - [19/Jul/2025 11:02:54] "GET / HTTP/1.1" 200 -
::1 - - [19/Jul/2025 11:03:04] "GET / HTTP/1.1" 200 -
::1 - - [19/Jul/2025 11:03:14] "GET / HTTP/1.1" 200 -
::1 - - [19/Jul/2025 11:03:20] "GET / HTTP/1.1" 200 -
::1 - - [19/Jul/2025 11:03:30] "GET / HTTP/1.1" 200 -
::1 - - [19/Jul/2025 11:03:40] "GET / HTTP/1.1" 200 -
::1 - - [19/Jul/2025 11:03:50] "GET / HTTP/1.1" 200 -
::1 - - [19/Jul/2025 11:04:00] "GET / HTTP/1.1" 200 -
::1 - - [19/Jul/2025 11:04:10] "GET / HTTP/1.1" 200 -
::1 - - [19/Jul/2025 11:04:20] "GET / HTTP/1.1" 200 -
::1 - - [19/Jul/2025 11:04:30] "GET / HTTP/1.1" 200 -
::1 - - [19/Jul/2025 11:04:40] "GET / HTTP/1.1" 200 -
::1 - - [19/Jul/2025 11:04:50] "GET / HTTP/1.1" 200 -
::1 - - [19/Jul/2025 11:05:00] "GET / HTTP/1.1" 200 -
::1 - - [19/Jul/2025 11:05:10] "GET / HTTP/1.1" 200 -
::1 - - [19/Jul/2025 11:05:12] "GET /manifest.json HTTP/1.1" 304 -
::1 - - [19/Jul/2025 11:05:20] "GET / HTTP/1.1" 200 -
::1 - - [19/Jul/2025 11:05:30] "GET / HTTP/1.1" 200 -
::1 - - [19/Jul/2025 11:05:36] "GET / HTTP/1.1" 200 -
::1 - - [19/Jul/2025 11:05:41] "GET / HTTP/1.1" 200 -
::1 - - [19/Jul/2025 11:05:50] "GET / HTTP/1.1" 200 -
::1 - - [19/Jul/2025 11:06:00] "GET / HTTP/1.1" 200 -
::1 - - [19/Jul/2025 11:06:23] "GET / HTTP/1.1" 200 -
::1 - - [19/Jul/2025 11:07:05] "GET /manifest.json HTTP/1.1" 304 -
::1 - - [19/Jul/2025 11:07:05] "GET / HTTP/1.1" 200 -
::1 - - [19/Jul/2025 11:07:15] "GET / HTTP/1.1" 200 -
::1 - - [19/Jul/2025 11:07:25] "GET / HTTP/1.1" 200 -
::1 - - [19/Jul/2025 11:07:35] "GET / HTTP/1.1" 200 -
::1 - - [19/Jul/2025 11:07:45] "GET / HTTP/1.1" 200 -
::1 - - [19/Jul/2025 11:07:55] "GET / HTTP/1.1" 200 -
::1 - - [19/Jul/2025 11:08:05] "GET / HTTP/1.1" 200 -
::1 - - [19/Jul/2025 11:08:12] "GET / HTTP/1.1" 200 -
::1 - - [19/Jul/2025 11:08:22] "GET / HTTP/1.1" 200 -
::1 - - [19/Jul/2025 11:08:32] "GET / HTTP/1.1" 200 -
::1 - - [19/Jul/2025 11:08:42] "GET / HTTP/1.1" 200 -
::1 - - [19/Jul/2025 11:08:50] "GET /manifest.json HTTP/1.1" 304 -
::1 - - [19/Jul/2025 11:08:52] "GET / HTTP/1.1" 200 -
::1 - - [19/Jul/2025 11:09:02] "GET / HTTP/1.1" 200 -
::1 - - [19/Jul/2025 11:09:12] "GET / HTTP/1.1" 200 -
::1 - - [19/Jul/2025 11:09:22] "GET / HTTP/1.1" 200 -
::1 - - [19/Jul/2025 11:09:32] "GET / HTTP/1.1" 200 -
::1 - - [19/Jul/2025 11:09:41] "GET / HTTP/1.1" 200 -
::1 - - [19/Jul/2025 11:09:51] "GET / HTTP/1.1" 200 -
::1 - - [19/Jul/2025 11:10:01] "GET / HTTP/1.1" 200 -
::1 - - [19/Jul/2025 11:10:11] "GET / HTTP/1.1" 200 -
::1 - - [19/Jul/2025 11:10:21] "GET / HTTP/1.1" 200 -
::1 - - [19/Jul/2025 11:10:24] "GET / HTTP/1.1" 200 -
::1 - - [19/Jul/2025 11:10:30] "GET /manifest.json HTTP/1.1" 304 -
::1 - - [19/Jul/2025 11:10:34] "GET / HTTP/1.1" 200 -
::1 - - [19/Jul/2025 11:10:44] "GET / HTTP/1.1" 200 -
::1 - - [19/Jul/2025 11:10:54] "GET / HTTP/1.1" 200 -
::1 - - [19/Jul/2025 11:18:46] "GET / HTTP/1.1" 200 -
::1 - - [19/Jul/2025 11:18:56] "GET / HTTP/1.1" 200 -
::1 - - [19/Jul/2025 11:19:06] "GET / HTTP/1.1" 200 -
::1 - - [19/Jul/2025 11:19:16] "GET / HTTP/1.1" 200 -
::1 - - [19/Jul/2025 11:19:26] "GET / HTTP/1.1" 200 -
::1 - - [19/Jul/2025 11:19:36] "GET / HTTP/1.1" 200 -
::1 - - [19/Jul/2025 11:19:46] "GET / HTTP/1.1" 200 -
::1 - - [19/Jul/2025 11:19:56] "GET / HTTP/1.1" 200 -
::1 - - [19/Jul/2025 11:20:00] "GET / HTTP/1.1" 200 -
::1 - - [19/Jul/2025 11:20:10] "GET / HTTP/1.1" 200 -
::1 - - [19/Jul/2025 11:20:20] "GET / HTTP/1.1" 200 -
::1 - - [19/Jul/2025 11:20:23] "GET / HTTP/1.1" 200 -
::1 - - [19/Jul/2025 11:20:30] "GET / HTTP/1.1" 200 -
::1 - - [19/Jul/2025 11:20:41] "GET / HTTP/1.1" 200 -
::1 - - [19/Jul/2025 11:20:50] "GET / HTTP/1.1" 200 -
::1 - - [19/Jul/2025 11:21:00] "GET / HTTP/1.1" 200 -
::1 - - [19/Jul/2025 11:21:10] "GET / HTTP/1.1" 200 -
::1 - - [19/Jul/2025 11:21:23] "GET / HTTP/1.1" 200 -
::1 - - [19/Jul/2025 11:21:27] "GET / HTTP/1.1" 200 -
::1 - - [19/Jul/2025 11:22:23] "GET / HTTP/1.1" 200 -
::1 - - [19/Jul/2025 11:22:27] "GET / HTTP/1.1" 200 -
::1 - - [19/Jul/2025 11:23:23] "GET / HTTP/1.1" 200 -
::1 - - [19/Jul/2025 11:23:27] "GET / HTTP/1.1" 200 -
::1 - - [19/Jul/2025 11:24:23] "GET / HTTP/1.1" 200 -
::1 - - [19/Jul/2025 11:24:26] "GET / HTTP/1.1" 200 -
::1 - - [19/Jul/2025 11:26:23] "GET / HTTP/1.1" 200 -
::1 - - [19/Jul/2025 11:26:27] "GET / HTTP/1.1" 200 -
::1 - - [19/Jul/2025 11:27:23] "GET / HTTP/1.1" 200 -
::1 - - [19/Jul/2025 11:27:27] "GET / HTTP/1.1" 200 -
::1 - - [19/Jul/2025 11:28:23] "GET / HTTP/1.1" 200 -
::1 - - [19/Jul/2025 11:28:27] "GET / HTTP/1.1" 200 -
::1 - - [19/Jul/2025 11:29:23] "GET / HTTP/1.1" 200 -
::1 - - [19/Jul/2025 11:29:27] "GET / HTTP/1.1" 200 -
::1 - - [19/Jul/2025 11:30:23] "GET / HTTP/1.1" 200 -
::1 - - [19/Jul/2025 11:30:27] "GET / HTTP/1.1" 200 -
::1 - - [19/Jul/2025 11:31:23] "GET / HTTP/1.1" 200 -
::1 - - [19/Jul/2025 11:31:27] "GET / HTTP/1.1" 200 -
::1 - - [19/Jul/2025 11:32:24] "GET / HTTP/1.1" 200 -
::1 - - [19/Jul/2025 11:32:27] "GET / HTTP/1.1" 200 -
