Traceback (most recent call last):
  File "/opt/homebrew/Cellar/python@3.10/3.10.6_1/Frameworks/Python.framework/Versions/3.10/lib/python3.10/runpy.py", line 196, in _run_module_as_main
    return _run_code(code, main_globals, None,
  File "/opt/homebrew/Cellar/python@3.10/3.10.6_1/Frameworks/Python.framework/Versions/3.10/lib/python3.10/runpy.py", line 86, in _run_code
    exec(code, run_globals)
  File "/opt/homebrew/Cellar/python@3.10/3.10.6_1/Frameworks/Python.framework/Versions/3.10/lib/python3.10/http/server.py", line 1297, in <module>
    test(
  File "/opt/homebrew/Cellar/python@3.10/3.10.6_1/Frameworks/Python.framework/Versions/3.10/lib/python3.10/http/server.py", line 1248, in test
    with ServerClass(addr, HandlerClass) as htt::1 - - [25/Jul/2025 14:23:11] "GET / HTTP/1.1" 200 -
::1 - - [25/Jul/2025 14:26:06] "GET /wake-up-memento-ford-compliant.html HTTP/1.1" 200 -
::1 - - [25/Jul/2025 14:26:06] code 404, message File not found
::1 - - [25/Jul/2025 14:26:06] "GET /assets/img/Domburg_tower.webp HTTP/1.1" 404 -
::1 - - [25/Jul/2025 14:26:06] code 404, message File not found
::1 - - [25/Jul/2025 14:26:06] "GET /favicon.ico HTTP/1.1" 404 -
::1 - - [25/Jul/2025 14:26:16] "GET /wake-up-memento-ford-compliant.html HTTP/1.1" 304 -
::1 - - [25/Jul/2025 14:26:16] code 404, message File not found
::1 - - [25/Jul/2025 14:26:16] "GET /assets/img/Domburg_tower.webp HTTP/1.1" 404 -
::1 - - [25/Jul/2025 14:27:19] "GET /wake-up-memento-ford-compliant.html HTTP/1.1" 304 -
::1 - - [25/Jul/2025 14:27:19] code 404, message File not found
::1 - - [25/Jul/2025 14:27:19] "GET /assets/img/Domburg_tower.webp HTTP/1.1" 404 -
::1 - - [25/Jul/2025 15:25:45] "GET /wake-up-memento-ford-compliant.html HTTP/1.1" 304 -
::1 - - [25/Jul/2025 15:25:45] code 404, message File not found
::1 - - [25/Jul/2025 15:25:45] "GET /assets/img/Domburg_tower.webp HTTP/1.1" 404 -
::1 - - [25/Jul/2025 15:25:57] code 404, message File not found
::1 - - [25/Jul/2025 15:25:57] "GET /game_assets/artifacts/mineurs/tatouages_memento_archiviste.json HTTP/1.1" 404 -
