::1 - - [19/Jul/2025 10:34:30] "GET / HTTP/1.1" 200 -
::1 - - [19/Jul/2025 10:34:42] "GET / HTTP/1.1" 200 -
::1 - - [19/Jul/2025 10:36:18] "GET / HTTP/1.1" 200 -
::1 - - [19/Jul/2025 10:36:22] "GET / HTTP/1.1" 200 -
::1 - - [19/Jul/2025 10:36:22] "GET /style.css HTTP/1.1" 200 -
::1 - - [19/Jul/2025 10:36:22] "GET /scenario-selector.css HTTP/1.1" 200 -
::1 - - [19/Jul/2025 10:36:22] "GET /scenario-loader.js HTTP/1.1" 200 -
::1 - - [19/Jul/2025 10:36:22] "GET /quantum-visualizer-enhanced.js HTTP/1.1" 200 -
::1 - - [19/Jul/2025 10:36:22] "GET /button-fixes.js HTTP/1.1" 200 -
::1 - - [19/Jul/2025 10:36:22] "GET /scenarios/SCENARIOS_INDEX.json HTTP/1.1" 200 -
::1 - - [19/Jul/2025 10:36:22] code 404, message File not found
::1 - - [19/Jul/2025 10:36:22] "GET /favicon.ico HTTP/1.1" 404 -
::1 - - [19/Jul/2025 10:38:04] code 404, message File not found
::1 - - [19/Jul/2025 10:38:04] "GET /favicon.ico HTTP/1.1" 404 -
::1 - - [19/Jul/2025 10:38:11] "GET /scenarios/SOUFFLE_DU_DRAGON.json HTTP/1.1" 304 -
::1 - - [19/Jul/2025 10:56:08] "GET / HTTP/1.1" 304 -
::1 - - [19/Jul/2025 10:56:34] "GET / HTTP/1.1" 200 -
::1 - - [19/Jul/2025 10:56:44] "GET / HTTP/1.1" 200 -
::1 - - [19/Jul/2025 10:56:54] "GET / HTTP/1.1" 200 -
::1 - - [19/Jul/2025 10:57:04] "GET / HTTP/1.1" 200 -
::1 - - [19/Jul/2025 10:57:07] "GET / HTTP/1.1" 200 -
::1 - - [19/Jul/2025 10:57:17] "GET / HTTP/1.1" 200 -
::1 - - [19/Jul/2025 10:57:26] "GET / HTTP/1.1" 200 -
