[ERROR] COMPILATION ERROR : 
[ERROR] /Users/admin/HOT/Heroes-of-Time/backend/src/main/java/com/heroesoftimepoc/temporalengine/controller/CombatController.java:[3,48] cannot find symbol
  symbol:   class Combat
  location: package com.heroesoftimepoc.temporalengine.model
[ERROR] /Users/admin/HOT/Heroes-of-Time/backend/src/main/java/com/heroesoftimepoc/temporalengine/controller/CombatController.java:[4,50] cannot find symbol
  symbol:   class CombatService
  location: package com.heroesoftimepoc.temporalengine.service
[ERROR] /Users/admin/HOT/Heroes-of-Time/backend/src/main/java/com/heroesoftimepoc/temporalengine/controller/CombatController.java:[21,13] cannot find symbol
  symbol:   class CombatService
  location: class com.heroesoftimepoc.temporalengine.controller.CombatController
[ERROR] /Users/admin/HOT/Heroes-of-Time/backend/src/main/java/com/heroesoftimepoc/temporalengine/service/AdminService.java:[5,48] cannot find symbol
  symbol:   class Player
  location: package com.heroesoftimepoc.temporalengine.model
[ERROR] /Users/admin/HOT/Heroes-of-Time/backend/src/main/java/com/heroesoftimepoc/temporalengine/service/AdminService.java:[8,53] cannot find symbol
  symbol:   class PlayerRepository
  location: package com.heroesoftimepoc.temporalengine.repository
[ERROR] /Users/admin/HOT/Heroes-of-Time/backend/src/main/java/com/heroesoftimepoc/temporalengine/service/AdminService.java:[30,13] cannot find symbol
  symbol:   class PlayerRepository
  location: class com.heroesoftimepoc.temporalengine.service.AdminService
[ERROR] /Users/admin/HOT/Heroes-of-Time/backend/src/main/java/com/heroesoftimepoc/temporalengine/service/AdminService.java:[33,13] cannot find symbol
  symbol:   class GameService
  location: class com.heroesoftimepoc.temporalengine.service.AdminService
[ERROR] /Users/admin/HOT/Heroes-of-Time/backend/src/main/java/com/heroesoftimepoc/temporalengine/controller/AdminController.java:[5,48] cannot find symbol
  symbol:   class Player
  location: package com.heroesoftimepoc.temporalengine.model
[ERROR] /Users/admin/HOT/Heroes-of-Time/backend/src/main/java/com/heroesoftimepoc/temporalengine/controller/AdminController.java:[7,50] cannot find symbol
  symbol:   class GameService
  location: package com.heroesoftimepoc.temporalengine.service
[ERROR] /Users/admin/HOT/Heroes-of-Time/backend/src/main/java/com/heroesoftimepoc/temporalengine/controller/AdminController.java:[27,13] cannot find symbol
  symbol:   class GameService
  location: class com.heroesoftimepoc.temporalengine.controller.AdminController
[ERROR] /Users/admin/HOT/Heroes-of-Time/backend/src/main/java/com/heroesoftimepoc/temporalengine/model/City.java:[25,26] cannot find symbol
  symbol:   class JsonConverter
  location: class com.heroesoftimepoc.temporalengine.model.City
[ERROR] /Users/admin/HOT/Heroes-of-Time/backend/src/main/java/com/heroesoftimepoc/temporalengine/model/City.java:[29,26] cannot find symbol
  symbol:   class JsonConverter
  location: class com.heroesoftimepoc.temporalengine.model.City
[ERROR] /Users/admin/HOT/Heroes-of-Time/backend/src/main/java/com/heroesoftimepoc/temporalengine/model/City.java:[33,26] cannot find symbol
  symbol:   class JsonConverter
  location: class com.heroesoftimepoc.temporalengine.model.City
[ERROR] /Users/admin/HOT/Heroes-of-Time/backend/src/main/java/com/heroesoftimepoc/temporalengine/service/AdminService.java:[93,17] cannot find symbol
  symbol:   method setName(java.lang.String)
  location: variable game of type com.heroesoftimepoc.temporalengine.model.Game
[ERROR] /Users/admin/HOT/Heroes-of-Time/backend/src/main/java/com/heroesoftimepoc/temporalengine/service/AdminService.java:[94,17] cannot find symbol
  symbol:   method setMode(java.lang.String)
  location: variable game of type com.heroesoftimepoc.temporalengine.model.Game
[ERROR] /Users/admin/HOT/Heroes-of-Time/backend/src/main/java/com/heroesoftimepoc/temporalengine/service/AdminService.java:[95,17] cannot find symbol
  symbol:   method setScenario(java.lang.String)
  location: variable game of type com.heroesoftimepoc.temporalengine.model.Game
[ERROR] /Users/admin/HOT/Heroes-of-Time/backend/src/main/java/com/heroesoftimepoc/temporalengine/service/AdminService.java:[96,17] cannot find symbol
  symbol:   method setAdminMode(boolean)
  location: variable game of type com.heroesoftimepoc.temporalengine.model.Game
[ERROR] /Users/admin/HOT/Heroes-of-Time/backend/src/main/java/com/heroesoftimepoc/temporalengine/service/AdminService.java:[98,28] incompatible types: java.lang.String cannot be converted to com.heroesoftimepoc.temporalengine.model.Game.GameStatus
[ERROR] /Users/admin/HOT/Heroes-of-Time/backend/src/main/java/com/heroesoftimepoc/temporalengine/service/AdminService.java:[345,46] cannot find symbol
  symbol:   method countByStatus(java.lang.String)
  location: variable gameRepository of type com.heroesoftimepoc.temporalengine.repository.GameRepository
[ERROR] /Users/admin/HOT/Heroes-of-Time/backend/src/main/java/com/heroesoftimepoc/temporalengine/service/AdminService.java:[561,9] cannot find symbol
  symbol:   class Player
  location: class com.heroesoftimepoc.temporalengine.service.AdminService
[ERROR] /Users/admin/HOT/Heroes-of-Time/backend/src/main/java/com/heroesoftimepoc/temporalengine/service/AdminService.java:[561,29] cannot find symbol
  symbol:   class Player
  location: class com.heroesoftimepoc.temporalengine.service.AdminService
[ERROR] /Users/admin/HOT/Heroes-of-Time/backend/src/main/java/com/heroesoftimepoc/temporalengine/service/AdminService.java:[576,18] cannot find symbol
  symbol:   class Player
  location: class com.heroesoftimepoc.temporalengine.service.AdminService
[ERROR] /Users/admin/HOT/Heroes-of-Time/backend/src/main/java/com/heroesoftimepoc/temporalengine/service/AdminService.java:[578,13] cannot find symbol
  symbol:   class Player
  location: class com.heroesoftimepoc.temporalengine.service.AdminService
[ERROR] /Users/admin/HOT/Heroes-of-Time/backend/src/main/java/com/heroesoftimepoc/temporalengine/service/AdminService.java:[590,18] cannot find symbol
  symbol:   class Player
  location: class com.heroesoftimepoc.temporalengine.service.AdminService
[ERROR] /Users/admin/HOT/Heroes-of-Time/backend/src/main/java/com/heroesoftimepoc/temporalengine/service/AdminService.java:[592,13] cannot find symbol
  symbol:   class Player
  location: class com.heroesoftimepoc.temporalengine.service.AdminService
[ERROR] /Users/admin/HOT/Heroes-of-Time/backend/src/main/java/com/heroesoftimepoc/temporalengine/service/AdminService.java:[612,13] cannot find symbol
  symbol:   method setX(java.lang.Integer)
  location: variable hero of type com.heroesoftimepoc.temporalengine.model.Hero
[ERROR] /Users/admin/HOT/Heroes-of-Time/backend/src/main/java/com/heroesoftimepoc/temporalengine/service/AdminService.java:[613,13] cannot find symbol
  symbol:   method setY(java.lang.Integer)
  location: variable hero of type com.heroesoftimepoc.temporalengine.model.Hero
[ERROR] /Users/admin/HOT/Heroes-of-Time/backend/src/main/java/com/heroesoftimepoc/temporalengine/service/AdminService.java:[647,17] cannot find symbol
  symbol:   method setX(java.lang.Integer)
  location: variable hero of type com.heroesoftimepoc.temporalengine.model.Hero
[ERROR] /Users/admin/HOT/Heroes-of-Time/backend/src/main/java/com/heroesoftimepoc/temporalengine/service/AdminService.java:[648,17] cannot find symbol
  symbol:   method setY(java.lang.Integer)
  location: variable hero of type com.heroesoftimepoc.temporalengine.model.Hero
[ERROR] /Users/admin/HOT/Heroes-of-Time/backend/src/main/java/com/heroesoftimepoc/temporalengine/service/AdminService.java:[658,46] incompatible types: com.heroesoftimepoc.temporalengine.model.Game.GameStatus cannot be converted to java.lang.String
[ERROR] /Users/admin/HOT/Heroes-of-Time/backend/src/main/java/com/heroesoftimepoc/temporalengine/service/AdminService.java:[660,24] incompatible types: java.lang.String cannot be converted to com.heroesoftimepoc.temporalengine.model.Game.GameStatus
[ERROR] /Users/admin/HOT/Heroes-of-Time/backend/src/main/java/com/heroesoftimepoc/temporalengine/service/AdminService.java:[677,24] incompatible types: java.lang.String cannot be converted to com.heroesoftimepoc.temporalengine.model.Game.GameStatus
[ERROR] /Users/admin/HOT/Heroes-of-Time/backend/src/main/java/com/heroesoftimepoc/temporalengine/service/AdminService.java:[681,23] cannot find symbol
  symbol:   method deleteByGameId(java.lang.Long)
  location: variable heroRepository of type com.heroesoftimepoc.temporalengine.repository.HeroRepository
[ERROR] /Users/admin/HOT/Heroes-of-Time/backend/src/main/java/com/heroesoftimepoc/temporalengine/service/AdminService.java:[689,24] incompatible types: java.lang.String cannot be converted to com.heroesoftimepoc.temporalengine.model.Game.GameStatus
[ERROR] /Users/admin/HOT/Heroes-of-Time/backend/src/main/java/com/heroesoftimepoc/temporalengine/service/ExtendedTemporalEngineService.java:[278,34] cannot find symbol
  symbol:   method getCreationTurn()
  location: variable state of type com.heroesoftimepoc.temporalengine.model.PsiState
[ERROR] /Users/admin/HOT/Heroes-of-Time/backend/src/main/java/com/heroesoftimepoc/temporalengine/controller/CausalController.java:[43,38] cannot find symbol
  symbol:   method findFirstByOrderByIdDesc()
  location: variable gameRepository of type com.heroesoftimepoc.temporalengine.repository.GameRepository
[ERROR] /Users/admin/HOT/Heroes-of-Time/backend/src/main/java/com/heroesoftimepoc/temporalengine/controller/CausalController.java:[60,43] cannot find symbol
  symbol:   method getName()
  location: variable game of type com.heroesoftimepoc.temporalengine.model.Game
[ERROR] /Users/admin/HOT/Heroes-of-Time/backend/src/main/java/com/heroesoftimepoc/temporalengine/controller/CausalController.java:[81,38] cannot find symbol
  symbol:   method findFirstByOrderByIdDesc()
  location: variable gameRepository of type com.heroesoftimepoc.temporalengine.repository.GameRepository
[ERROR] /Users/admin/HOT/Heroes-of-Time/backend/src/main/java/com/heroesoftimepoc/temporalengine/controller/CausalController.java:[94,59] invalid method reference
  cannot find symbol
    symbol:   method getTimeline()
    location: class com.heroesoftimepoc.temporalengine.model.PsiState
[ERROR] /Users/admin/HOT/Heroes-of-Time/backend/src/main/java/com/heroesoftimepoc/temporalengine/controller/CausalController.java:[138,42] cannot find symbol
  symbol:   method getTimeline()
  location: variable psiState of type com.heroesoftimepoc.temporalengine.model.PsiState
[ERROR] /Users/admin/HOT/Heroes-of-Time/backend/src/main/java/com/heroesoftimepoc/temporalengine/controller/CausalController.java:[138,75] cannot find symbol
  symbol:   method getTimeline()
  location: variable psiState of type com.heroesoftimepoc.temporalengine.model.PsiState
[ERROR] /Users/admin/HOT/Heroes-of-Time/backend/src/main/java/com/heroesoftimepoc/temporalengine/controller/CausalController.java:[139,38] cannot find symbol
  symbol:   method getCreationTurn()
  location: variable psiState of type com.heroesoftimepoc.temporalengine.model.PsiState
[ERROR] /Users/admin/HOT/Heroes-of-Time/backend/src/main/java/com/heroesoftimepoc/temporalengine/controller/CausalController.java:[141,40] cannot find symbol
  symbol:   method getAction()
  location: variable psiState of type com.heroesoftimepoc.temporalengine.model.PsiState
[ERROR] /Users/admin/HOT/Heroes-of-Time/backend/src/main/java/com/heroesoftimepoc/temporalengine/controller/CausalController.java:[142,45] cannot find symbol
  symbol:   method getDescription()
  location: variable psiState of type com.heroesoftimepoc.temporalengine.model.PsiState
[ERROR] /Users/admin/HOT/Heroes-of-Time/backend/src/main/java/com/heroesoftimepoc/temporalengine/controller/CausalController.java:[145,45] no suitable method found for abs(com.heroesoftimepoc.temporalengine.model.ComplexAmplitude)
    method java.lang.Math.abs(int) is not applicable
      (argument mismatch; com.heroesoftimepoc.temporalengine.model.ComplexAmplitude cannot be converted to int)
    method java.lang.Math.abs(long) is not applicable
      (argument mismatch; com.heroesoftimepoc.temporalengine.model.ComplexAmplitude cannot be converted to long)
    method java.lang.Math.abs(float) is not applicable
      (argument mismatch; com.heroesoftimepoc.temporalengine.model.ComplexAmplitude cannot be converted to float)
    method java.lang.Math.abs(double) is not applicable
      (argument mismatch; com.heroesoftimepoc.temporalengine.model.ComplexAmplitude cannot be converted to double)
[ERROR] /Users/admin/HOT/Heroes-of-Time/backend/src/main/java/com/heroesoftimepoc/temporalengine/controller/CausalController.java:[180,24] cannot find symbol
  symbol:   method getTimeline()
  location: variable current of type com.heroesoftimepoc.temporalengine.model.PsiState
[ERROR] /Users/admin/HOT/Heroes-of-Time/backend/src/main/java/com/heroesoftimepoc/temporalengine/controller/CausalController.java:[180,54] cannot find symbol
  symbol:   method getTimeline()
  location: variable next of type com.heroesoftimepoc.temporalengine.model.PsiState
[ERROR] /Users/admin/HOT/Heroes-of-Time/backend/src/main/java/com/heroesoftimepoc/temporalengine/controller/CausalController.java:[181,25] cannot find symbol
  symbol:   method getTimeline()
  location: variable current of type com.heroesoftimepoc.temporalengine.model.PsiState
[ERROR] /Users/admin/HOT/Heroes-of-Time/backend/src/main/java/com/heroesoftimepoc/temporalengine/controller/CausalController.java:[181,51] cannot find symbol
  symbol:   method getTimeline()
  location: variable next of type com.heroesoftimepoc.temporalengine.model.PsiState
[ERROR] Failed to execute goal org.apache.maven.plugins:maven-compiler-plugin:3.11.0:compile (default-compile) on project temporal-engine: Compilation failure: Compilation failure: 
[ERROR] /Users/admin/HOT/Heroes-of-Time/backend/src/main/java/com/heroesoftimepoc/temporalengine/controller/CombatController.java:[3,48] cannot find symbol
[ERROR]   symbol:   class Combat
[ERROR]   location: package com.heroesoftimepoc.temporalengine.model
[ERROR] /Users/admin/HOT/Heroes-of-Time/backend/src/main/java/com/heroesoftimepoc/temporalengine/controller/CombatController.java:[4,50] cannot find symbol
[ERROR]   symbol:   class CombatService
[ERROR]   location: package com.heroesoftimepoc.temporalengine.service
[ERROR] /Users/admin/HOT/Heroes-of-Time/backend/src/main/java/com/heroesoftimepoc/temporalengine/controller/CombatController.java:[21,13] cannot find symbol
[ERROR]   symbol:   class CombatService
[ERROR]   location: class com.heroesoftimepoc.temporalengine.controller.CombatController
[ERROR] /Users/admin/HOT/Heroes-of-Time/backend/src/main/java/com/heroesoftimepoc/temporalengine/service/AdminService.java:[5,48] cannot find symbol
[ERROR]   symbol:   class Player
[ERROR]   location: package com.heroesoftimepoc.temporalengine.model
[ERROR] /Users/admin/HOT/Heroes-of-Time/backend/src/main/java/com/heroesoftimepoc/temporalengine/service/AdminService.java:[8,53] cannot find symbol
[ERROR]   symbol:   class PlayerRepository
[ERROR]   location: package com.heroesoftimepoc.temporalengine.repository
[ERROR] /Users/admin/HOT/Heroes-of-Time/backend/src/main/java/com/heroesoftimepoc/temporalengine/service/AdminService.java:[30,13] cannot find symbol
[ERROR]   symbol:   class PlayerRepository
[ERROR]   location: class com.heroesoftimepoc.temporalengine.service.AdminService
[ERROR] /Users/admin/HOT/Heroes-of-Time/backend/src/main/java/com/heroesoftimepoc/temporalengine/service/AdminService.java:[33,13] cannot find symbol
[ERROR]   symbol:   class GameService
[ERROR]   location: class com.heroesoftimepoc.temporalengine.service.AdminService
[ERROR] /Users/admin/HOT/Heroes-of-Time/backend/src/main/java/com/heroesoftimepoc/temporalengine/controller/AdminController.java:[5,48] cannot find symbol
[ERROR]   symbol:   class Player
[ERROR]   location: package com.heroesoftimepoc.temporalengine.model
[ERROR] /Users/admin/HOT/Heroes-of-Time/backend/src/main/java/com/heroesoftimepoc/temporalengine/controller/AdminController.java:[7,50] cannot find symbol
[ERROR]   symbol:   class GameService
[ERROR]   location: package com.heroesoftimepoc.temporalengine.service
[ERROR] /Users/admin/HOT/Heroes-of-Time/backend/src/main/java/com/heroesoftimepoc/temporalengine/controller/AdminController.java:[27,13] cannot find symbol
[ERROR]   symbol:   class GameService
[ERROR]   location: class com.heroesoftimepoc.temporalengine.controller.AdminController
[ERROR] /Users/admin/HOT/Heroes-of-Time/backend/src/main/java/com/heroesoftimepoc/temporalengine/model/City.java:[25,26] cannot find symbol
[ERROR]   symbol:   class JsonConverter
[ERROR]   location: class com.heroesoftimepoc.temporalengine.model.City
[ERROR] /Users/admin/HOT/Heroes-of-Time/backend/src/main/java/com/heroesoftimepoc/temporalengine/model/City.java:[29,26] cannot find symbol
[ERROR]   symbol:   class JsonConverter
[ERROR]   location: class com.heroesoftimepoc.temporalengine.model.City
[ERROR] /Users/admin/HOT/Heroes-of-Time/backend/src/main/java/com/heroesoftimepoc/temporalengine/model/City.java:[33,26] cannot find symbol
[ERROR]   symbol:   class JsonConverter
[ERROR]   location: class com.heroesoftimepoc.temporalengine.model.City
[ERROR] /Users/admin/HOT/Heroes-of-Time/backend/src/main/java/com/heroesoftimepoc/temporalengine/service/AdminService.java:[93,17] cannot find symbol
[ERROR]   symbol:   method setName(java.lang.String)
[ERROR]   location: variable game of type com.heroesoftimepoc.temporalengine.model.Game
[ERROR] /Users/admin/HOT/Heroes-of-Time/backend/src/main/java/com/heroesoftimepoc/temporalengine/service/AdminService.java:[94,17] cannot find symbol
[ERROR]   symbol:   method setMode(java.lang.String)
[ERROR]   location: variable game of type com.heroesoftimepoc.temporalengine.model.Game
[ERROR] /Users/admin/HOT/Heroes-of-Time/backend/src/main/java/com/heroesoftimepoc/temporalengine/service/AdminService.java:[95,17] cannot find symbol
[ERROR]   symbol:   method setScenario(java.lang.String)
[ERROR]   location: variable game of type com.heroesoftimepoc.temporalengine.model.Game
[ERROR] /Users/admin/HOT/Heroes-of-Time/backend/src/main/java/com/heroesoftimepoc/temporalengine/service/AdminService.java:[96,17] cannot find symbol
[ERROR]   symbol:   method setAdminMode(boolean)
[ERROR]   location: variable game of type com.heroesoftimepoc.temporalengine.model.Game
[ERROR] /Users/admin/HOT/Heroes-of-Time/backend/src/main/java/com/heroesoftimepoc/temporalengine/service/AdminService.java:[98,28] incompatible types: java.lang.String cannot be converted to com.heroesoftimepoc.temporalengine.model.Game.GameStatus
[ERROR] /Users/admin/HOT/Heroes-of-Time/backend/src/main/java/com/heroesoftimepoc/temporalengine/service/AdminService.java:[345,46] cannot find symbol
[ERROR]   symbol:   method countByStatus(java.lang.String)
[ERROR]   location: variable gameRepository of type com.heroesoftimepoc.temporalengine.repository.GameRepository
[ERROR] /Users/admin/HOT/Heroes-of-Time/backend/src/main/java/com/heroesoftimepoc/temporalengine/service/AdminService.java:[561,9] cannot find symbol
[ERROR]   symbol:   class Player
[ERROR]   location: class com.heroesoftimepoc.temporalengine.service.AdminService
[ERROR] /Users/admin/HOT/Heroes-of-Time/backend/src/main/java/com/heroesoftimepoc/temporalengine/service/AdminService.java:[561,29] cannot find symbol
[ERROR]   symbol:   class Player
[ERROR]   location: class com.heroesoftimepoc.temporalengine.service.AdminService
[ERROR] /Users/admin/HOT/Heroes-of-Time/backend/src/main/java/com/heroesoftimepoc/temporalengine/service/AdminService.java:[576,18] cannot find symbol
[ERROR]   symbol:   class Player
[ERROR]   location: class com.heroesoftimepoc.temporalengine.service.AdminService
[ERROR] /Users/admin/HOT/Heroes-of-Time/backend/src/main/java/com/heroesoftimepoc/temporalengine/service/AdminService.java:[578,13] cannot find symbol
[ERROR]   symbol:   class Player
[ERROR]   location: class com.heroesoftimepoc.temporalengine.service.AdminService
[ERROR] /Users/admin/HOT/Heroes-of-Time/backend/src/main/java/com/heroesoftimepoc/temporalengine/service/AdminService.java:[590,18] cannot find symbol
[ERROR]   symbol:   class Player
[ERROR]   location: class com.heroesoftimepoc.temporalengine.service.AdminService
[ERROR] /Users/admin/HOT/Heroes-of-Time/backend/src/main/java/com/heroesoftimepoc/temporalengine/service/AdminService.java:[592,13] cannot find symbol
[ERROR]   symbol:   class Player
[ERROR]   location: class com.heroesoftimepoc.temporalengine.service.AdminService
[ERROR] /Users/admin/HOT/Heroes-of-Time/backend/src/main/java/com/heroesoftimepoc/temporalengine/service/AdminService.java:[612,13] cannot find symbol
[ERROR]   symbol:   method setX(java.lang.Integer)
[ERROR]   location: variable hero of type com.heroesoftimepoc.temporalengine.model.Hero
[ERROR] /Users/admin/HOT/Heroes-of-Time/backend/src/main/java/com/heroesoftimepoc/temporalengine/service/AdminService.java:[613,13] cannot find symbol
[ERROR]   symbol:   method setY(java.lang.Integer)
[ERROR]   location: variable hero of type com.heroesoftimepoc.temporalengine.model.Hero
[ERROR] /Users/admin/HOT/Heroes-of-Time/backend/src/main/java/com/heroesoftimepoc/temporalengine/service/AdminService.java:[647,17] cannot find symbol
[ERROR]   symbol:   method setX(java.lang.Integer)
[ERROR]   location: variable hero of type com.heroesoftimepoc.temporalengine.model.Hero
[ERROR] /Users/admin/HOT/Heroes-of-Time/backend/src/main/java/com/heroesoftimepoc/temporalengine/service/AdminService.java:[648,17] cannot find symbol
[ERROR]   symbol:   method setY(java.lang.Integer)
[ERROR]   location: variable hero of type com.heroesoftimepoc.temporalengine.model.Hero
[ERROR] /Users/admin/HOT/Heroes-of-Time/backend/src/main/java/com/heroesoftimepoc/temporalengine/service/AdminService.java:[658,46] incompatible types: com.heroesoftimepoc.temporalengine.model.Game.GameStatus cannot be converted to java.lang.String
[ERROR] /Users/admin/HOT/Heroes-of-Time/backend/src/main/java/com/heroesoftimepoc/temporalengine/service/AdminService.java:[660,24] incompatible types: java.lang.String cannot be converted to com.heroesoftimepoc.temporalengine.model.Game.GameStatus
[ERROR] /Users/admin/HOT/Heroes-of-Time/backend/src/main/java/com/heroesoftimepoc/temporalengine/service/AdminService.java:[677,24] incompatible types: java.lang.String cannot be converted to com.heroesoftimepoc.temporalengine.model.Game.GameStatus
[ERROR] /Users/admin/HOT/Heroes-of-Time/backend/src/main/java/com/heroesoftimepoc/temporalengine/service/AdminService.java:[681,23] cannot find symbol
[ERROR]   symbol:   method deleteByGameId(java.lang.Long)
[ERROR]   location: variable heroRepository of type com.heroesoftimepoc.temporalengine.repository.HeroRepository
[ERROR] /Users/admin/HOT/Heroes-of-Time/backend/src/main/java/com/heroesoftimepoc/temporalengine/service/AdminService.java:[689,24] incompatible types: java.lang.String cannot be converted to com.heroesoftimepoc.temporalengine.model.Game.GameStatus
[ERROR] /Users/admin/HOT/Heroes-of-Time/backend/src/main/java/com/heroesoftimepoc/temporalengine/service/ExtendedTemporalEngineService.java:[278,34] cannot find symbol
[ERROR]   symbol:   method getCreationTurn()
[ERROR]   location: variable state of type com.heroesoftimepoc.temporalengine.model.PsiState
[ERROR] /Users/admin/HOT/Heroes-of-Time/backend/src/main/java/com/heroesoftimepoc/temporalengine/controller/CausalController.java:[43,38] cannot find symbol
[ERROR]   symbol:   method findFirstByOrderByIdDesc()
[ERROR]   location: variable gameRepository of type com.heroesoftimepoc.temporalengine.repository.GameRepository
[ERROR] /Users/admin/HOT/Heroes-of-Time/backend/src/main/java/com/heroesoftimepoc/temporalengine/controller/CausalController.java:[60,43] cannot find symbol
[ERROR]   symbol:   method getName()
[ERROR]   location: variable game of type com.heroesoftimepoc.temporalengine.model.Game
[ERROR] /Users/admin/HOT/Heroes-of-Time/backend/src/main/java/com/heroesoftimepoc/temporalengine/controller/CausalController.java:[81,38] cannot find symbol
[ERROR]   symbol:   method findFirstByOrderByIdDesc()
[ERROR]   location: variable gameRepository of type com.heroesoftimepoc.temporalengine.repository.GameRepository
[ERROR] /Users/admin/HOT/Heroes-of-Time/backend/src/main/java/com/heroesoftimepoc/temporalengine/controller/CausalController.java:[94,59] invalid method reference
[ERROR]   cannot find symbol
[ERROR]     symbol:   method getTimeline()
[ERROR]     location: class com.heroesoftimepoc.temporalengine.model.PsiState
[ERROR] /Users/admin/HOT/Heroes-of-Time/backend/src/main/java/com/heroesoftimepoc/temporalengine/controller/CausalController.java:[138,42] cannot find symbol
[ERROR]   symbol:   method getTimeline()
[ERROR]   location: variable psiState of type com.heroesoftimepoc.temporalengine.model.PsiState
[ERROR] /Users/admin/HOT/Heroes-of-Time/backend/src/main/java/com/heroesoftimepoc/temporalengine/controller/CausalController.java:[138,75] cannot find symbol
[ERROR]   symbol:   method getTimeline()
[ERROR]   location: variable psiState of type com.heroesoftimepoc.temporalengine.model.PsiState
[ERROR] /Users/admin/HOT/Heroes-of-Time/backend/src/main/java/com/heroesoftimepoc/temporalengine/controller/CausalController.java:[139,38] cannot find symbol
[ERROR]   symbol:   method getCreationTurn()
[ERROR]   location: variable psiState of type com.heroesoftimepoc.temporalengine.model.PsiState
[ERROR] /Users/admin/HOT/Heroes-of-Time/backend/src/main/java/com/heroesoftimepoc/temporalengine/controller/CausalController.java:[141,40] cannot find symbol
[ERROR]   symbol:   method getAction()
[ERROR]   location: variable psiState of type com.heroesoftimepoc.temporalengine.model.PsiState
[ERROR] /Users/admin/HOT/Heroes-of-Time/backend/src/main/java/com/heroesoftimepoc/temporalengine/controller/CausalController.java:[142,45] cannot find symbol
[ERROR]   symbol:   method getDescription()
[ERROR]   location: variable psiState of type com.heroesoftimepoc.temporalengine.model.PsiState
[ERROR] /Users/admin/HOT/Heroes-of-Time/backend/src/main/java/com/heroesoftimepoc/temporalengine/controller/CausalController.java:[145,45] no suitable method found for abs(com.heroesoftimepoc.temporalengine.model.ComplexAmplitude)
[ERROR]     method java.lang.Math.abs(int) is not applicable
[ERROR]       (argument mismatch; com.heroesoftimepoc.temporalengine.model.ComplexAmplitude cannot be converted to int)
[ERROR]     method java.lang.Math.abs(long) is not applicable
[ERROR]       (argument mismatch; com.heroesoftimepoc.temporalengine.model.ComplexAmplitude cannot be converted to long)
[ERROR]     method java.lang.Math.abs(float) is not applicable
[ERROR]       (argument mismatch; com.heroesoftimepoc.temporalengine.model.ComplexAmplitude cannot be converted to float)
[ERROR]     method java.lang.Math.abs(double) is not applicable
[ERROR]       (argument mismatch; com.heroesoftimepoc.temporalengine.model.ComplexAmplitude cannot be converted to double)
[ERROR] /Users/admin/HOT/Heroes-of-Time/backend/src/main/java/com/heroesoftimepoc/temporalengine/controller/CausalController.java:[180,24] cannot find symbol
[ERROR]   symbol:   method getTimeline()
[ERROR]   location: variable current of type com.heroesoftimepoc.temporalengine.model.PsiState
[ERROR] /Users/admin/HOT/Heroes-of-Time/backend/src/main/java/com/heroesoftimepoc/temporalengine/controller/CausalController.java:[180,54] cannot find symbol
[ERROR]   symbol:   method getTimeline()
[ERROR]   location: variable next of type com.heroesoftimepoc.temporalengine.model.PsiState
[ERROR] /Users/admin/HOT/Heroes-of-Time/backend/src/main/java/com/heroesoftimepoc/temporalengine/controller/CausalController.java:[181,25] cannot find symbol
[ERROR]   symbol:   method getTimeline()
[ERROR]   location: variable current of type com.heroesoftimepoc.temporalengine.model.PsiState
[ERROR] /Users/admin/HOT/Heroes-of-Time/backend/src/main/java/com/heroesoftimepoc/temporalengine/controller/CausalController.java:[181,51] cannot find symbol
[ERROR]   symbol:   method getTimeline()
[ERROR]   location: variable next of type com.heroesoftimepoc.temporalengine.model.PsiState
[ERROR] -> [Help 1]
[ERROR] 
[ERROR] To see the full stack trace of the errors, re-run Maven with the -e switch.
[ERROR] Re-run Maven using the -X switch to enable full debug logging.
[ERROR] 
[ERROR] For more information about the errors and possible solutions, please read the following articles:
[ERROR] [Help 1] http://cwiki.apache.org/confluence/display/MAVEN/MojoFailureException
