[INFO] Scanning for projects...
[INFO] 
[INFO] ----------------< com.heroesoftimepoc:temporal-engine >-----------------
[INFO] Building temporal-engine 0.0.1-SNAPSHOT
[INFO] --------------------------------[ jar ]---------------------------------
[INFO] 
[INFO] --- maven-resources-plugin:3.2.0:resources (default-resources) @ temporal-engine ---
[INFO] Using 'UTF-8' encoding to copy filtered resources.
[INFO] Using 'UTF-8' encoding to copy filtered properties files.
[INFO] Copying 1 resource
[INFO] Copying 35 resources
[INFO] 
[INFO] --- maven-compiler-plugin:3.10.1:compile (default-compile) @ temporal-engine ---
[INFO] Nothing to compile - all classes are up to date
[INFO] ------------------------------------------------------------------------
[INFO] BUILD SUCCESS
[INFO] ------------------------------------------------------------------------
[INFO] Total time:  1.326 s
[INFO] Finished at: 2025-07-22T10:50:06+02:00
[INFO] ------------------------------------------------------------------------
