[[1;34mINFO[m] Scanning for projects...
[[1;34mINFO[m] 
[[1;34mINFO[m] [1m----------------< [0;36mcom.heroesoftimepoc:temporal-engine[0;1m >-----------------[m
[[1;34mINFO[m] [1mBuilding Heroes of Time POC - Temporal Engine 0.0.1-SNAPSHOT[m
[[1;34mINFO[m]   from pom.xml
[[1;34mINFO[m] [1m--------------------------------[ jar ]---------------------------------[m
[[1;34mINFO[m] 
[[1;34mINFO[m] [1m--- [0;32mresources:3.3.1:resources[m [1m(default-resources)[m @ [36mtemporal-engine[0;1m ---[m
[[1;34mINFO[m] Copying 1 resource from src/main/resources to target/classes
[[1;34mINFO[m] Copying 21 resources from src/main/resources to target/classes
[[1;34mINFO[m] 
[[1;34mINFO[m] [1m--- [0;32mcompiler:3.11.0:compile[m [1m(default-compile)[m @ [36mtemporal-engine[0;1m ---[m
[[1;34mINFO[m] Changes detected - recompiling the module! :source
[[1;34mINFO[m] Compiling 80 source files with javac [debug release 17] to target/classes
[[1;34mINFO[m] /workspace/backend/src/main/java/com/heroesoftimepoc/temporalengine/service/TemporalEngineService.java: Some input files use unchecked or unsafe operations.
[[1;34mINFO[m] /workspace/backend/src/main/java/com/heroesoftimepoc/temporalengine/service/TemporalEngineService.java: Recompile with -Xlint:unchecked for details.
[[1;34mINFO[m] [1m------------------------------------------------------------------------[m
[[1;34mINFO[m] [1;32mBUILD SUCCESS[m
[[1;34mINFO[m] [1m------------------------------------------------------------------------[m
[[1;34mINFO[m] Total time:  9.129 s
[[1;34mINFO[m] Finished at: 2025-07-20T16:02:46Z
[[1;34mINFO[m] [1m------------------------------------------------------------------------[m
