[INFO] Scanning for projects...
[INFO] 
[INFO] ----------------< com.heroesoftimepoc:temporal-engine >-----------------
[INFO] Building Heroes of Time POC - Temporal Engine 0.0.1-SNAPSHOT
[INFO] --------------------------------[ jar ]---------------------------------
[INFO] 
[INFO] >>> spring-boot-maven-plugin:3.2.0:run (default-cli) > test-compile @ temporal-engine >>>
[INFO] 
[INFO] --- maven-resources-plugin:3.3.1:resources (default-resources) @ temporal-engine ---
[INFO] Copying 1 resource from src/main/resources to target/classes
[INFO] Copying 4 resources from src/main/resources to target/classes
[INFO] 
[INFO] --- maven-compiler-plugin:3.11.0:compile (default-compile) @ temporal-engine ---
[INFO] Changes detected - recompiling the module! :source
[INFO] Compiling 27 source files with javac [debug release 17] to target/classes
[INFO] /Users/admin/HOT/Heroes-of-Time/backend/src/main/java/com/heroesoftimepoc/temporalengine/service/AntlrTemporalScriptParser.java: /Users/admin/HOT/Heroes-of-Time/backend/src/main/java/com/heroesoftimepoc/temporalengine/service/AntlrTemporalScriptParser.java uses or overrides a deprecated API.
[INFO] /Users/admin/HOT/Heroes-of-Time/backend/src/main/java/com/heroesoftimepoc/temporalengine/service/AntlrTemporalScriptParser.java: Recompile with -Xlint:deprecation for details.
[INFO] /Users/admin/HOT/Heroes-of-Time/backend/src/main/java/com/heroesoftimepoc/temporalengine/service/TemporalEngineService.java: Some input files use unchecked or unsafe operations.
[INFO] /Users/admin/HOT/Heroes-of-Time/backend/src/main/java/com/heroesoftimepoc/temporalengine/service/TemporalEngineService.java: Recompile with -Xlint:unchecked for details.
[INFO] 
[INFO] --- maven-resources-plugin:3.3.1:testResources (default-testResources) @ temporal-engine ---
[INFO] Copying 1 resource from src/test/resources to target/test-classes
[INFO] 
[INFO] --- maven-compiler-plugin:3.11.0:testCompile (default-testCompile) @ temporal-engine ---
[INFO] Changes detected - recompiling the module! :dependency
[INFO] Compiling 11 source files with javac [debug release 17] to target/test-classes
[INFO] /Users/admin/HOT/Heroes-of-Time/backend/src/test/java/com/heroesoftimepoc/temporalengine/integration/BatailleTemporelleIntegrationTest.java: Some input files use unchecked or unsafe operations.
[INFO] /Users/admin/HOT/Heroes-of-Time/backend/src/test/java/com/heroesoftimepoc/temporalengine/integration/BatailleTemporelleIntegrationTest.java: Recompile with -Xlint:unchecked for details.
[INFO] 
[INFO] <<< spring-boot-maven-plugin:3.2.0:run (default-cli) < test-compile @ temporal-engine <<<
[INFO] 
[INFO] 
[INFO] --- spring-boot-maven-plugin:3.2.0:run (default-cli) @ temporal-engine ---
[INFO] Attaching agents: []

  .   ____          _            __ _ _
 /\\ / ___'_ __ _ _(_)_ __  __ _ \ \ \ \
( ( )\___ | '_ | '_| | '_ \/ _` | \ \ \ \
 \\/  ___)| |_)| | | | | || (_| |  ) ) ) )
  '  |____| .__|_| |_|_| |_\__, | / / / /
 =========|_|==============|___/=/_/_/_/
 :: Spring Boot ::                (v3.2.0)

2025-07-18T17:09:09.762+02:00  INFO 28075 --- [  restartedMain] c.h.t.TemporalEngineApplication          : Starting TemporalEngineApplication using Java 17.0.15 with PID 28075 (/Users/admin/HOT/Heroes-of-Time/backend/target/classes started by admin in /Users/admin/HOT/Heroes-of-Time/backend)
2025-07-18T17:09:09.765+02:00  INFO 28075 --- [  restartedMain] c.h.t.TemporalEngineApplication          : No active profile set, falling back to 1 default profile: "default"
2025-07-18T17:09:09.786+02:00  INFO 28075 --- [  restartedMain] .e.DevToolsPropertyDefaultsPostProcessor : Devtools property defaults active! Set 'spring.devtools.add-properties' to 'false' to disable
2025-07-18T17:09:09.786+02:00  INFO 28075 --- [  restartedMain] .e.DevToolsPropertyDefaultsPostProcessor : For additional web related logging consider setting the 'logging.level.web' property to 'DEBUG'
2025-07-18T17:09:10.082+02:00  INFO 28075 --- [  restartedMain] .s.d.r.c.RepositoryConfigurationDelegate : Bootstrapping Spring Data JPA repositories in DEFAULT mode.
2025-07-18T17:09:10.118+02:00  INFO 28075 --- [  restartedMain] .s.d.r.c.RepositoryConfigurationDelegate : Finished Spring Data repository scanning in 31 ms. Found 4 JPA repository interfaces.
2025-07-18T17:09:10.372+02:00  INFO 28075 --- [  restartedMain] o.s.b.w.embedded.tomcat.TomcatWebServer  : Tomcat initialized with port 8080 (http)
2025-07-18T17:09:10.376+02:00  INFO 28075 --- [  restartedMain] o.apache.catalina.core.StandardService   : Starting service [Tomcat]
2025-07-18T17:09:10.376+02:00  INFO 28075 --- [  restartedMain] o.apache.catalina.core.StandardEngine    : Starting Servlet engine: [Apache Tomcat/10.1.16]
2025-07-18T17:09:10.393+02:00  INFO 28075 --- [  restartedMain] o.a.c.c.C.[Tomcat].[localhost].[/]       : Initializing Spring embedded WebApplicationContext
2025-07-18T17:09:10.394+02:00  INFO 28075 --- [  restartedMain] w.s.c.ServletWebServerApplicationContext : Root WebApplicationContext: initialization completed in 607 ms
2025-07-18T17:09:10.408+02:00  INFO 28075 --- [  restartedMain] com.zaxxer.hikari.HikariDataSource       : HikariPool-1 - Starting...
2025-07-18T17:09:10.488+02:00  INFO 28075 --- [  restartedMain] com.zaxxer.hikari.pool.HikariPool        : HikariPool-1 - Added connection conn0: url=jdbc:h2:mem:temporaldb user=SA
2025-07-18T17:09:10.489+02:00  INFO 28075 --- [  restartedMain] com.zaxxer.hikari.HikariDataSource       : HikariPool-1 - Start completed.
2025-07-18T17:09:10.493+02:00  INFO 28075 --- [  restartedMain] o.s.b.a.h2.H2ConsoleAutoConfiguration    : H2 console available at '/h2-console'. Database available at 'jdbc:h2:mem:temporaldb'
2025-07-18T17:09:10.557+02:00  INFO 28075 --- [  restartedMain] o.hibernate.jpa.internal.util.LogHelper  : HHH000204: Processing PersistenceUnitInfo [name: default]
2025-07-18T17:09:10.590+02:00  INFO 28075 --- [  restartedMain] org.hibernate.Version                    : HHH000412: Hibernate ORM core version 6.3.1.Final
2025-07-18T17:09:10.610+02:00  INFO 28075 --- [  restartedMain] o.h.c.internal.RegionFactoryInitiator    : HHH000026: Second-level cache disabled
2025-07-18T17:09:10.720+02:00  INFO 28075 --- [  restartedMain] o.s.o.j.p.SpringPersistenceUnitInfo      : No LoadTimeWeaver setup: ignoring JPA class transformer
2025-07-18T17:09:10.746+02:00  WARN 28075 --- [  restartedMain] org.hibernate.orm.deprecation            : HHH90000025: H2Dialect does not need to be specified explicitly using 'hibernate.dialect' (remove the property setting and it will be selected by default)
2025-07-18T17:09:11.193+02:00  INFO 28075 --- [  restartedMain] o.h.e.t.j.p.i.JtaPlatformInitiator       : HHH000489: No JTA platform available (set 'hibernate.transaction.jta.platform' to enable JTA platform integration)
Hibernate: drop table if exists game_players cascade 
Hibernate: drop table if exists game_tiles cascade 
Hibernate: drop table if exists games cascade 
Hibernate: drop table if exists hero_inventory cascade 
Hibernate: drop table if exists heroes cascade 
Hibernate: drop table if exists psi_states cascade 
Hibernate: drop table if exists tile_occupants cascade 
Hibernate: create table game_players (game_id bigint not null, player_id varchar(255))
Hibernate: create table game_tiles (defense_bonus integer, has_psi_states boolean, is_locked boolean, is_temporal_zone boolean, lock_duration integer, movement_cost integer, temporal_energy_bonus integer, x integer not null, y integer not null, game_id bigint, id bigint generated by default as identity, building_owner varchar(255), building_type varchar(255), temporal_zone_type varchar(255), terrain varchar(255), primary key (id))
Hibernate: create table games (current_turn integer, map_height integer, map_width integer, max_players integer, created_at timestamp(6), ended_at timestamp(6), id bigint generated by default as identity, started_at timestamp(6), current_player varchar(255), current_timeline varchar(255), game_name varchar(255) not null, status varchar(255) check (status in ('WAITING','ACTIVE','PAUSED','FINISHED','CANCELLED')), winner varchar(255), primary key (id))
Hibernate: create table hero_inventory (hero_id bigint not null, item varchar(255))
Hibernate: create table heroes (health integer, max_health integer, max_movement_points integer, max_temporal_energy integer, movement_points integer, position_x integer, position_y integer, temporal_energy integer, game_id bigint, id bigint generated by default as identity, name varchar(255) not null, player_id varchar(255), status varchar(255) check (status in ('ACTIVE','TEMPORAL_SHIFT','QUANTUM_SUPERPOSITION','COLLAPSED','DEAD')), timeline_branch varchar(255), primary key (id))
Hibernate: create table psi_states (amplitude_imaginary float(53), amplitude_real float(53), delta_t integer, probability float(53), target_x integer, target_y integer, use_complex_amplitude boolean, created_at timestamp(6), game_id bigint, id bigint generated by default as identity, action_type varchar(255), branch_id varchar(255), collapse_trigger varchar(255), expression TEXT, owner_hero varchar(255), psi_id varchar(255) not null unique, status varchar(255) check (status in ('ACTIVE','COLLAPSED','TRIGGERED','EXPIRED')), primary key (id))
Hibernate: create table tile_occupants (tile_id bigint not null, occupant varchar(255))
Hibernate: alter table if exists game_players add constraint FKrbr2flqdav5ovyjas7q92u64r foreign key (game_id) references games
Hibernate: alter table if exists game_tiles add constraint FK9jnp7yfteauo45smvmxa8710m foreign key (game_id) references games
Hibernate: alter table if exists hero_inventory add constraint FKox21x0dd4fg7w81h3a8o6chu foreign key (hero_id) references heroes
Hibernate: alter table if exists heroes add constraint FKb88jgdc3dfmmhbnrpl6u5sjdn foreign key (game_id) references games
Hibernate: alter table if exists psi_states add constraint FK9kbp67wo94i0jk9w4v3ja4meq foreign key (game_id) references games
Hibernate: alter table if exists tile_occupants add constraint FKia56skupqk3qxypotqpovr3gb foreign key (tile_id) references game_tiles
2025-07-18T17:09:11.222+02:00  INFO 28075 --- [  restartedMain] j.LocalContainerEntityManagerFactoryBean : Initialized JPA EntityManagerFactory for persistence unit 'default'
2025-07-18T17:09:11.376+02:00  INFO 28075 --- [  restartedMain] o.s.d.j.r.query.QueryEnhancerFactory     : Hibernate is in classpath; If applicable, HQL parser will be used.
2025-07-18T17:09:11.680+02:00  WARN 28075 --- [  restartedMain] JpaBaseConfiguration$JpaWebConfiguration : spring.jpa.open-in-view is enabled by default. Therefore, database queries may be performed during view rendering. Explicitly configure spring.jpa.open-in-view to disable this warning
2025-07-18T17:09:11.849+02:00  INFO 28075 --- [  restartedMain] o.s.b.d.a.OptionalLiveReloadServer       : LiveReload server is running on port 35729
2025-07-18T17:09:11.862+02:00  INFO 28075 --- [  restartedMain] o.s.b.w.embedded.tomcat.TomcatWebServer  : Tomcat started on port 8080 (http) with context path ''
2025-07-18T17:09:11.867+02:00  INFO 28075 --- [  restartedMain] c.h.t.TemporalEngineApplication          : Started TemporalEngineApplication in 2.272 seconds (process running for 2.462)
2025-07-18T17:09:12.479+02:00  INFO 28075 --- [nio-8080-exec-1] o.a.c.c.C.[Tomcat].[localhost].[/]       : Initializing Spring DispatcherServlet 'dispatcherServlet'
2025-07-18T17:09:12.479+02:00  INFO 28075 --- [nio-8080-exec-1] o.s.web.servlet.DispatcherServlet        : Initializing Servlet 'dispatcherServlet'
2025-07-18T17:09:12.480+02:00  INFO 28075 --- [nio-8080-exec-1] o.s.web.servlet.DispatcherServlet        : Completed initialization in 1 ms
Hibernate: select count(*) from games g1_0
Hibernate: select count(*) from games g1_0
[INFO] ------------------------------------------------------------------------
[INFO] BUILD FAILURE
[INFO] ------------------------------------------------------------------------
[INFO] Total time:  20.357 s
[INFO] Finished at: 2025-07-18T17:09:27+02:00
[INFO] ------------------------------------------------------------------------
[ERROR] Failed to execute goal org.springframework.boot:spring-boot-maven-plugin:3.2.0:run (default-cli) on project temporal-engine: Process terminated with exit code: 137 -> [Help 1]
[ERROR] 
[ERROR] To see the full stack trace of the errors, re-run Maven with the -e switch.
[ERROR] Re-run Maven using the -X switch to enable full debug logging.
[ERROR] 
[ERROR] For more information about the errors and possible solutions, please read the following articles:
[ERROR] [Help 1] http://cwiki.apache.org/confluence/display/MAVEN/MojoExecutionException
