[INFO] Scanning for projects...
[INFO] 
[INFO] ----------------< com.heroesoftimepoc:temporal-engine >-----------------
[INFO] Building Heroes of Time POC - Temporal Engine 0.0.1-SNAPSHOT
[INFO] --------------------------------[ jar ]---------------------------------
[INFO] 
[INFO] >>> spring-boot-maven-plugin:3.2.0:run (default-cli) > test-compile @ temporal-engine >>>
[INFO] 
[INFO] --- maven-resources-plugin:3.3.1:resources (default-resources) @ temporal-engine ---
[INFO] Copying 1 resource from src/main/resources to target/classes
[INFO] Copying 4 resources from src/main/resources to target/classes
[INFO] 
[INFO] --- maven-compiler-plugin:3.11.0:compile (default-compile) @ temporal-engine ---
[INFO] Changes detected - recompiling the module! :source
[INFO] Compiling 56 source files with javac [debug release 17] to target/classes
[INFO] /Users/admin/HOT/Heroes-of-Time/backend/src/main/java/com/heroesoftimepoc/temporalengine/service/AntlrTemporalScriptParser.java: /Users/admin/HOT/Heroes-of-Time/backend/src/main/java/com/heroesoftimepoc/temporalengine/service/AntlrTemporalScriptParser.java uses or overrides a deprecated API.
[INFO] /Users/admin/HOT/Heroes-of-Time/backend/src/main/java/com/heroesoftimepoc/temporalengine/service/AntlrTemporalScriptParser.java: Recompile with -Xlint:deprecation for details.
[INFO] /Users/admin/HOT/Heroes-of-Time/backend/src/main/java/com/heroesoftimepoc/temporalengine/service/TemporalEngineService.java: Some input files use unchecked or unsafe operations.
[INFO] /Users/admin/HOT/Heroes-of-Time/backend/src/main/java/com/heroesoftimepoc/temporalengine/service/TemporalEngineService.java: Recompile with -Xlint:unchecked for details.
[INFO] 
[INFO] --- maven-resources-plugin:3.3.1:testResources (default-testResources) @ temporal-engine ---
[INFO] Copying 1 resource from src/test/resources to target/test-classes
[INFO] 
[INFO] --- maven-compiler-plugin:3.11.0:testCompile (default-testCompile) @ temporal-engine ---
[INFO] Changes detected - recompiling the module! :dependency
[INFO] Compiling 11 source files with javac [debug release 17] to target/test-classes
[INFO] /Users/admin/HOT/Heroes-of-Time/backend/src/test/java/com/heroesoftimepoc/temporalengine/integration/BatailleTemporelleIntegrationTest.java: Some input files use unchecked or unsafe operations.
[INFO] /Users/admin/HOT/Heroes-of-Time/backend/src/test/java/com/heroesoftimepoc/temporalengine/integration/BatailleTemporelleIntegrationTest.java: Recompile with -Xlint:unchecked for details.
[INFO] 
[INFO] <<< spring-boot-maven-plugin:3.2.0:run (default-cli) < test-compile @ temporal-engine <<<
[INFO] 
[INFO] 
[INFO] --- spring-boot-maven-plugin:3.2.0:run (default-cli) @ temporal-engine ---
[INFO] Attaching agents: []

  .   ____          _            __ _ _
 /\\ / ___'_ __ _ _(_)_ __  __ _ \ \ \ \
( ( )\___ | '_ | '_| | '_ \/ _` | \ \ \ \
 \\/  ___)| |_)| | | | | || (_| |  ) ) ) )
  '  |____| .__|_| |_|_| |_\__, | / / / /
 =========|_|==============|___/=/_/_/_/
 :: Spring Boot ::                (v3.2.0)

2025-07-19T00:17:13.596+02:00  INFO 80301 --- [  restartedMain] c.h.t.TemporalEngineApplication          : Starting TemporalEngineApplication using Java 17.0.15 with PID 80301 (/Users/admin/HOT/Heroes-of-Time/backend/target/classes started by admin in /Users/admin/HOT/Heroes-of-Time/backend)
2025-07-19T00:17:13.598+02:00  INFO 80301 --- [  restartedMain] c.h.t.TemporalEngineApplication          : No active profile set, falling back to 1 default profile: "default"
2025-07-19T00:17:13.620+02:00  INFO 80301 --- [  restartedMain] .e.DevToolsPropertyDefaultsPostProcessor : Devtools property defaults active! Set 'spring.devtools.add-properties' to 'false' to disable
2025-07-19T00:17:13.620+02:00  INFO 80301 --- [  restartedMain] .e.DevToolsPropertyDefaultsPostProcessor : For additional web related logging consider setting the 'logging.level.web' property to 'DEBUG'
2025-07-19T00:17:13.906+02:00  INFO 80301 --- [  restartedMain] .s.d.r.c.RepositoryConfigurationDelegate : Bootstrapping Spring Data JPA repositories in DEFAULT mode.
2025-07-19T00:17:13.938+02:00  INFO 80301 --- [  restartedMain] .s.d.r.c.RepositoryConfigurationDelegate : Finished Spring Data repository scanning in 27 ms. Found 5 JPA repository interfaces.
2025-07-19T00:17:14.194+02:00  INFO 80301 --- [  restartedMain] o.s.b.w.embedded.tomcat.TomcatWebServer  : Tomcat initialized with port 8080 (http)
2025-07-19T00:17:14.199+02:00  INFO 80301 --- [  restartedMain] o.apache.catalina.core.StandardService   : Starting service [Tomcat]
2025-07-19T00:17:14.199+02:00  INFO 80301 --- [  restartedMain] o.apache.catalina.core.StandardEngine    : Starting Servlet engine: [Apache Tomcat/10.1.16]
2025-07-19T00:17:14.216+02:00  INFO 80301 --- [  restartedMain] o.a.c.c.C.[Tomcat].[localhost].[/]       : Initializing Spring embedded WebApplicationContext
2025-07-19T00:17:14.217+02:00  INFO 80301 --- [  restartedMain] w.s.c.ServletWebServerApplicationContext : Root WebApplicationContext: initialization completed in 597 ms
2025-07-19T00:17:14.222+02:00  INFO 80301 --- [  restartedMain] com.zaxxer.hikari.HikariDataSource       : HeroesOfTimePool - Starting...
2025-07-19T00:17:14.312+02:00  INFO 80301 --- [  restartedMain] com.zaxxer.hikari.pool.HikariPool        : HeroesOfTimePool - Added connection conn0: url=jdbc:h2:mem:heroesdb user=SA
2025-07-19T00:17:14.334+02:00  INFO 80301 --- [  restartedMain] com.zaxxer.hikari.HikariDataSource       : HeroesOfTimePool - Start completed.
2025-07-19T00:17:14.349+02:00  INFO 80301 --- [  restartedMain] o.s.b.a.h2.H2ConsoleAutoConfiguration    : H2 console available at '/h2-console'. Database available at 'jdbc:h2:mem:heroesdb'
2025-07-19T00:17:14.414+02:00  INFO 80301 --- [  restartedMain] o.hibernate.jpa.internal.util.LogHelper  : HHH000204: Processing PersistenceUnitInfo [name: default]
2025-07-19T00:17:14.442+02:00  INFO 80301 --- [  restartedMain] org.hibernate.Version                    : HHH000412: Hibernate ORM core version 6.3.1.Final
2025-07-19T00:17:14.458+02:00  INFO 80301 --- [  restartedMain] o.h.c.internal.RegionFactoryInitiator    : HHH000026: Second-level cache disabled
2025-07-19T00:17:14.562+02:00  INFO 80301 --- [  restartedMain] o.s.o.j.p.SpringPersistenceUnitInfo      : No LoadTimeWeaver setup: ignoring JPA class transformer
2025-07-19T00:17:14.584+02:00  WARN 80301 --- [  restartedMain] org.hibernate.orm.deprecation            : HHH90000025: H2Dialect does not need to be specified explicitly using 'hibernate.dialect' (remove the property setting and it will be selected by default)
2025-07-19T00:17:15.035+02:00  INFO 80301 --- [  restartedMain] o.h.e.t.j.p.i.JtaPlatformInitiator       : HHH000489: No JTA platform available (set 'hibernate.transaction.jta.platform' to enable JTA platform integration)
Hibernate: drop table if exists game_players cascade 
2025-07-19T00:17:15.042+02:00  INFO 80301 --- [  restartedMain] org.hibernate.orm.connections.access     : HHH10001501: Connection obtained from JdbcConnectionAccess [org.hibernate.engine.jdbc.env.internal.JdbcEnvironmentInitiator$ConnectionProviderJdbcConnectionAccess@201adbf8] for (non-JTA) DDL execution was not in auto-commit mode; the Connection 'local transaction' will be committed and the Connection will be set into auto-commit mode.
Hibernate: drop table if exists game_tiles cascade 
Hibernate: drop table if exists games cascade 
Hibernate: drop table if exists hero_inventory cascade 
Hibernate: drop table if exists heroes cascade 
Hibernate: drop table if exists psi_states cascade 
Hibernate: drop table if exists temporal_artifacts cascade 
Hibernate: drop table if exists tile_occupants cascade 
Hibernate: create table game_players (game_id bigint not null, player_id varchar(255))
2025-07-19T00:17:15.046+02:00  INFO 80301 --- [  restartedMain] org.hibernate.orm.connections.access     : HHH10001501: Connection obtained from JdbcConnectionAccess [org.hibernate.engine.jdbc.env.internal.JdbcEnvironmentInitiator$ConnectionProviderJdbcConnectionAccess@114be7d1] for (non-JTA) DDL execution was not in auto-commit mode; the Connection 'local transaction' will be committed and the Connection will be set into auto-commit mode.
Hibernate: create table game_tiles (defense_bonus integer, has_psi_states boolean, is_locked boolean, is_temporal_zone boolean, lock_duration integer, movement_cost integer, temporal_energy_bonus integer, x integer not null, y integer not null, game_id bigint, id bigint generated by default as identity, building_owner varchar(255), building_type varchar(255), temporal_zone_type varchar(255), terrain varchar(255), primary key (id))
Hibernate: create table games (current_turn integer, map_height integer, map_width integer, max_players integer, created_at timestamp(6), ended_at timestamp(6), id bigint generated by default as identity, started_at timestamp(6), current_player varchar(255), current_timeline varchar(255), game_name varchar(255) not null, status varchar(255) check (status in ('WAITING','ACTIVE','PAUSED','FINISHED','CANCELLED')), winner varchar(255), primary key (id))
Hibernate: create table hero_inventory (hero_id bigint not null, item varchar(255))
Hibernate: create table heroes (current_day integer, days_traveled integer, has_observation_ability boolean, health integer, max_health integer, max_movement_points integer, max_temporal_energy integer, movement_points integer, movement_points_per_day integer, observation_range integer, position_x integer, position_y integer, temporal_energy integer, vision_radius integer, game_id bigint, id bigint generated by default as identity, name varchar(255) not null, player_id varchar(255), status varchar(255) check (status in ('ACTIVE','TEMPORAL_SHIFT','QUANTUM_SUPERPOSITION','COLLAPSED','DEAD')), timeline_branch varchar(255), primary key (id))
Hibernate: create table psi_states (amplitude_imaginary float(53), amplitude_real float(53), delta_t integer, probability float(53), target_x integer, target_y integer, use_complex_amplitude boolean, created_at timestamp(6), game_id bigint, id bigint generated by default as identity, action_type varchar(255), branch_id varchar(255), collapse_trigger varchar(255), expression TEXT, owner_hero varchar(255), psi_id varchar(255) not null unique, status varchar(255) check (status in ('ACTIVE','COLLAPSED','TRIGGERED','EXPIRED')), primary key (id))
Hibernate: create table temporal_artifacts (effect_duration integer, effect_power integer, effect_radius integer, position_x integer, position_y integer, remaining_duration integer, temporal_energy_cost integer, activated_at timestamp(6), created_at timestamp(6), game_id bigint, id bigint generated by default as identity, artifact_id varchar(255) not null unique, description TEXT, name varchar(255) not null, owner_id varchar(255), status varchar(255) check (status in ('INACTIVE','ACTIVE','EXHAUSTED','DESTROYED','CHARGING')), type varchar(255) not null check (type in ('VEIL','ANCHOR_TOWER','WIGNER_EYE','TEMPORAL_SWORD','CHRONOS_SHIELD','QUANTUM_MIRROR','TEMPORAL_COMPASS','CAUSAL_DISRUPTOR')), primary key (id))
Hibernate: create table tile_occupants (tile_id bigint not null, occupant varchar(255))
Hibernate: alter table if exists game_players add constraint FKrbr2flqdav5ovyjas7q92u64r foreign key (game_id) references games
Hibernate: alter table if exists game_tiles add constraint FK9jnp7yfteauo45smvmxa8710m foreign key (game_id) references games
Hibernate: alter table if exists hero_inventory add constraint FKox21x0dd4fg7w81h3a8o6chu foreign key (hero_id) references heroes
Hibernate: alter table if exists heroes add constraint FKb88jgdc3dfmmhbnrpl6u5sjdn foreign key (game_id) references games
Hibernate: alter table if exists psi_states add constraint FK9kbp67wo94i0jk9w4v3ja4meq foreign key (game_id) references games
Hibernate: alter table if exists temporal_artifacts add constraint FK4gwvr3vnipo301cwl6hnvtyn1 foreign key (game_id) references games
Hibernate: alter table if exists tile_occupants add constraint FKia56skupqk3qxypotqpovr3gb foreign key (tile_id) references game_tiles
2025-07-19T00:17:15.066+02:00  INFO 80301 --- [  restartedMain] j.LocalContainerEntityManagerFactoryBean : Initialized JPA EntityManagerFactory for persistence unit 'default'
2025-07-19T00:17:15.246+02:00  INFO 80301 --- [  restartedMain] o.s.d.j.r.query.QueryEnhancerFactory     : Hibernate is in classpath; If applicable, HQL parser will be used.
2025-07-19T00:17:15.630+02:00  WARN 80301 --- [  restartedMain] JpaBaseConfiguration$JpaWebConfiguration : spring.jpa.open-in-view is enabled by default. Therefore, database queries may be performed during view rendering. Explicitly configure spring.jpa.open-in-view to disable this warning
2025-07-19T00:17:15.806+02:00  INFO 80301 --- [  restartedMain] o.s.b.d.a.OptionalLiveReloadServer       : LiveReload server is running on port 35729
2025-07-19T00:17:15.822+02:00  INFO 80301 --- [  restartedMain] o.s.b.w.embedded.tomcat.TomcatWebServer  : Tomcat started on port 8080 (http) with context path ''
2025-07-19T00:17:15.827+02:00  INFO 80301 --- [  restartedMain] c.h.t.TemporalEngineApplication          : Started TemporalEngineApplication in 2.375 seconds (process running for 2.564)
2025-07-19T00:17:57.267+02:00  INFO 80301 --- [nio-8080-exec-1] o.a.c.c.C.[Tomcat].[localhost].[/]       : Initializing Spring DispatcherServlet 'dispatcherServlet'
2025-07-19T00:17:57.267+02:00  INFO 80301 --- [nio-8080-exec-1] o.s.web.servlet.DispatcherServlet        : Initializing Servlet 'dispatcherServlet'
2025-07-19T00:17:57.270+02:00  INFO 80301 --- [nio-8080-exec-1] o.s.web.servlet.DispatcherServlet        : Completed initialization in 2 ms
Hibernate: select count(*) from games g1_0
Hibernate: select count(*) from games g1_0
Hibernate: select count(*) from psi_states ps1_0
Hibernate: select count(*) from heroes h1_0
Hibernate: insert into games (created_at,current_player,current_timeline,current_turn,ended_at,game_name,map_height,map_width,max_players,started_at,status,winner,id) values (?,?,?,?,?,?,?,?,?,?,?,?,default)
Hibernate: insert into game_players (game_id,player_id) values (?,?)
Hibernate: select g1_0.id,g1_0.created_at,g1_0.current_player,g1_0.current_timeline,g1_0.current_turn,g1_0.ended_at,g1_0.game_name,g1_0.map_height,g1_0.map_width,g1_0.max_players,g1_0.started_at,g1_0.status,g1_0.winner from games g1_0 where g1_0.id=?
Hibernate: insert into heroes (current_day,days_traveled,game_id,has_observation_ability,health,max_health,max_movement_points,max_temporal_energy,movement_points,movement_points_per_day,name,observation_range,player_id,position_x,position_y,status,temporal_energy,timeline_branch,vision_radius,id) values (?,?,?,?,?,?,?,?,?,?,?,?,?,?,?,?,?,?,?,default)
Hibernate: select ps1_0.game_id,ps1_0.id,ps1_0.action_type,ps1_0.branch_id,ps1_0.collapse_trigger,ps1_0.amplitude_imaginary,ps1_0.amplitude_real,ps1_0.created_at,ps1_0.delta_t,ps1_0.expression,ps1_0.owner_hero,ps1_0.probability,ps1_0.psi_id,ps1_0.status,ps1_0.target_x,ps1_0.target_y,ps1_0.use_complex_amplitude from psi_states ps1_0 where ps1_0.game_id=?
📊 Statistiques collapse causale: {activeStates=0, collapsedStates=0, totalStates=0, collapseRate=NaN, collapsesByType={}}
Hibernate: select t1_0.game_id,t1_0.id,t1_0.building_owner,t1_0.building_type,t1_0.defense_bonus,t1_0.has_psi_states,t1_0.is_locked,t1_0.is_temporal_zone,t1_0.lock_duration,t1_0.movement_cost,t1_0.temporal_energy_bonus,t1_0.temporal_zone_type,t1_0.terrain,t1_0.x,t1_0.y from game_tiles t1_0 where t1_0.game_id=?
Hibernate: select g1_0.id,g1_0.created_at,g1_0.current_player,g1_0.current_timeline,g1_0.current_turn,g1_0.ended_at,g1_0.game_name,g1_0.map_height,g1_0.map_width,g1_0.max_players,g1_0.started_at,g1_0.status,g1_0.winner from games g1_0 where g1_0.id=?
Hibernate: select g1_0.id,g1_0.created_at,g1_0.current_player,g1_0.current_timeline,g1_0.current_turn,g1_0.ended_at,g1_0.game_name,g1_0.map_height,g1_0.map_width,g1_0.max_players,g1_0.started_at,g1_0.status,g1_0.winner from games g1_0 where g1_0.id=?
Hibernate: select g1_0.id,g1_0.created_at,g1_0.current_player,g1_0.current_timeline,g1_0.current_turn,g1_0.ended_at,g1_0.game_name,g1_0.map_height,g1_0.map_width,g1_0.max_players,g1_0.started_at,g1_0.status,g1_0.winner from games g1_0 where g1_0.id=?
2025-07-19T00:20:22.588+02:00  INFO 80301 --- [   File Watcher] rtingClassPathChangeChangedEventListener : Restarting due to 6 class path changes (0 additions, 0 deletions, 6 modifications)
2025-07-19T00:20:22.626+02:00  INFO 80301 --- [       Thread-5] j.LocalContainerEntityManagerFactoryBean : Closing JPA EntityManagerFactory for persistence unit 'default'
Hibernate: drop table if exists game_players cascade 
2025-07-19T00:20:22.628+02:00  INFO 80301 --- [       Thread-5] org.hibernate.orm.connections.access     : HHH10001501: Connection obtained from JdbcConnectionAccess [org.hibernate.engine.jdbc.env.internal.JdbcEnvironmentInitiator$ConnectionProviderJdbcConnectionAccess@46e3af33] for (non-JTA) DDL execution was not in auto-commit mode; the Connection 'local transaction' will be committed and the Connection will be set into auto-commit mode.
Hibernate: drop table if exists game_tiles cascade 
Hibernate: drop table if exists games cascade 
Hibernate: drop table if exists hero_inventory cascade 
Hibernate: drop table if exists heroes cascade 
Hibernate: drop table if exists psi_states cascade 
Hibernate: drop table if exists temporal_artifacts cascade 
Hibernate: drop table if exists tile_occupants cascade 
2025-07-19T00:20:22.637+02:00  INFO 80301 --- [       Thread-5] com.zaxxer.hikari.HikariDataSource       : HeroesOfTimePool - Shutdown initiated...
2025-07-19T00:20:22.638+02:00  INFO 80301 --- [       Thread-5] com.zaxxer.hikari.HikariDataSource       : HeroesOfTimePool - Shutdown completed.

  .   ____          _            __ _ _
 /\\ / ___'_ __ _ _(_)_ __  __ _ \ \ \ \
( ( )\___ | '_ | '_| | '_ \/ _` | \ \ \ \
 \\/  ___)| |_)| | | | | || (_| |  ) ) ) )
  '  |____| .__|_| |_|_| |_\__, | / / / /
 =========|_|==============|___/=/_/_/_/
 :: Spring Boot ::                (v3.2.0)

2025-07-19T00:20:22.700+02:00  INFO 80301 --- [  restartedMain] c.h.t.TemporalEngineApplication          : Starting TemporalEngineApplication using Java 17.0.15 with PID 80301 (/Users/admin/HOT/Heroes-of-Time/backend/target/classes started by admin in /Users/admin/HOT/Heroes-of-Time/backend)
2025-07-19T00:20:22.700+02:00  INFO 80301 --- [  restartedMain] c.h.t.TemporalEngineApplication          : No active profile set, falling back to 1 default profile: "default"
2025-07-19T00:20:22.808+02:00  INFO 80301 --- [  restartedMain] .s.d.r.c.RepositoryConfigurationDelegate : Bootstrapping Spring Data JPA repositories in DEFAULT mode.
2025-07-19T00:20:22.818+02:00  INFO 80301 --- [  restartedMain] .s.d.r.c.RepositoryConfigurationDelegate : Finished Spring Data repository scanning in 10 ms. Found 5 JPA repository interfaces.
2025-07-19T00:20:22.874+02:00  INFO 80301 --- [  restartedMain] o.s.b.w.embedded.tomcat.TomcatWebServer  : Tomcat initialized with port 8080 (http)
2025-07-19T00:20:22.875+02:00  INFO 80301 --- [  restartedMain] o.apache.catalina.core.StandardService   : Starting service [Tomcat]
2025-07-19T00:20:22.875+02:00  INFO 80301 --- [  restartedMain] o.apache.catalina.core.StandardEngine    : Starting Servlet engine: [Apache Tomcat/10.1.16]
2025-07-19T00:20:22.879+02:00  INFO 80301 --- [  restartedMain] o.a.c.c.C.[Tomcat].[localhost].[/]       : Initializing Spring embedded WebApplicationContext
2025-07-19T00:20:22.879+02:00  INFO 80301 --- [  restartedMain] w.s.c.ServletWebServerApplicationContext : Root WebApplicationContext: initialization completed in 178 ms
2025-07-19T00:20:22.881+02:00  INFO 80301 --- [  restartedMain] com.zaxxer.hikari.HikariDataSource       : HeroesOfTimePool - Starting...
2025-07-19T00:20:22.882+02:00  INFO 80301 --- [  restartedMain] com.zaxxer.hikari.pool.HikariPool        : HeroesOfTimePool - Added connection conn5: url=jdbc:h2:mem:heroesdb user=SA
2025-07-19T00:20:22.882+02:00  INFO 80301 --- [  restartedMain] com.zaxxer.hikari.HikariDataSource       : HeroesOfTimePool - Start completed.
2025-07-19T00:20:22.884+02:00  INFO 80301 --- [  restartedMain] o.s.b.a.h2.H2ConsoleAutoConfiguration    : H2 console available at '/h2-console'. Database available at 'jdbc:h2:mem:heroesdb'
2025-07-19T00:20:22.901+02:00  INFO 80301 --- [  restartedMain] o.hibernate.jpa.internal.util.LogHelper  : HHH000204: Processing PersistenceUnitInfo [name: default]
2025-07-19T00:20:22.902+02:00  INFO 80301 --- [  restartedMain] o.h.c.internal.RegionFactoryInitiator    : HHH000026: Second-level cache disabled
2025-07-19T00:20:22.903+02:00  INFO 80301 --- [  restartedMain] o.s.o.j.p.SpringPersistenceUnitInfo      : No LoadTimeWeaver setup: ignoring JPA class transformer
2025-07-19T00:20:22.903+02:00  WARN 80301 --- [  restartedMain] org.hibernate.orm.deprecation            : HHH90000025: H2Dialect does not need to be specified explicitly using 'hibernate.dialect' (remove the property setting and it will be selected by default)
2025-07-19T00:20:22.977+02:00  INFO 80301 --- [  restartedMain] o.h.e.t.j.p.i.JtaPlatformInitiator       : HHH000489: No JTA platform available (set 'hibernate.transaction.jta.platform' to enable JTA platform integration)
Hibernate: drop table if exists game_players cascade 
2025-07-19T00:20:22.977+02:00  INFO 80301 --- [  restartedMain] org.hibernate.orm.connections.access     : HHH10001501: Connection obtained from JdbcConnectionAccess [org.hibernate.engine.jdbc.env.internal.JdbcEnvironmentInitiator$ConnectionProviderJdbcConnectionAccess@4cb6c1c8] for (non-JTA) DDL execution was not in auto-commit mode; the Connection 'local transaction' will be committed and the Connection will be set into auto-commit mode.
Hibernate: drop table if exists game_tiles cascade 
Hibernate: drop table if exists games cascade 
Hibernate: drop table if exists hero_inventory cascade 
Hibernate: drop table if exists heroes cascade 
Hibernate: drop table if exists psi_states cascade 
Hibernate: drop table if exists temporal_artifacts cascade 
Hibernate: drop table if exists tile_occupants cascade 
Hibernate: create table game_players (game_id bigint not null, player_id varchar(255))
2025-07-19T00:20:22.978+02:00  INFO 80301 --- [  restartedMain] org.hibernate.orm.connections.access     : HHH10001501: Connection obtained from JdbcConnectionAccess [org.hibernate.engine.jdbc.env.internal.JdbcEnvironmentInitiator$ConnectionProviderJdbcConnectionAccess@6ff2a1e] for (non-JTA) DDL execution was not in auto-commit mode; the Connection 'local transaction' will be committed and the Connection will be set into auto-commit mode.
Hibernate: create table game_tiles (defense_bonus integer, has_psi_states boolean, is_locked boolean, is_temporal_zone boolean, lock_duration integer, movement_cost integer, temporal_energy_bonus integer, x integer not null, y integer not null, game_id bigint, id bigint generated by default as identity, building_owner varchar(255), building_type varchar(255), temporal_zone_type varchar(255), terrain varchar(255), primary key (id))
Hibernate: create table games (current_turn integer, map_height integer, map_width integer, max_players integer, created_at timestamp(6), ended_at timestamp(6), id bigint generated by default as identity, started_at timestamp(6), current_player varchar(255), current_timeline varchar(255), game_name varchar(255) not null, status varchar(255) check (status in ('WAITING','ACTIVE','PAUSED','FINISHED','CANCELLED')), winner varchar(255), primary key (id))
Hibernate: create table hero_inventory (hero_id bigint not null, item varchar(255))
Hibernate: create table heroes (current_day integer, days_traveled integer, has_observation_ability boolean, health integer, max_health integer, max_movement_points integer, max_temporal_energy integer, movement_points integer, movement_points_per_day integer, observation_range integer, position_x integer, position_y integer, temporal_energy integer, vision_radius integer, game_id bigint, id bigint generated by default as identity, name varchar(255) not null, player_id varchar(255), status varchar(255) check (status in ('ACTIVE','TEMPORAL_SHIFT','QUANTUM_SUPERPOSITION','COLLAPSED','DEAD')), timeline_branch varchar(255), primary key (id))
Hibernate: create table psi_states (amplitude_imaginary float(53), amplitude_real float(53), delta_t integer, probability float(53), target_x integer, target_y integer, use_complex_amplitude boolean, created_at timestamp(6), game_id bigint, id bigint generated by default as identity, action_type varchar(255), branch_id varchar(255), collapse_trigger varchar(255), expression TEXT, owner_hero varchar(255), psi_id varchar(255) not null unique, status varchar(255) check (status in ('ACTIVE','COLLAPSED','TRIGGERED','EXPIRED')), primary key (id))
Hibernate: create table temporal_artifacts (effect_duration integer, effect_power integer, effect_radius integer, position_x integer, position_y integer, remaining_duration integer, temporal_energy_cost integer, activated_at timestamp(6), created_at timestamp(6), game_id bigint, id bigint generated by default as identity, artifact_id varchar(255) not null unique, description TEXT, name varchar(255) not null, owner_id varchar(255), status varchar(255) check (status in ('INACTIVE','ACTIVE','EXHAUSTED','DESTROYED','CHARGING')), type varchar(255) not null check (type in ('VEIL','ANCHOR_TOWER','WIGNER_EYE','TEMPORAL_SWORD','CHRONOS_SHIELD','QUANTUM_MIRROR','TEMPORAL_COMPASS','CAUSAL_DISRUPTOR')), primary key (id))
Hibernate: create table tile_occupants (tile_id bigint not null, occupant varchar(255))
Hibernate: alter table if exists game_players add constraint FKrbr2flqdav5ovyjas7q92u64r foreign key (game_id) references games
Hibernate: alter table if exists game_tiles add constraint FK9jnp7yfteauo45smvmxa8710m foreign key (game_id) references games
Hibernate: alter table if exists hero_inventory add constraint FKox21x0dd4fg7w81h3a8o6chu foreign key (hero_id) references heroes
Hibernate: alter table if exists heroes add constraint FKb88jgdc3dfmmhbnrpl6u5sjdn foreign key (game_id) references games
Hibernate: alter table if exists psi_states add constraint FK9kbp67wo94i0jk9w4v3ja4meq foreign key (game_id) references games
Hibernate: alter table if exists temporal_artifacts add constraint FK4gwvr3vnipo301cwl6hnvtyn1 foreign key (game_id) references games
Hibernate: alter table if exists tile_occupants add constraint FKia56skupqk3qxypotqpovr3gb foreign key (tile_id) references game_tiles
2025-07-19T00:20:22.986+02:00  INFO 80301 --- [  restartedMain] j.LocalContainerEntityManagerFactoryBean : Initialized JPA EntityManagerFactory for persistence unit 'default'
2025-07-19T00:20:23.005+02:00  WARN 80301 --- [  restartedMain] ConfigServletWebServerApplicationContext : Exception encountered during context initialization - cancelling refresh attempt: org.springframework.beans.factory.BeanCreationException: Error creating bean with name 'apiGamesController' defined in file [/Users/admin/HOT/Heroes-of-Time/backend/target/classes/com/heroesoftimepoc/temporalengine/controller/ApiGamesController.class]: Failed to instantiate [com.heroesoftimepoc.temporalengine.controller.ApiGamesController]: Constructor threw exception
2025-07-19T00:20:23.005+02:00  INFO 80301 --- [  restartedMain] j.LocalContainerEntityManagerFactoryBean : Closing JPA EntityManagerFactory for persistence unit 'default'
Hibernate: drop table if exists game_players cascade 
2025-07-19T00:20:23.005+02:00  INFO 80301 --- [  restartedMain] org.hibernate.orm.connections.access     : HHH10001501: Connection obtained from JdbcConnectionAccess [org.hibernate.engine.jdbc.env.internal.JdbcEnvironmentInitiator$ConnectionProviderJdbcConnectionAccess@9830bee] for (non-JTA) DDL execution was not in auto-commit mode; the Connection 'local transaction' will be committed and the Connection will be set into auto-commit mode.
Hibernate: drop table if exists game_tiles cascade 
Hibernate: drop table if exists games cascade 
Hibernate: drop table if exists hero_inventory cascade 
Hibernate: drop table if exists heroes cascade 
Hibernate: drop table if exists psi_states cascade 
Hibernate: drop table if exists temporal_artifacts cascade 
Hibernate: drop table if exists tile_occupants cascade 
2025-07-19T00:20:23.007+02:00  INFO 80301 --- [  restartedMain] com.zaxxer.hikari.HikariDataSource       : HeroesOfTimePool - Shutdown initiated...
2025-07-19T00:20:23.010+02:00  INFO 80301 --- [  restartedMain] com.zaxxer.hikari.HikariDataSource       : HeroesOfTimePool - Shutdown completed.
2025-07-19T00:20:23.011+02:00  INFO 80301 --- [  restartedMain] o.apache.catalina.core.StandardService   : Stopping service [Tomcat]
2025-07-19T00:20:23.013+02:00  INFO 80301 --- [  restartedMain] .s.b.a.l.ConditionEvaluationReportLogger : 

Error starting ApplicationContext. To display the condition evaluation report re-run your application with 'debug' enabled.
2025-07-19T00:20:23.022+02:00 ERROR 80301 --- [  restartedMain] o.s.boot.SpringApplication               : Application run failed

org.springframework.beans.factory.BeanCreationException: Error creating bean with name 'apiGamesController' defined in file [/Users/admin/HOT/Heroes-of-Time/backend/target/classes/com/heroesoftimepoc/temporalengine/controller/ApiGamesController.class]: Failed to instantiate [com.heroesoftimepoc.temporalengine.controller.ApiGamesController]: Constructor threw exception
	at org.springframework.beans.factory.support.AbstractAutowireCapableBeanFactory.instantiateBean(AbstractAutowireCapableBeanFactory.java:1318) ~[spring-beans-6.1.1.jar:6.1.1]
	at org.springframework.beans.factory.support.AbstractAutowireCapableBeanFactory.createBeanInstance(AbstractAutowireCapableBeanFactory.java:1203) ~[spring-beans-6.1.1.jar:6.1.1]
	at org.springframework.beans.factory.support.AbstractAutowireCapableBeanFactory.doCreateBean(AbstractAutowireCapableBeanFactory.java:563) ~[spring-beans-6.1.1.jar:6.1.1]
	at org.springframework.beans.factory.support.AbstractAutowireCapableBeanFactory.createBean(AbstractAutowireCapableBeanFactory.java:523) ~[spring-beans-6.1.1.jar:6.1.1]
	at org.springframework.beans.factory.support.AbstractBeanFactory.lambda$doGetBean$0(AbstractBeanFactory.java:325) ~[spring-beans-6.1.1.jar:6.1.1]
	at org.springframework.beans.factory.support.DefaultSingletonBeanRegistry.getSingleton(DefaultSingletonBeanRegistry.java:234) ~[spring-beans-6.1.1.jar:6.1.1]
	at org.springframework.beans.factory.support.AbstractBeanFactory.doGetBean(AbstractBeanFactory.java:323) ~[spring-beans-6.1.1.jar:6.1.1]
	at org.springframework.beans.factory.support.AbstractBeanFactory.getBean(AbstractBeanFactory.java:199) ~[spring-beans-6.1.1.jar:6.1.1]
	at org.springframework.beans.factory.support.DefaultListableBeanFactory.preInstantiateSingletons(DefaultListableBeanFactory.java:973) ~[spring-beans-6.1.1.jar:6.1.1]
	at org.springframework.context.support.AbstractApplicationContext.finishBeanFactoryInitialization(AbstractApplicationContext.java:946) ~[spring-context-6.1.1.jar:6.1.1]
	at org.springframework.context.support.AbstractApplicationContext.refresh(AbstractApplicationContext.java:616) ~[spring-context-6.1.1.jar:6.1.1]
	at org.springframework.boot.web.servlet.context.ServletWebServerApplicationContext.refresh(ServletWebServerApplicationContext.java:146) ~[spring-boot-3.2.0.jar:3.2.0]
	at org.springframework.boot.SpringApplication.refresh(SpringApplication.java:753) ~[spring-boot-3.2.0.jar:3.2.0]
	at org.springframework.boot.SpringApplication.refreshContext(SpringApplication.java:455) ~[spring-boot-3.2.0.jar:3.2.0]
	at org.springframework.boot.SpringApplication.run(SpringApplication.java:323) ~[spring-boot-3.2.0.jar:3.2.0]
	at org.springframework.boot.SpringApplication.run(SpringApplication.java:1342) ~[spring-boot-3.2.0.jar:3.2.0]
	at org.springframework.boot.SpringApplication.run(SpringApplication.java:1331) ~[spring-boot-3.2.0.jar:3.2.0]
	at com.heroesoftimepoc.temporalengine.TemporalEngineApplication.main(TemporalEngineApplication.java:9) ~[classes/:na]
	at java.base/jdk.internal.reflect.NativeMethodAccessorImpl.invoke0(Native Method) ~[na:na]
	at java.base/jdk.internal.reflect.NativeMethodAccessorImpl.invoke(NativeMethodAccessorImpl.java:77) ~[na:na]
	at java.base/jdk.internal.reflect.DelegatingMethodAccessorImpl.invoke(DelegatingMethodAccessorImpl.java:43) ~[na:na]
	at java.base/java.lang.reflect.Method.invoke(Method.java:569) ~[na:na]
	at org.springframework.boot.devtools.restart.RestartLauncher.run(RestartLauncher.java:50) ~[spring-boot-devtools-3.2.0.jar:3.2.0]
Caused by: org.springframework.beans.BeanInstantiationException: Failed to instantiate [com.heroesoftimepoc.temporalengine.controller.ApiGamesController]: Constructor threw exception
	at org.springframework.beans.BeanUtils.instantiateClass(BeanUtils.java:223) ~[spring-beans-6.1.1.jar:6.1.1]
	at org.springframework.beans.factory.support.SimpleInstantiationStrategy.instantiate(SimpleInstantiationStrategy.java:88) ~[spring-beans-6.1.1.jar:6.1.1]
	at org.springframework.beans.factory.support.AbstractAutowireCapableBeanFactory.instantiateBean(AbstractAutowireCapableBeanFactory.java:1312) ~[spring-beans-6.1.1.jar:6.1.1]
	... 22 common frames omitted
Caused by: java.lang.Error: Unresolved compilation problems: 
	The import com.heroesoftimepoc.temporalengine.model.Game cannot be resolved
	The import com.heroesoftimepoc.temporalengine.repository.GameRepository cannot be resolved
	GameRepository cannot be resolved to a type
	GameRepository cannot be resolved to a type
	Game cannot be resolved to a type
	Game cannot be resolved to a type
	GameRepository cannot be resolved to a type
	Game cannot be resolved to a type
	GameRepository cannot be resolved to a type
	Game cannot be resolved to a type
	GameRepository cannot be resolved to a type

	at com.heroesoftimepoc.temporalengine.controller.ApiGamesController.<init>(ApiGamesController.java:3) ~[classes/:na]
	at java.base/jdk.internal.reflect.NativeConstructorAccessorImpl.newInstance0(Native Method) ~[na:na]
	at java.base/jdk.internal.reflect.NativeConstructorAccessorImpl.newInstance(NativeConstructorAccessorImpl.java:77) ~[na:na]
	at java.base/jdk.internal.reflect.DelegatingConstructorAccessorImpl.newInstance(DelegatingConstructorAccessorImpl.java:45) ~[na:na]
	at java.base/java.lang.reflect.Constructor.newInstanceWithCaller(Constructor.java:500) ~[na:na]
	at java.base/java.lang.reflect.Constructor.newInstance(Constructor.java:481) ~[na:na]
	at org.springframework.beans.BeanUtils.instantiateClass(BeanUtils.java:197) ~[spring-beans-6.1.1.jar:6.1.1]
	... 24 common frames omitted


  .   ____          _            __ _ _
 /\\ / ___'_ __ _ _(_)_ __  __ _ \ \ \ \
( ( )\___ | '_ | '_| | '_ \/ _` | \ \ \ \
 \\/  ___)| |_)| | | | | || (_| |  ) ) ) )
  '  |____| .__|_| |_|_| |_\__, | / / / /
 =========|_|==============|___/=/_/_/_/
 :: Spring Boot ::                (v3.2.0)

2025-07-19T00:20:38.296+02:00  INFO 80301 --- [  restartedMain] c.h.t.TemporalEngineApplication          : Starting TemporalEngineApplication using Java 17.0.15 with PID 80301 (/Users/admin/HOT/Heroes-of-Time/backend/target/classes started by admin in /Users/admin/HOT/Heroes-of-Time/backend)
2025-07-19T00:20:38.296+02:00  INFO 80301 --- [  restartedMain] c.h.t.TemporalEngineApplication          : No active profile set, falling back to 1 default profile: "default"
2025-07-19T00:20:38.667+02:00  INFO 80301 --- [  restartedMain] .s.d.r.c.RepositoryConfigurationDelegate : Bootstrapping Spring Data JPA repositories in DEFAULT mode.
2025-07-19T00:20:38.684+02:00  INFO 80301 --- [  restartedMain] .s.d.r.c.RepositoryConfigurationDelegate : Finished Spring Data repository scanning in 17 ms. Found 5 JPA repository interfaces.
2025-07-19T00:20:38.809+02:00  INFO 80301 --- [  restartedMain] o.s.b.w.embedded.tomcat.TomcatWebServer  : Tomcat initialized with port 8080 (http)
2025-07-19T00:20:38.809+02:00  INFO 80301 --- [  restartedMain] o.apache.catalina.core.StandardService   : Starting service [Tomcat]
2025-07-19T00:20:38.809+02:00  INFO 80301 --- [  restartedMain] o.apache.catalina.core.StandardEngine    : Starting Servlet engine: [Apache Tomcat/10.1.16]
2025-07-19T00:20:38.814+02:00  INFO 80301 --- [  restartedMain] o.a.c.c.C.[Tomcat-1].[localhost].[/]     : Initializing Spring embedded WebApplicationContext
2025-07-19T00:20:38.815+02:00  INFO 80301 --- [  restartedMain] w.s.c.ServletWebServerApplicationContext : Root WebApplicationContext: initialization completed in 518 ms
2025-07-19T00:20:38.817+02:00  INFO 80301 --- [  restartedMain] com.zaxxer.hikari.HikariDataSource       : HeroesOfTimePool - Starting...
2025-07-19T00:20:38.818+02:00  INFO 80301 --- [  restartedMain] com.zaxxer.hikari.pool.HikariPool        : HeroesOfTimePool - Added connection conn8: url=jdbc:h2:mem:heroesdb user=SA
2025-07-19T00:20:38.819+02:00  INFO 80301 --- [  restartedMain] com.zaxxer.hikari.HikariDataSource       : HeroesOfTimePool - Start completed.
2025-07-19T00:20:38.821+02:00  INFO 80301 --- [  restartedMain] o.s.b.a.h2.H2ConsoleAutoConfiguration    : H2 console available at '/h2-console'. Database available at 'jdbc:h2:mem:heroesdb'
2025-07-19T00:20:38.844+02:00  INFO 80301 --- [  restartedMain] o.hibernate.jpa.internal.util.LogHelper  : HHH000204: Processing PersistenceUnitInfo [name: default]
2025-07-19T00:20:38.848+02:00  INFO 80301 --- [  restartedMain] o.h.c.internal.RegionFactoryInitiator    : HHH000026: Second-level cache disabled
2025-07-19T00:20:38.852+02:00  INFO 80301 --- [  restartedMain] o.s.o.j.p.SpringPersistenceUnitInfo      : No LoadTimeWeaver setup: ignoring JPA class transformer
2025-07-19T00:20:38.853+02:00  WARN 80301 --- [  restartedMain] org.hibernate.orm.deprecation            : HHH90000025: H2Dialect does not need to be specified explicitly using 'hibernate.dialect' (remove the property setting and it will be selected by default)
2025-07-19T00:20:38.937+02:00  INFO 80301 --- [  restartedMain] o.h.e.t.j.p.i.JtaPlatformInitiator       : HHH000489: No JTA platform available (set 'hibernate.transaction.jta.platform' to enable JTA platform integration)
Hibernate: drop table if exists game_players cascade 
2025-07-19T00:20:38.938+02:00  INFO 80301 --- [  restartedMain] org.hibernate.orm.connections.access     : HHH10001501: Connection obtained from JdbcConnectionAccess [org.hibernate.engine.jdbc.env.internal.JdbcEnvironmentInitiator$ConnectionProviderJdbcConnectionAccess@e507168] for (non-JTA) DDL execution was not in auto-commit mode; the Connection 'local transaction' will be committed and the Connection will be set into auto-commit mode.
Hibernate: drop table if exists game_tiles cascade 
Hibernate: drop table if exists games cascade 
Hibernate: drop table if exists hero_inventory cascade 
Hibernate: drop table if exists heroes cascade 
Hibernate: drop table if exists psi_states cascade 
Hibernate: drop table if exists temporal_artifacts cascade 
Hibernate: drop table if exists tile_occupants cascade 
Hibernate: create table game_players (game_id bigint not null, player_id varchar(255))
2025-07-19T00:20:38.940+02:00  INFO 80301 --- [  restartedMain] org.hibernate.orm.connections.access     : HHH10001501: Connection obtained from JdbcConnectionAccess [org.hibernate.engine.jdbc.env.internal.JdbcEnvironmentInitiator$ConnectionProviderJdbcConnectionAccess@73837e44] for (non-JTA) DDL execution was not in auto-commit mode; the Connection 'local transaction' will be committed and the Connection will be set into auto-commit mode.
Hibernate: create table game_tiles (defense_bonus integer, has_psi_states boolean, is_locked boolean, is_temporal_zone boolean, lock_duration integer, movement_cost integer, temporal_energy_bonus integer, x integer not null, y integer not null, game_id bigint, id bigint generated by default as identity, building_owner varchar(255), building_type varchar(255), temporal_zone_type varchar(255), terrain varchar(255), primary key (id))
Hibernate: create table games (current_turn integer, map_height integer, map_width integer, max_players integer, created_at timestamp(6), ended_at timestamp(6), id bigint generated by default as identity, started_at timestamp(6), current_player varchar(255), current_timeline varchar(255), game_name varchar(255) not null, status varchar(255) check (status in ('WAITING','ACTIVE','PAUSED','FINISHED','CANCELLED')), winner varchar(255), primary key (id))
Hibernate: create table hero_inventory (hero_id bigint not null, item varchar(255))
Hibernate: create table heroes (current_day integer, days_traveled integer, has_observation_ability boolean, health integer, max_health integer, max_movement_points integer, max_temporal_energy integer, movement_points integer, movement_points_per_day integer, observation_range integer, position_x integer, position_y integer, temporal_energy integer, vision_radius integer, game_id bigint, id bigint generated by default as identity, name varchar(255) not null, player_id varchar(255), status varchar(255) check (status in ('ACTIVE','TEMPORAL_SHIFT','QUANTUM_SUPERPOSITION','COLLAPSED','DEAD')), timeline_branch varchar(255), primary key (id))
Hibernate: create table psi_states (amplitude_imaginary float(53), amplitude_real float(53), delta_t integer, probability float(53), target_x integer, target_y integer, use_complex_amplitude boolean, created_at timestamp(6), game_id bigint, id bigint generated by default as identity, action_type varchar(255), branch_id varchar(255), collapse_trigger varchar(255), expression TEXT, owner_hero varchar(255), psi_id varchar(255) not null unique, status varchar(255) check (status in ('ACTIVE','COLLAPSED','TRIGGERED','EXPIRED')), primary key (id))
Hibernate: create table temporal_artifacts (effect_duration integer, effect_power integer, effect_radius integer, position_x integer, position_y integer, remaining_duration integer, temporal_energy_cost integer, activated_at timestamp(6), created_at timestamp(6), game_id bigint, id bigint generated by default as identity, artifact_id varchar(255) not null unique, description TEXT, name varchar(255) not null, owner_id varchar(255), status varchar(255) check (status in ('INACTIVE','ACTIVE','EXHAUSTED','DESTROYED','CHARGING')), type varchar(255) not null check (type in ('VEIL','ANCHOR_TOWER','WIGNER_EYE','TEMPORAL_SWORD','CHRONOS_SHIELD','QUANTUM_MIRROR','TEMPORAL_COMPASS','CAUSAL_DISRUPTOR')), primary key (id))
Hibernate: create table tile_occupants (tile_id bigint not null, occupant varchar(255))
Hibernate: alter table if exists game_players add constraint FKrbr2flqdav5ovyjas7q92u64r foreign key (game_id) references games
Hibernate: alter table if exists game_tiles add constraint FK9jnp7yfteauo45smvmxa8710m foreign key (game_id) references games
Hibernate: alter table if exists hero_inventory add constraint FKox21x0dd4fg7w81h3a8o6chu foreign key (hero_id) references heroes
Hibernate: alter table if exists heroes add constraint FKb88jgdc3dfmmhbnrpl6u5sjdn foreign key (game_id) references games
Hibernate: alter table if exists psi_states add constraint FK9kbp67wo94i0jk9w4v3ja4meq foreign key (game_id) references games
Hibernate: alter table if exists temporal_artifacts add constraint FK4gwvr3vnipo301cwl6hnvtyn1 foreign key (game_id) references games
Hibernate: alter table if exists tile_occupants add constraint FKia56skupqk3qxypotqpovr3gb foreign key (tile_id) references game_tiles
2025-07-19T00:20:38.949+02:00  INFO 80301 --- [  restartedMain] j.LocalContainerEntityManagerFactoryBean : Initialized JPA EntityManagerFactory for persistence unit 'default'
2025-07-19T00:20:39.266+02:00  WARN 80301 --- [  restartedMain] JpaBaseConfiguration$JpaWebConfiguration : spring.jpa.open-in-view is enabled by default. Therefore, database queries may be performed during view rendering. Explicitly configure spring.jpa.open-in-view to disable this warning
2025-07-19T00:20:39.366+02:00  INFO 80301 --- [  restartedMain] o.s.b.d.a.OptionalLiveReloadServer       : LiveReload server is running on port 35729
2025-07-19T00:20:39.373+02:00  INFO 80301 --- [  restartedMain] o.s.b.w.embedded.tomcat.TomcatWebServer  : Tomcat started on port 8080 (http) with context path ''
2025-07-19T00:20:39.375+02:00  INFO 80301 --- [  restartedMain] c.h.t.TemporalEngineApplication          : Started TemporalEngineApplication in 1.139 seconds (process running for 206.108)
2025-07-19T00:20:39.376+02:00  INFO 80301 --- [  restartedMain] .ConditionEvaluationDeltaLoggingListener : Condition evaluation unchanged
2025-07-19T00:20:41.812+02:00  INFO 80301 --- [ionShutdownHook] j.LocalContainerEntityManagerFactoryBean : Closing JPA EntityManagerFactory for persistence unit 'default'
Hibernate: drop table if exists game_players cascade 
2025-07-19T00:20:41.812+02:00  INFO 80301 --- [ionShutdownHook] org.hibernate.orm.connections.access     : HHH10001501: Connection obtained from JdbcConnectionAccess [org.hibernate.engine.jdbc.env.internal.JdbcEnvironmentInitiator$ConnectionProviderJdbcConnectionAccess@5c9d5285] for (non-JTA) DDL execution was not in auto-commit mode; the Connection 'local transaction' will be committed and the Connection will be set into auto-commit mode.
Hibernate: drop table if exists game_tiles cascade 
Hibernate: drop table if exists games cascade 
Hibernate: drop table if exists hero_inventory cascade 
Hibernate: drop table if exists heroes cascade 
Hibernate: drop table if exists psi_states cascade 
Hibernate: drop table if exists temporal_artifacts cascade 
Hibernate: drop table if exists tile_occupants cascade 
2025-07-19T00:20:41.818+02:00  INFO 80301 --- [ionShutdownHook] com.zaxxer.hikari.HikariDataSource       : HeroesOfTimePool - Shutdown initiated...
2025-07-19T00:20:41.818+02:00  INFO 80301 --- [ionShutdownHook] com.zaxxer.hikari.HikariDataSource       : HeroesOfTimePool - Shutdown completed.
