[INFO] Scanning for projects...
[INFO] 
[INFO] -----------< com.heroesoftimeporal:heroes-of-time-temporal >------------
[INFO] Building Heroes of Time - Temporal Engine 1.0.0-SNAPSHOT
[INFO] --------------------------------[ jar ]---------------------------------
[INFO] 
[INFO] >>> spring-boot-maven-plugin:3.2.0:run (default-cli) > test-compile @ heroes-of-time-temporal >>>
[INFO] 
[INFO] --- maven-resources-plugin:3.3.1:resources (default-resources) @ heroes-of-time-temporal ---
[INFO] skip non existing resourceDirectory /Users/admin/HOT/Heroes-of-Time/src/main/resources
[INFO] skip non existing resourceDirectory /Users/admin/HOT/Heroes-of-Time/src/main/resources
[INFO] 
[INFO] --- maven-compiler-plugin:3.11.0:compile (default-compile) @ heroes-of-time-temporal ---
[INFO] No sources to compile
[INFO] 
[INFO] --- maven-resources-plugin:3.3.1:testResources (default-testResources) @ heroes-of-time-temporal ---
[INFO] skip non existing resourceDirectory /Users/admin/HOT/Heroes-of-Time/src/test/resources
[INFO] 
[INFO] --- maven-compiler-plugin:3.11.0:testCompile (default-testCompile) @ heroes-of-time-temporal ---
[INFO] No sources to compile
[INFO] 
[INFO] <<< spring-boot-maven-plugin:3.2.0:run (default-cli) < test-compile @ heroes-of-time-temporal <<<
[INFO] 
[INFO] 
[INFO] --- spring-boot-maven-plugin:3.2.0:run (default-cli) @ heroes-of-time-temporal ---
[INFO] ------------------------------------------------------------------------
[INFO] BUILD FAILURE
[INFO] ------------------------------------------------------------------------
[INFO] Total time:  0.647 s
[INFO] Finished at: 2025-07-21T09:52:25+02:00
[INFO] ------------------------------------------------------------------------
[ERROR] Failed to execute goal org.springframework.boot:spring-boot-maven-plugin:3.2.0:run (default-cli) on project heroes-of-time-temporal: Unable to find a suitable main class, please add a 'mainClass' property -> [Help 1]
[ERROR] 
[ERROR] To see the full stack trace of the errors, re-run Maven with the -e switch.
[ERROR] Re-run Maven using the -X switch to enable full debug logging.
[ERROR] 
[ERROR] For more information about the errors and possible solutions, please read the following articles:
[ERROR] [Help 1] http://cwiki.apache.org/confluence/display/MAVEN/MojoExecutionException
